{"C:\\Githhub\\VoiceFlow-PRO\\VoiceFlow-PRO\\apps\\desktop\\src\\App.tsx": {"path":"C:\\Githhub\\VoiceFlow-PRO\\VoiceFlow-PRO\\apps\\desktop\\src\\App.tsx","statementMap":{"0":{"start":{"line":72,"column":22},"end":{"line":958,"column":null}},"1":{"start":{"line":73,"column":36},"end":{"line":73,"column":null}},"2":{"start":{"line":74,"column":38},"end":{"line":74,"column":null}},"3":{"start":{"line":75,"column":34},"end":{"line":75,"column":null}},"4":{"start":{"line":76,"column":30},"end":{"line":76,"column":null}},"5":{"start":{"line":77,"column":30},"end":{"line":77,"column":null}},"6":{"start":{"line":78,"column":28},"end":{"line":78,"column":null}},"7":{"start":{"line":79,"column":24},"end":{"line":79,"column":null}},"8":{"start":{"line":80,"column":50},"end":{"line":80,"column":null}},"9":{"start":{"line":81,"column":38},"end":{"line":81,"column":null}},"10":{"start":{"line":82,"column":36},"end":{"line":82,"column":null}},"11":{"start":{"line":83,"column":46},"end":{"line":84,"column":null}},"12":{"start":{"line":85,"column":34},"end":{"line":85,"column":null}},"13":{"start":{"line":88,"column":8},"end":{"line":88,"column":null}},"14":{"start":{"line":89,"column":48},"end":{"line":89,"column":null}},"15":{"start":{"line":92,"column":60},"end":{"line":92,"column":null}},"16":{"start":{"line":93,"column":68},"end":{"line":94,"column":null}},"17":{"start":{"line":97,"column":27},"end":{"line":97,"column":null}},"18":{"start":{"line":98,"column":31},"end":{"line":100,"column":null}},"19":{"start":{"line":103,"column":36},"end":{"line":103,"column":null}},"20":{"start":{"line":106,"column":2},"end":{"line":116,"column":null}},"21":{"start":{"line":107,"column":26},"end":{"line":112,"column":null}},"22":{"start":{"line":108,"column":6},"end":{"line":111,"column":null}},"23":{"start":{"line":109,"column":8},"end":{"line":109,"column":null}},"24":{"start":{"line":110,"column":8},"end":{"line":110,"column":null}},"25":{"start":{"line":110,"column":33},"end":{"line":110,"column":38}},"26":{"start":{"line":114,"column":4},"end":{"line":114,"column":null}},"27":{"start":{"line":115,"column":4},"end":{"line":115,"column":null}},"28":{"start":{"line":115,"column":17},"end":{"line":115,"column":null}},"29":{"start":{"line":119,"column":2},"end":{"line":154,"column":null}},"30":{"start":{"line":120,"column":26},"end":{"line":151,"column":null}},"31":{"start":{"line":121,"column":6},"end":{"line":150,"column":null}},"32":{"start":{"line":123,"column":8},"end":{"line":123,"column":null}},"33":{"start":{"line":124,"column":8},"end":{"line":124,"column":null}},"34":{"start":{"line":127,"column":55},"end":{"line":131,"column":null}},"35":{"start":{"line":134,"column":8},"end":{"line":136,"column":null}},"36":{"start":{"line":135,"column":10},"end":{"line":135,"column":null}},"37":{"start":{"line":138,"column":8},"end":{"line":138,"column":null}},"38":{"start":{"line":139,"column":8},"end":{"line":139,"column":null}},"39":{"start":{"line":140,"column":8},"end":{"line":140,"column":null}},"40":{"start":{"line":143,"column":8},"end":{"line":143,"column":null}},"41":{"start":{"line":145,"column":8},"end":{"line":145,"column":null}},"42":{"start":{"line":147,"column":8},"end":{"line":147,"column":null}},"43":{"start":{"line":148,"column":8},"end":{"line":148,"column":null}},"44":{"start":{"line":149,"column":8},"end":{"line":149,"column":null}},"45":{"start":{"line":153,"column":4},"end":{"line":153,"column":null}},"46":{"start":{"line":157,"column":2},"end":{"line":258,"column":null}},"47":{"start":{"line":158,"column":44},"end":{"line":158,"column":null}},"48":{"start":{"line":160,"column":32},"end":{"line":251,"column":null}},"49":{"start":{"line":161,"column":6},"end":{"line":250,"column":null}},"50":{"start":{"line":163,"column":8},"end":{"line":171,"column":null}},"51":{"start":{"line":165,"column":27},"end":{"line":165,"column":null}},"52":{"start":{"line":166,"column":12},"end":{"line":166,"column":null}},"53":{"start":{"line":167,"column":12},"end":{"line":169,"column":null}},"54":{"start":{"line":168,"column":14},"end":{"line":168,"column":null}},"55":{"start":{"line":174,"column":8},"end":{"line":193,"column":null}},"56":{"start":{"line":176,"column":35},"end":{"line":176,"column":null}},"57":{"start":{"line":177,"column":12},"end":{"line":177,"column":null}},"58":{"start":{"line":178,"column":12},"end":{"line":178,"column":null}},"59":{"start":{"line":181,"column":12},"end":{"line":191,"column":null}},"60":{"start":{"line":182,"column":14},"end":{"line":190,"column":null}},"61":{"start":{"line":183,"column":16},"end":{"line":185,"column":null}},"62":{"start":{"line":187,"column":16},"end":{"line":187,"column":null}},"63":{"start":{"line":189,"column":16},"end":{"line":189,"column":null}},"64":{"start":{"line":196,"column":8},"end":{"line":202,"column":null}},"65":{"start":{"line":198,"column":33},"end":{"line":198,"column":null}},"66":{"start":{"line":199,"column":12},"end":{"line":199,"column":null}},"67":{"start":{"line":200,"column":12},"end":{"line":200,"column":null}},"68":{"start":{"line":205,"column":8},"end":{"line":211,"column":null}},"69":{"start":{"line":207,"column":28},"end":{"line":207,"column":null}},"70":{"start":{"line":209,"column":12},"end":{"line":209,"column":null}},"71":{"start":{"line":214,"column":8},"end":{"line":219,"column":null}},"72":{"start":{"line":216,"column":27},"end":{"line":216,"column":null}},"73":{"start":{"line":217,"column":12},"end":{"line":217,"column":null}},"74":{"start":{"line":222,"column":8},"end":{"line":246,"column":null}},"75":{"start":{"line":224,"column":12},"end":{"line":244,"column":null}},"76":{"start":{"line":226,"column":14},"end":{"line":231,"column":null}},"77":{"start":{"line":227,"column":16},"end":{"line":227,"column":null}},"78":{"start":{"line":228,"column":16},"end":{"line":228,"column":null}},"79":{"start":{"line":230,"column":16},"end":{"line":230,"column":null}},"80":{"start":{"line":234,"column":14},"end":{"line":243,"column":null}},"81":{"start":{"line":235,"column":16},"end":{"line":235,"column":null}},"82":{"start":{"line":236,"column":16},"end":{"line":236,"column":null}},"83":{"start":{"line":238,"column":16},"end":{"line":240,"column":null}},"84":{"start":{"line":239,"column":18},"end":{"line":239,"column":null}},"85":{"start":{"line":242,"column":16},"end":{"line":242,"column":null}},"86":{"start":{"line":248,"column":8},"end":{"line":248,"column":null}},"87":{"start":{"line":249,"column":8},"end":{"line":249,"column":null}},"88":{"start":{"line":253,"column":4},"end":{"line":253,"column":null}},"89":{"start":{"line":255,"column":4},"end":{"line":257,"column":null}},"90":{"start":{"line":256,"column":6},"end":{"line":256,"column":null}},"91":{"start":{"line":256,"column":46},"end":{"line":256,"column":56}},"92":{"start":{"line":260,"column":8},"end":{"line":277,"column":null}},"93":{"start":{"line":262,"column":6},"end":{"line":274,"column":null}},"94":{"start":{"line":264,"column":10},"end":{"line":264,"column":null}},"95":{"start":{"line":265,"column":10},"end":{"line":265,"column":null}},"96":{"start":{"line":267,"column":10},"end":{"line":267,"column":null}},"97":{"start":{"line":268,"column":10},"end":{"line":268,"column":null}},"98":{"start":{"line":270,"column":10},"end":{"line":270,"column":null}},"99":{"start":{"line":271,"column":10},"end":{"line":271,"column":null}},"100":{"start":{"line":273,"column":10},"end":{"line":273,"column":null}},"101":{"start":{"line":280,"column":31},"end":{"line":357,"column":null}},"102":{"start":{"line":281,"column":4},"end":{"line":283,"column":null}},"103":{"start":{"line":282,"column":6},"end":{"line":282,"column":null}},"104":{"start":{"line":285,"column":24},"end":{"line":285,"column":null}},"105":{"start":{"line":288,"column":48},"end":{"line":329,"column":null}},"106":{"start":{"line":332,"column":4},"end":{"line":335,"column":null}},"107":{"start":{"line":333,"column":20},"end":{"line":333,"column":null}},"108":{"start":{"line":334,"column":6},"end":{"line":334,"column":null}},"109":{"start":{"line":338,"column":4},"end":{"line":347,"column":null}},"110":{"start":{"line":339,"column":6},"end":{"line":339,"column":null}},"111":{"start":{"line":341,"column":6},"end":{"line":345,"column":null}},"112":{"start":{"line":342,"column":22},"end":{"line":342,"column":null}},"113":{"start":{"line":343,"column":8},"end":{"line":343,"column":null}},"114":{"start":{"line":344,"column":8},"end":{"line":344,"column":null}},"115":{"start":{"line":346,"column":6},"end":{"line":346,"column":null}},"116":{"start":{"line":350,"column":4},"end":{"line":354,"column":null}},"117":{"start":{"line":352,"column":6},"end":{"line":352,"column":null}},"118":{"start":{"line":353,"column":6},"end":{"line":353,"column":null}},"119":{"start":{"line":356,"column":4},"end":{"line":356,"column":null}},"120":{"start":{"line":360,"column":2},"end":{"line":418,"column":null}},"121":{"start":{"line":363,"column":7},"end":{"line":364,"column":null}},"122":{"start":{"line":366,"column":4},"end":{"line":417,"column":null}},"123":{"start":{"line":367,"column":26},"end":{"line":367,"column":null}},"124":{"start":{"line":368,"column":6},"end":{"line":368,"column":null}},"125":{"start":{"line":369,"column":6},"end":{"line":369,"column":null}},"126":{"start":{"line":370,"column":6},"end":{"line":370,"column":null}},"127":{"start":{"line":372,"column":6},"end":{"line":375,"column":null}},"128":{"start":{"line":373,"column":8},"end":{"line":373,"column":null}},"129":{"start":{"line":374,"column":8},"end":{"line":374,"column":null}},"130":{"start":{"line":377,"column":6},"end":{"line":399,"column":null}},"131":{"start":{"line":378,"column":26},"end":{"line":378,"column":null}},"132":{"start":{"line":379,"column":24},"end":{"line":379,"column":null}},"133":{"start":{"line":381,"column":8},"end":{"line":389,"column":null}},"134":{"start":{"line":381,"column":21},"end":{"line":381,"column":40}},"135":{"start":{"line":382,"column":25},"end":{"line":382,"column":null}},"136":{"start":{"line":383,"column":10},"end":{"line":388,"column":null}},"137":{"start":{"line":384,"column":12},"end":{"line":384,"column":null}},"138":{"start":{"line":385,"column":12},"end":{"line":385,"column":null}},"139":{"start":{"line":387,"column":12},"end":{"line":387,"column":null}},"140":{"start":{"line":391,"column":8},"end":{"line":398,"column":null}},"141":{"start":{"line":393,"column":32},"end":{"line":393,"column":null}},"142":{"start":{"line":394,"column":10},"end":{"line":394,"column":null}},"143":{"start":{"line":394,"column":34},"end":{"line":394,"column":74}},"144":{"start":{"line":395,"column":10},"end":{"line":395,"column":null}},"145":{"start":{"line":397,"column":10},"end":{"line":397,"column":null}},"146":{"start":{"line":401,"column":6},"end":{"line":407,"column":null}},"147":{"start":{"line":402,"column":8},"end":{"line":402,"column":null}},"148":{"start":{"line":403,"column":8},"end":{"line":405,"column":null}},"149":{"start":{"line":404,"column":10},"end":{"line":404,"column":null}},"150":{"start":{"line":406,"column":8},"end":{"line":406,"column":null}},"151":{"start":{"line":409,"column":6},"end":{"line":412,"column":null}},"152":{"start":{"line":410,"column":8},"end":{"line":410,"column":null}},"153":{"start":{"line":411,"column":8},"end":{"line":411,"column":null}},"154":{"start":{"line":414,"column":6},"end":{"line":414,"column":null}},"155":{"start":{"line":416,"column":6},"end":{"line":416,"column":null}},"156":{"start":{"line":420,"column":25},"end":{"line":438,"column":null}},"157":{"start":{"line":421,"column":4},"end":{"line":437,"column":null}},"158":{"start":{"line":422,"column":6},"end":{"line":422,"column":null}},"159":{"start":{"line":425,"column":6},"end":{"line":430,"column":null}},"160":{"start":{"line":426,"column":8},"end":{"line":426,"column":null}},"161":{"start":{"line":427,"column":8},"end":{"line":427,"column":null}},"162":{"start":{"line":429,"column":8},"end":{"line":429,"column":null}},"163":{"start":{"line":432,"column":6},"end":{"line":432,"column":null}},"164":{"start":{"line":433,"column":6},"end":{"line":436,"column":null}},"165":{"start":{"line":440,"column":24},"end":{"line":451,"column":null}},"166":{"start":{"line":441,"column":4},"end":{"line":450,"column":null}},"167":{"start":{"line":443,"column":6},"end":{"line":445,"column":null}},"168":{"start":{"line":444,"column":8},"end":{"line":444,"column":null}},"169":{"start":{"line":446,"column":6},"end":{"line":446,"column":null}},"170":{"start":{"line":448,"column":6},"end":{"line":448,"column":null}},"171":{"start":{"line":449,"column":6},"end":{"line":449,"column":null}},"172":{"start":{"line":453,"column":28},"end":{"line":471,"column":null}},"173":{"start":{"line":454,"column":4},"end":{"line":470,"column":null}},"174":{"start":{"line":455,"column":6},"end":{"line":455,"column":null}},"175":{"start":{"line":456,"column":6},"end":{"line":456,"column":null}},"176":{"start":{"line":458,"column":21},"end":{"line":460,"column":null}},"177":{"start":{"line":462,"column":6},"end":{"line":462,"column":null}},"178":{"start":{"line":463,"column":6},"end":{"line":463,"column":null}},"179":{"start":{"line":464,"column":6},"end":{"line":464,"column":null}},"180":{"start":{"line":465,"column":6},"end":{"line":465,"column":null}},"181":{"start":{"line":467,"column":6},"end":{"line":467,"column":null}},"182":{"start":{"line":468,"column":6},"end":{"line":468,"column":null}},"183":{"start":{"line":469,"column":6},"end":{"line":469,"column":null}},"184":{"start":{"line":473,"column":26},"end":{"line":479,"column":null}},"185":{"start":{"line":474,"column":4},"end":{"line":478,"column":null}},"186":{"start":{"line":475,"column":6},"end":{"line":475,"column":null}},"187":{"start":{"line":477,"column":6},"end":{"line":477,"column":null}},"188":{"start":{"line":481,"column":23},"end":{"line":483,"column":null}},"189":{"start":{"line":482,"column":4},"end":{"line":482,"column":null}},"190":{"start":{"line":485,"column":26},"end":{"line":492,"column":null}},"191":{"start":{"line":486,"column":4},"end":{"line":491,"column":null}},"192":{"start":{"line":487,"column":6},"end":{"line":487,"column":null}},"193":{"start":{"line":490,"column":6},"end":{"line":490,"column":null}},"194":{"start":{"line":494,"column":27},"end":{"line":506,"column":null}},"195":{"start":{"line":495,"column":20},"end":{"line":495,"column":null}},"196":{"start":{"line":497,"column":17},"end":{"line":497,"column":null}},"197":{"start":{"line":498,"column":16},"end":{"line":498,"column":null}},"198":{"start":{"line":499,"column":14},"end":{"line":499,"column":null}},"199":{"start":{"line":500,"column":4},"end":{"line":500,"column":null}},"200":{"start":{"line":501,"column":4},"end":{"line":501,"column":null}},"201":{"start":{"line":502,"column":4},"end":{"line":502,"column":null}},"202":{"start":{"line":503,"column":4},"end":{"line":503,"column":null}},"203":{"start":{"line":504,"column":4},"end":{"line":504,"column":null}},"204":{"start":{"line":505,"column":4},"end":{"line":505,"column":null}},"205":{"start":{"line":508,"column":2},"end":{"line":956,"column":null}},"206":{"start":{"line":556,"column":27},"end":{"line":556,"column":null}},"207":{"start":{"line":563,"column":27},"end":{"line":563,"column":null}},"208":{"start":{"line":570,"column":27},"end":{"line":570,"column":null}},"209":{"start":{"line":606,"column":16},"end":{"line":609,"column":null}},"210":{"start":{"line":624,"column":14},"end":{"line":626,"column":null}},"211":{"start":{"line":716,"column":20},"end":{"line":724,"column":null}},"212":{"start":{"line":717,"column":22},"end":{"line":723,"column":null}},"213":{"start":{"line":739,"column":20},"end":{"line":747,"column":null}},"214":{"start":{"line":740,"column":22},"end":{"line":746,"column":null}},"215":{"start":{"line":758,"column":31},"end":{"line":758,"column":null}},"216":{"start":{"line":770,"column":41},"end":{"line":770,"column":68}},"217":{"start":{"line":832,"column":29},"end":{"line":832,"column":null}},"218":{"start":{"line":851,"column":55},"end":{"line":851,"column":77}},"219":{"start":{"line":869,"column":31},"end":{"line":869,"column":null}},"220":{"start":{"line":936,"column":23},"end":{"line":936,"column":null}},"221":{"start":{"line":942,"column":25},"end":{"line":942,"column":null}}},"fnMap":{"0":{"name":"(anonymous_0)","decl":{"start":{"line":72,"column":22},"end":{"line":72,"column":28}},"loc":{"start":{"line":72,"column":28},"end":{"line":958,"column":null}},"line":72},"1":{"name":"(anonymous_1)","decl":{"start":{"line":106,"column":12},"end":{"line":106,"column":18}},"loc":{"start":{"line":106,"column":18},"end":{"line":116,"column":5}},"line":106},"2":{"name":"(anonymous_2)","decl":{"start":{"line":107,"column":26},"end":{"line":107,"column":27}},"loc":{"start":{"line":107,"column":48},"end":{"line":112,"column":null}},"line":107},"3":{"name":"(anonymous_3)","decl":{"start":{"line":110,"column":23},"end":{"line":110,"column":24}},"loc":{"start":{"line":110,"column":33},"end":{"line":110,"column":38}},"line":110},"4":{"name":"(anonymous_4)","decl":{"start":{"line":115,"column":11},"end":{"line":115,"column":17}},"loc":{"start":{"line":115,"column":17},"end":{"line":115,"column":null}},"line":115},"5":{"name":"(anonymous_5)","decl":{"start":{"line":119,"column":12},"end":{"line":119,"column":18}},"loc":{"start":{"line":119,"column":18},"end":{"line":154,"column":5}},"line":119},"6":{"name":"(anonymous_6)","decl":{"start":{"line":120,"column":26},"end":{"line":120,"column":38}},"loc":{"start":{"line":120,"column":38},"end":{"line":151,"column":null}},"line":120},"7":{"name":"(anonymous_7)","decl":{"start":{"line":157,"column":12},"end":{"line":157,"column":18}},"loc":{"start":{"line":157,"column":18},"end":{"line":258,"column":5}},"line":157},"8":{"name":"(anonymous_8)","decl":{"start":{"line":160,"column":32},"end":{"line":160,"column":44}},"loc":{"start":{"line":160,"column":44},"end":{"line":251,"column":null}},"line":160},"9":{"name":"(anonymous_9)","decl":{"start":{"line":164,"column":39},"end":{"line":164,"column":40}},"loc":{"start":{"line":164,"column":50},"end":{"line":170,"column":11}},"line":164},"10":{"name":"(anonymous_10)","decl":{"start":{"line":175,"column":44},"end":{"line":175,"column":51}},"loc":{"start":{"line":175,"column":61},"end":{"line":192,"column":11}},"line":175},"11":{"name":"(anonymous_11)","decl":{"start":{"line":197,"column":41},"end":{"line":197,"column":42}},"loc":{"start":{"line":197,"column":52},"end":{"line":201,"column":11}},"line":197},"12":{"name":"(anonymous_12)","decl":{"start":{"line":206,"column":40},"end":{"line":206,"column":41}},"loc":{"start":{"line":206,"column":51},"end":{"line":210,"column":11}},"line":206},"13":{"name":"(anonymous_13)","decl":{"start":{"line":215,"column":38},"end":{"line":215,"column":39}},"loc":{"start":{"line":215,"column":49},"end":{"line":218,"column":11}},"line":215},"14":{"name":"(anonymous_14)","decl":{"start":{"line":223,"column":50},"end":{"line":223,"column":62}},"loc":{"start":{"line":223,"column":62},"end":{"line":245,"column":11}},"line":223},"15":{"name":"(anonymous_15)","decl":{"start":{"line":255,"column":11},"end":{"line":255,"column":17}},"loc":{"start":{"line":255,"column":17},"end":{"line":257,"column":null}},"line":255},"16":{"name":"(anonymous_16)","decl":{"start":{"line":256,"column":32},"end":{"line":256,"column":33}},"loc":{"start":{"line":256,"column":46},"end":{"line":256,"column":56}},"line":256},"17":{"name":"(anonymous_17)","decl":{"start":{"line":261,"column":4},"end":{"line":261,"column":11}},"loc":{"start":{"line":261,"column":30},"end":{"line":275,"column":null}},"line":261},"18":{"name":"(anonymous_18)","decl":{"start":{"line":280,"column":31},"end":{"line":280,"column":32}},"loc":{"start":{"line":280,"column":57},"end":{"line":357,"column":null}},"line":280},"19":{"name":"(anonymous_19)","decl":{"start":{"line":341,"column":20},"end":{"line":341,"column":21}},"loc":{"start":{"line":341,"column":30},"end":{"line":345,"column":7}},"line":341},"20":{"name":"(anonymous_20)","decl":{"start":{"line":360,"column":12},"end":{"line":360,"column":18}},"loc":{"start":{"line":360,"column":18},"end":{"line":418,"column":5}},"line":360},"21":{"name":"(anonymous_21)","decl":{"start":{"line":372,"column":28},"end":{"line":372,"column":34}},"loc":{"start":{"line":372,"column":34},"end":{"line":375,"column":null}},"line":372},"22":{"name":"(anonymous_22)","decl":{"start":{"line":377,"column":29},"end":{"line":377,"column":30}},"loc":{"start":{"line":377,"column":45},"end":{"line":399,"column":null}},"line":377},"23":{"name":"(anonymous_23)","decl":{"start":{"line":394,"column":24},"end":{"line":394,"column":25}},"loc":{"start":{"line":394,"column":34},"end":{"line":394,"column":74}},"line":394},"24":{"name":"(anonymous_24)","decl":{"start":{"line":401,"column":28},"end":{"line":401,"column":29}},"loc":{"start":{"line":401,"column":44},"end":{"line":407,"column":null}},"line":401},"25":{"name":"(anonymous_25)","decl":{"start":{"line":409,"column":26},"end":{"line":409,"column":32}},"loc":{"start":{"line":409,"column":32},"end":{"line":412,"column":null}},"line":409},"26":{"name":"(anonymous_26)","decl":{"start":{"line":420,"column":25},"end":{"line":420,"column":37}},"loc":{"start":{"line":420,"column":37},"end":{"line":438,"column":null}},"line":420},"27":{"name":"(anonymous_27)","decl":{"start":{"line":440,"column":24},"end":{"line":440,"column":36}},"loc":{"start":{"line":440,"column":36},"end":{"line":451,"column":null}},"line":440},"28":{"name":"(anonymous_28)","decl":{"start":{"line":453,"column":28},"end":{"line":453,"column":35}},"loc":{"start":{"line":453,"column":62},"end":{"line":471,"column":null}},"line":453},"29":{"name":"(anonymous_29)","decl":{"start":{"line":473,"column":26},"end":{"line":473,"column":38}},"loc":{"start":{"line":473,"column":38},"end":{"line":479,"column":null}},"line":473},"30":{"name":"(anonymous_30)","decl":{"start":{"line":481,"column":23},"end":{"line":481,"column":29}},"loc":{"start":{"line":481,"column":29},"end":{"line":483,"column":null}},"line":481},"31":{"name":"(anonymous_31)","decl":{"start":{"line":485,"column":26},"end":{"line":485,"column":33}},"loc":{"start":{"line":485,"column":50},"end":{"line":492,"column":null}},"line":485},"32":{"name":"(anonymous_32)","decl":{"start":{"line":494,"column":27},"end":{"line":494,"column":33}},"loc":{"start":{"line":494,"column":33},"end":{"line":506,"column":null}},"line":494},"33":{"name":"(anonymous_33)","decl":{"start":{"line":556,"column":21},"end":{"line":556,"column":27}},"loc":{"start":{"line":556,"column":27},"end":{"line":556,"column":null}},"line":556},"34":{"name":"(anonymous_34)","decl":{"start":{"line":563,"column":21},"end":{"line":563,"column":27}},"loc":{"start":{"line":563,"column":27},"end":{"line":563,"column":null}},"line":563},"35":{"name":"(anonymous_35)","decl":{"start":{"line":570,"column":21},"end":{"line":570,"column":27}},"loc":{"start":{"line":570,"column":27},"end":{"line":570,"column":null}},"line":570},"36":{"name":"(anonymous_36)","decl":{"start":{"line":605,"column":34},"end":{"line":605,"column":35}},"loc":{"start":{"line":606,"column":16},"end":{"line":609,"column":null}},"line":606},"37":{"name":"(anonymous_37)","decl":{"start":{"line":623,"column":48},"end":{"line":623,"column":49}},"loc":{"start":{"line":624,"column":14},"end":{"line":626,"column":null}},"line":624},"38":{"name":"(anonymous_38)","decl":{"start":{"line":715,"column":28},"end":{"line":715,"column":29}},"loc":{"start":{"line":715,"column":35},"end":{"line":725,"column":null}},"line":715},"39":{"name":"(anonymous_39)","decl":{"start":{"line":738,"column":28},"end":{"line":738,"column":29}},"loc":{"start":{"line":738,"column":35},"end":{"line":748,"column":null}},"line":738},"40":{"name":"(anonymous_40)","decl":{"start":{"line":758,"column":25},"end":{"line":758,"column":31}},"loc":{"start":{"line":758,"column":31},"end":{"line":758,"column":null}},"line":758},"41":{"name":"(anonymous_41)","decl":{"start":{"line":770,"column":35},"end":{"line":770,"column":41}},"loc":{"start":{"line":770,"column":41},"end":{"line":770,"column":68}},"line":770},"42":{"name":"(anonymous_42)","decl":{"start":{"line":832,"column":23},"end":{"line":832,"column":29}},"loc":{"start":{"line":832,"column":29},"end":{"line":832,"column":null}},"line":832},"43":{"name":"(anonymous_43)","decl":{"start":{"line":851,"column":49},"end":{"line":851,"column":55}},"loc":{"start":{"line":851,"column":55},"end":{"line":851,"column":77}},"line":851},"44":{"name":"(anonymous_44)","decl":{"start":{"line":869,"column":25},"end":{"line":869,"column":31}},"loc":{"start":{"line":869,"column":31},"end":{"line":869,"column":null}},"line":869},"45":{"name":"(anonymous_45)","decl":{"start":{"line":936,"column":17},"end":{"line":936,"column":23}},"loc":{"start":{"line":936,"column":23},"end":{"line":936,"column":null}},"line":936},"46":{"name":"(anonymous_46)","decl":{"start":{"line":942,"column":19},"end":{"line":942,"column":25}},"loc":{"start":{"line":942,"column":25},"end":{"line":942,"column":null}},"line":942}},"branchMap":{"0":{"loc":{"start":{"line":108,"column":6},"end":{"line":111,"column":null}},"type":"if","locations":[{"start":{"line":108,"column":6},"end":{"line":111,"column":null}},{"start":{},"end":{}}],"line":108},"1":{"loc":{"start":{"line":108,"column":10},"end":{"line":108,"column":52}},"type":"binary-expr","locations":[{"start":{"line":108,"column":10},"end":{"line":108,"column":23}},{"start":{"line":108,"column":23},"end":{"line":108,"column":37}},{"start":{"line":108,"column":37},"end":{"line":108,"column":52}}],"line":108},"2":{"loc":{"start":{"line":134,"column":8},"end":{"line":136,"column":null}},"type":"if","locations":[{"start":{"line":134,"column":8},"end":{"line":136,"column":null}},{"start":{},"end":{}}],"line":134},"3":{"loc":{"start":{"line":167,"column":12},"end":{"line":169,"column":null}},"type":"if","locations":[{"start":{"line":167,"column":12},"end":{"line":169,"column":null}},{"start":{},"end":{}}],"line":167},"4":{"loc":{"start":{"line":181,"column":12},"end":{"line":191,"column":null}},"type":"if","locations":[{"start":{"line":181,"column":12},"end":{"line":191,"column":null}},{"start":{},"end":{}}],"line":181},"5":{"loc":{"start":{"line":224,"column":12},"end":{"line":244,"column":null}},"type":"if","locations":[{"start":{"line":224,"column":12},"end":{"line":244,"column":null}},{"start":{"line":232,"column":19},"end":{"line":244,"column":null}}],"line":224},"6":{"loc":{"start":{"line":238,"column":16},"end":{"line":240,"column":null}},"type":"if","locations":[{"start":{"line":238,"column":16},"end":{"line":240,"column":null}},{"start":{},"end":{}}],"line":238},"7":{"loc":{"start":{"line":262,"column":6},"end":{"line":274,"column":null}},"type":"switch","locations":[{"start":{"line":263,"column":8},"end":{"line":265,"column":null}},{"start":{"line":266,"column":8},"end":{"line":268,"column":null}},{"start":{"line":269,"column":8},"end":{"line":271,"column":null}},{"start":{"line":272,"column":8},"end":{"line":273,"column":null}}],"line":262},"8":{"loc":{"start":{"line":281,"column":4},"end":{"line":283,"column":null}},"type":"if","locations":[{"start":{"line":281,"column":4},"end":{"line":283,"column":null}},{"start":{},"end":{}}],"line":281},"9":{"loc":{"start":{"line":338,"column":4},"end":{"line":347,"column":null}},"type":"if","locations":[{"start":{"line":338,"column":4},"end":{"line":347,"column":null}},{"start":{},"end":{}}],"line":338},"10":{"loc":{"start":{"line":350,"column":4},"end":{"line":354,"column":null}},"type":"if","locations":[{"start":{"line":350,"column":4},"end":{"line":354,"column":null}},{"start":{},"end":{}}],"line":350},"11":{"loc":{"start":{"line":363,"column":7},"end":{"line":364,"column":null}},"type":"binary-expr","locations":[{"start":{"line":363,"column":7},"end":{"line":363,"column":null}},{"start":{"line":364,"column":7},"end":{"line":364,"column":null}}],"line":363},"12":{"loc":{"start":{"line":366,"column":4},"end":{"line":417,"column":null}},"type":"if","locations":[{"start":{"line":366,"column":4},"end":{"line":417,"column":null}},{"start":{"line":415,"column":11},"end":{"line":417,"column":null}}],"line":366},"13":{"loc":{"start":{"line":370,"column":25},"end":{"line":370,"column":null}},"type":"binary-expr","locations":[{"start":{"line":370,"column":25},"end":{"line":370,"column":47}},{"start":{"line":370,"column":47},"end":{"line":370,"column":null}}],"line":370},"14":{"loc":{"start":{"line":383,"column":10},"end":{"line":388,"column":null}},"type":"if","locations":[{"start":{"line":383,"column":10},"end":{"line":388,"column":null}},{"start":{"line":386,"column":17},"end":{"line":388,"column":null}}],"line":383},"15":{"loc":{"start":{"line":385,"column":26},"end":{"line":385,"column":53}},"type":"binary-expr","locations":[{"start":{"line":385,"column":26},"end":{"line":385,"column":50}},{"start":{"line":385,"column":50},"end":{"line":385,"column":53}}],"line":385},"16":{"loc":{"start":{"line":391,"column":8},"end":{"line":398,"column":null}},"type":"if","locations":[{"start":{"line":391,"column":8},"end":{"line":398,"column":null}},{"start":{"line":396,"column":15},"end":{"line":398,"column":null}}],"line":391},"17":{"loc":{"start":{"line":394,"column":42},"end":{"line":394,"column":61}},"type":"cond-expr","locations":[{"start":{"line":394,"column":49},"end":{"line":394,"column":55}},{"start":{"line":394,"column":55},"end":{"line":394,"column":61}}],"line":394},"18":{"loc":{"start":{"line":403,"column":8},"end":{"line":405,"column":null}},"type":"if","locations":[{"start":{"line":403,"column":8},"end":{"line":405,"column":null}},{"start":{},"end":{}}],"line":403},"19":{"loc":{"start":{"line":425,"column":6},"end":{"line":430,"column":null}},"type":"if","locations":[{"start":{"line":425,"column":6},"end":{"line":430,"column":null}},{"start":{"line":428,"column":13},"end":{"line":430,"column":null}}],"line":425},"20":{"loc":{"start":{"line":435,"column":11},"end":{"line":435,"column":null}},"type":"cond-expr","locations":[{"start":{"line":435,"column":34},"end":{"line":435,"column":48}},{"start":{"line":435,"column":48},"end":{"line":435,"column":null}}],"line":435},"21":{"loc":{"start":{"line":443,"column":6},"end":{"line":445,"column":null}},"type":"if","locations":[{"start":{"line":443,"column":6},"end":{"line":445,"column":null}},{"start":{},"end":{}}],"line":443},"22":{"loc":{"start":{"line":474,"column":4},"end":{"line":478,"column":null}},"type":"if","locations":[{"start":{"line":474,"column":4},"end":{"line":478,"column":null}},{"start":{"line":476,"column":11},"end":{"line":478,"column":null}}],"line":474},"23":{"loc":{"start":{"line":524,"column":11},"end":{"line":529,"column":null}},"type":"binary-expr","locations":[{"start":{"line":524,"column":11},"end":{"line":524,"column":null}},{"start":{"line":525,"column":12},"end":{"line":529,"column":null}}],"line":524},"24":{"loc":{"start":{"line":534,"column":45},"end":{"line":534,"column":75}},"type":"cond-expr","locations":[{"start":{"line":534,"column":59},"end":{"line":534,"column":73}},{"start":{"line":534,"column":73},"end":{"line":534,"column":75}}],"line":534},"25":{"loc":{"start":{"line":538,"column":40},"end":{"line":538,"column":65}},"type":"cond-expr","locations":[{"start":{"line":538,"column":54},"end":{"line":538,"column":60}},{"start":{"line":538,"column":60},"end":{"line":538,"column":65}}],"line":538},"26":{"loc":{"start":{"line":540,"column":15},"end":{"line":540,"column":null}},"type":"cond-expr","locations":[{"start":{"line":540,"column":29},"end":{"line":540,"column":48}},{"start":{"line":540,"column":48},"end":{"line":540,"column":null}}],"line":540},"27":{"loc":{"start":{"line":555,"column":42},"end":{"line":555,"column":69}},"type":"cond-expr","locations":[{"start":{"line":555,"column":56},"end":{"line":555,"column":67}},{"start":{"line":555,"column":67},"end":{"line":555,"column":69}}],"line":555},"28":{"loc":{"start":{"line":589,"column":43},"end":{"line":589,"column":70}},"type":"cond-expr","locations":[{"start":{"line":589,"column":57},"end":{"line":589,"column":68}},{"start":{"line":589,"column":68},"end":{"line":589,"column":70}}],"line":589},"29":{"loc":{"start":{"line":589,"column":74},"end":{"line":589,"column":94}},"type":"cond-expr","locations":[{"start":{"line":589,"column":82},"end":{"line":589,"column":92}},{"start":{"line":589,"column":92},"end":{"line":589,"column":94}}],"line":589},"30":{"loc":{"start":{"line":593,"column":15},"end":{"line":599,"column":null}},"type":"cond-expr","locations":[{"start":{"line":594,"column":18},"end":{"line":594,"column":null}},{"start":{"line":595,"column":18},"end":{"line":599,"column":null}}],"line":593},"31":{"loc":{"start":{"line":595,"column":18},"end":{"line":599,"column":null}},"type":"cond-expr","locations":[{"start":{"line":596,"column":20},"end":{"line":596,"column":null}},{"start":{"line":597,"column":20},"end":{"line":599,"column":null}}],"line":595},"32":{"loc":{"start":{"line":597,"column":20},"end":{"line":599,"column":null}},"type":"cond-expr","locations":[{"start":{"line":598,"column":22},"end":{"line":598,"column":null}},{"start":{"line":599,"column":22},"end":{"line":599,"column":null}}],"line":597},"33":{"loc":{"start":{"line":608,"column":42},"end":{"line":608,"column":78}},"type":"cond-expr","locations":[{"start":{"line":608,"column":65},"end":{"line":608,"column":76}},{"start":{"line":608,"column":76},"end":{"line":608,"column":78}}],"line":608},"34":{"loc":{"start":{"line":608,"column":42},"end":{"line":608,"column":65}},"type":"binary-expr","locations":[{"start":{"line":608,"column":42},"end":{"line":608,"column":57}},{"start":{"line":608,"column":57},"end":{"line":608,"column":65}}],"line":608},"35":{"loc":{"start":{"line":620,"column":19},"end":{"line":620,"column":null}},"type":"binary-expr","locations":[{"start":{"line":620,"column":19},"end":{"line":620,"column":41}},{"start":{"line":620,"column":41},"end":{"line":620,"column":null}}],"line":620},"36":{"loc":{"start":{"line":653,"column":15},"end":{"line":679,"column":null}},"type":"cond-expr","locations":[{"start":{"line":654,"column":16},"end":{"line":668,"column":null}},{"start":{"line":670,"column":16},"end":{"line":679,"column":null}}],"line":653},"37":{"loc":{"start":{"line":653,"column":15},"end":{"line":653,"column":null}},"type":"binary-expr","locations":[{"start":{"line":653,"column":15},"end":{"line":653,"column":30}},{"start":{"line":653,"column":30},"end":{"line":653,"column":null}}],"line":653},"38":{"loc":{"start":{"line":672,"column":19},"end":{"line":676,"column":null}},"type":"binary-expr","locations":[{"start":{"line":672,"column":19},"end":{"line":672,"column":null}},{"start":{"line":673,"column":20},"end":{"line":676,"column":null}}],"line":672},"39":{"loc":{"start":{"line":674,"column":23},"end":{"line":674,"column":null}},"type":"cond-expr","locations":[{"start":{"line":674,"column":36},"end":{"line":674,"column":42}},{"start":{"line":674,"column":42},"end":{"line":674,"column":null}}],"line":674},"40":{"loc":{"start":{"line":678,"column":19},"end":{"line":678,"column":null}},"type":"binary-expr","locations":[{"start":{"line":678,"column":19},"end":{"line":678,"column":35}},{"start":{"line":678,"column":35},"end":{"line":678,"column":null}}],"line":678},"41":{"loc":{"start":{"line":683,"column":13},"end":{"line":701,"column":null}},"type":"binary-expr","locations":[{"start":{"line":683,"column":13},"end":{"line":683,"column":null}},{"start":{"line":684,"column":14},"end":{"line":701,"column":null}}],"line":683},"42":{"loc":{"start":{"line":714,"column":25},"end":{"line":714,"column":null}},"type":"binary-expr","locations":[{"start":{"line":714,"column":25},"end":{"line":714,"column":62}},{"start":{"line":714,"column":62},"end":{"line":714,"column":null}}],"line":714},"43":{"loc":{"start":{"line":716,"column":20},"end":{"line":724,"column":null}},"type":"if","locations":[{"start":{"line":716,"column":20},"end":{"line":724,"column":null}},{"start":{},"end":{}}],"line":716},"44":{"loc":{"start":{"line":737,"column":25},"end":{"line":737,"column":null}},"type":"binary-expr","locations":[{"start":{"line":737,"column":25},"end":{"line":737,"column":59}},{"start":{"line":737,"column":59},"end":{"line":737,"column":null}}],"line":737},"45":{"loc":{"start":{"line":739,"column":20},"end":{"line":747,"column":null}},"type":"if","locations":[{"start":{"line":739,"column":20},"end":{"line":747,"column":null}},{"start":{},"end":{}}],"line":739},"46":{"loc":{"start":{"line":758,"column":31},"end":{"line":758,"column":null}},"type":"binary-expr","locations":[{"start":{"line":758,"column":31},"end":{"line":758,"column":45}},{"start":{"line":758,"column":45},"end":{"line":758,"column":null}}],"line":758},"47":{"loc":{"start":{"line":759,"column":26},"end":{"line":759,"column":null}},"type":"binary-expr","locations":[{"start":{"line":759,"column":26},"end":{"line":759,"column":41}},{"start":{"line":759,"column":41},"end":{"line":759,"column":null}}],"line":759},"48":{"loc":{"start":{"line":765,"column":13},"end":{"line":775,"column":null}},"type":"binary-expr","locations":[{"start":{"line":765,"column":13},"end":{"line":765,"column":null}},{"start":{"line":766,"column":14},"end":{"line":775,"column":null}}],"line":765},"49":{"loc":{"start":{"line":805,"column":11},"end":{"line":822,"column":null}},"type":"binary-expr","locations":[{"start":{"line":805,"column":11},"end":{"line":805,"column":null}},{"start":{"line":806,"column":12},"end":{"line":822,"column":null}}],"line":805},"50":{"loc":{"start":{"line":827,"column":9},"end":{"line":834,"column":null}},"type":"binary-expr","locations":[{"start":{"line":827,"column":9},"end":{"line":827,"column":null}},{"start":{"line":828,"column":10},"end":{"line":834,"column":null}}],"line":827},"51":{"loc":{"start":{"line":830,"column":26},"end":{"line":830,"column":null}},"type":"binary-expr","locations":[{"start":{"line":830,"column":26},"end":{"line":830,"column":40}},{"start":{"line":830,"column":40},"end":{"line":830,"column":null}}],"line":830},"52":{"loc":{"start":{"line":841,"column":11},"end":{"line":844,"column":null}},"type":"binary-expr","locations":[{"start":{"line":841,"column":11},"end":{"line":841,"column":null}},{"start":{"line":842,"column":12},"end":{"line":844,"column":null}}],"line":841},"53":{"loc":{"start":{"line":848,"column":11},"end":{"line":848,"column":null}},"type":"binary-expr","locations":[{"start":{"line":848,"column":11},"end":{"line":848,"column":20}},{"start":{"line":848,"column":20},"end":{"line":848,"column":null}}],"line":848},"54":{"loc":{"start":{"line":862,"column":7},"end":{"line":930,"column":null}},"type":"binary-expr","locations":[{"start":{"line":862,"column":7},"end":{"line":862,"column":null}},{"start":{"line":863,"column":8},"end":{"line":930,"column":null}}],"line":862},"55":{"loc":{"start":{"line":880,"column":29},"end":{"line":880,"column":null}},"type":"binary-expr","locations":[{"start":{"line":880,"column":29},"end":{"line":880,"column":71}},{"start":{"line":880,"column":71},"end":{"line":880,"column":null}}],"line":880},"56":{"loc":{"start":{"line":888,"column":22},"end":{"line":888,"column":null}},"type":"binary-expr","locations":[{"start":{"line":888,"column":22},"end":{"line":888,"column":69}},{"start":{"line":888,"column":69},"end":{"line":888,"column":null}}],"line":888},"57":{"loc":{"start":{"line":896,"column":29},"end":{"line":896,"column":null}},"type":"binary-expr","locations":[{"start":{"line":896,"column":29},"end":{"line":896,"column":73}},{"start":{"line":896,"column":73},"end":{"line":896,"column":null}}],"line":896},"58":{"loc":{"start":{"line":907,"column":29},"end":{"line":907,"column":null}},"type":"binary-expr","locations":[{"start":{"line":907,"column":29},"end":{"line":907,"column":71}},{"start":{"line":907,"column":71},"end":{"line":907,"column":null}}],"line":907},"59":{"loc":{"start":{"line":915,"column":22},"end":{"line":915,"column":null}},"type":"binary-expr","locations":[{"start":{"line":915,"column":22},"end":{"line":915,"column":69}},{"start":{"line":915,"column":69},"end":{"line":915,"column":null}}],"line":915},"60":{"loc":{"start":{"line":923,"column":29},"end":{"line":923,"column":null}},"type":"binary-expr","locations":[{"start":{"line":923,"column":29},"end":{"line":923,"column":73}},{"start":{"line":923,"column":73},"end":{"line":923,"column":null}}],"line":923},"61":{"loc":{"start":{"line":940,"column":7},"end":{"line":943,"column":null}},"type":"binary-expr","locations":[{"start":{"line":940,"column":7},"end":{"line":940,"column":null}},{"start":{"line":941,"column":8},"end":{"line":943,"column":null}}],"line":940}},"s":{"0":1,"1":15,"2":15,"3":15,"4":15,"5":15,"6":15,"7":15,"8":15,"9":15,"10":15,"11":15,"12":15,"13":15,"14":15,"15":15,"16":15,"17":15,"18":15,"19":15,"20":15,"21":7,"22":0,"23":0,"24":0,"25":0,"26":7,"27":7,"28":7,"29":15,"30":7,"31":7,"32":7,"33":7,"34":7,"35":0,"36":0,"37":0,"38":0,"39":0,"40":0,"41":0,"42":7,"43":7,"44":7,"45":7,"46":15,"47":7,"48":7,"49":7,"50":7,"51":0,"52":0,"53":0,"54":0,"55":0,"56":0,"57":0,"58":0,"59":0,"60":0,"61":0,"62":0,"63":0,"64":0,"65":0,"66":0,"67":0,"68":0,"69":0,"70":0,"71":0,"72":0,"73":0,"74":0,"75":0,"76":0,"77":0,"78":0,"79":0,"80":0,"81":0,"82":0,"83":0,"84":0,"85":0,"86":7,"87":7,"88":7,"89":7,"90":7,"91":0,"92":15,"93":0,"94":0,"95":0,"96":0,"97":0,"98":0,"99":0,"100":0,"101":15,"102":0,"103":0,"104":0,"105":0,"106":0,"107":0,"108":0,"109":0,"110":0,"111":0,"112":0,"113":0,"114":0,"115":0,"116":0,"117":0,"118":0,"119":0,"120":15,"121":7,"122":7,"123":7,"124":7,"125":7,"126":7,"127":7,"128":0,"129":0,"130":7,"131":0,"132":0,"133":0,"134":0,"135":0,"136":0,"137":0,"138":0,"139":0,"140":0,"141":0,"142":0,"143":0,"144":0,"145":0,"146":7,"147":0,"148":0,"149":0,"150":0,"151":7,"152":0,"153":0,"154":7,"155":0,"156":15,"157":0,"158":0,"159":0,"160":0,"161":0,"162":0,"163":0,"164":0,"165":15,"166":0,"167":0,"168":0,"169":0,"170":0,"171":0,"172":15,"173":0,"174":0,"175":0,"176":0,"177":0,"178":0,"179":0,"180":0,"181":0,"182":0,"183":0,"184":15,"185":0,"186":0,"187":0,"188":15,"189":0,"190":15,"191":0,"192":0,"193":0,"194":15,"195":0,"196":0,"197":0,"198":0,"199":0,"200":0,"201":0,"202":0,"203":0,"204":0,"205":15,"206":0,"207":0,"208":0,"209":140,"210":0,"211":0,"212":0,"213":0,"214":0,"215":0,"216":0,"217":0,"218":0,"219":0,"220":0,"221":0},"f":{"0":15,"1":7,"2":0,"3":0,"4":7,"5":7,"6":7,"7":7,"8":7,"9":0,"10":0,"11":0,"12":0,"13":0,"14":0,"15":7,"16":0,"17":0,"18":0,"19":0,"20":7,"21":0,"22":0,"23":0,"24":0,"25":0,"26":0,"27":0,"28":0,"29":0,"30":0,"31":0,"32":0,"33":0,"34":0,"35":0,"36":140,"37":0,"38":0,"39":0,"40":0,"41":0,"42":0,"43":0,"44":0,"45":0,"46":0},"b":{"0":[0,0],"1":[0,0,0],"2":[0,0],"3":[0,0],"4":[0,0],"5":[0,0],"6":[0,0],"7":[0,0,0,0],"8":[0,0],"9":[0,0],"10":[0,0],"11":[7,0],"12":[7,0],"13":[7,7],"14":[0,0],"15":[0,0],"16":[0,0],"17":[0,0],"18":[0,0],"19":[0,0],"20":[0,0],"21":[0,0],"22":[0,0],"23":[15,0],"24":[0,14],"25":[0,14],"26":[0,14],"27":[0,14],"28":[0,14],"29":[7,7],"30":[7,7],"31":[0,7],"32":[0,7],"33":[0,140],"34":[140,0],"35":[15,14],"36":[14,0],"37":[15,14],"38":[0,0],"39":[0,0],"40":[0,0],"41":[15,0],"42":[15,14],"43":[0,0],"44":[15,14],"45":[0,0],"46":[0,0],"47":[15,0],"48":[15,0],"49":[15,0],"50":[15,0],"51":[0,0],"52":[15,0],"53":[15,7],"54":[15,0],"55":[0,0],"56":[0,0],"57":[0,0],"58":[0,0],"59":[0,0],"60":[0,0],"61":[15,0]},"meta":{"lastBranch":62,"lastFunction":47,"lastStatement":222,"seen":{"s:72:22:958:Infinity":0,"f:72:22:72:28":0,"s:73:36:73:Infinity":1,"s:74:38:74:Infinity":2,"s:75:34:75:Infinity":3,"s:76:30:76:Infinity":4,"s:77:30:77:Infinity":5,"s:78:28:78:Infinity":6,"s:79:24:79:Infinity":7,"s:80:50:80:Infinity":8,"s:81:38:81:Infinity":9,"s:82:36:82:Infinity":10,"s:83:46:84:Infinity":11,"s:85:34:85:Infinity":12,"s:88:8:88:Infinity":13,"s:89:48:89:Infinity":14,"s:92:60:92:Infinity":15,"s:93:68:94:Infinity":16,"s:97:27:97:Infinity":17,"s:98:31:100:Infinity":18,"s:103:36:103:Infinity":19,"s:106:2:116:Infinity":20,"f:106:12:106:18":1,"s:107:26:112:Infinity":21,"f:107:26:107:27":2,"b:108:6:111:Infinity:undefined:undefined:undefined:undefined":0,"s:108:6:111:Infinity":22,"b:108:10:108:23:108:23:108:37:108:37:108:52":1,"s:109:8:109:Infinity":23,"s:110:8:110:Infinity":24,"f:110:23:110:24":3,"s:110:33:110:38":25,"s:114:4:114:Infinity":26,"s:115:4:115:Infinity":27,"f:115:11:115:17":4,"s:115:17:115:Infinity":28,"s:119:2:154:Infinity":29,"f:119:12:119:18":5,"s:120:26:151:Infinity":30,"f:120:26:120:38":6,"s:121:6:150:Infinity":31,"s:123:8:123:Infinity":32,"s:124:8:124:Infinity":33,"s:127:55:131:Infinity":34,"b:134:8:136:Infinity:undefined:undefined:undefined:undefined":2,"s:134:8:136:Infinity":35,"s:135:10:135:Infinity":36,"s:138:8:138:Infinity":37,"s:139:8:139:Infinity":38,"s:140:8:140:Infinity":39,"s:143:8:143:Infinity":40,"s:145:8:145:Infinity":41,"s:147:8:147:Infinity":42,"s:148:8:148:Infinity":43,"s:149:8:149:Infinity":44,"s:153:4:153:Infinity":45,"s:157:2:258:Infinity":46,"f:157:12:157:18":7,"s:158:44:158:Infinity":47,"s:160:32:251:Infinity":48,"f:160:32:160:44":8,"s:161:6:250:Infinity":49,"s:163:8:171:Infinity":50,"f:164:39:164:40":9,"s:165:27:165:Infinity":51,"s:166:12:166:Infinity":52,"b:167:12:169:Infinity:undefined:undefined:undefined:undefined":3,"s:167:12:169:Infinity":53,"s:168:14:168:Infinity":54,"s:174:8:193:Infinity":55,"f:175:44:175:51":10,"s:176:35:176:Infinity":56,"s:177:12:177:Infinity":57,"s:178:12:178:Infinity":58,"b:181:12:191:Infinity:undefined:undefined:undefined:undefined":4,"s:181:12:191:Infinity":59,"s:182:14:190:Infinity":60,"s:183:16:185:Infinity":61,"s:187:16:187:Infinity":62,"s:189:16:189:Infinity":63,"s:196:8:202:Infinity":64,"f:197:41:197:42":11,"s:198:33:198:Infinity":65,"s:199:12:199:Infinity":66,"s:200:12:200:Infinity":67,"s:205:8:211:Infinity":68,"f:206:40:206:41":12,"s:207:28:207:Infinity":69,"s:209:12:209:Infinity":70,"s:214:8:219:Infinity":71,"f:215:38:215:39":13,"s:216:27:216:Infinity":72,"s:217:12:217:Infinity":73,"s:222:8:246:Infinity":74,"f:223:50:223:62":14,"b:224:12:244:Infinity:232:19:244:Infinity":5,"s:224:12:244:Infinity":75,"s:226:14:231:Infinity":76,"s:227:16:227:Infinity":77,"s:228:16:228:Infinity":78,"s:230:16:230:Infinity":79,"s:234:14:243:Infinity":80,"s:235:16:235:Infinity":81,"s:236:16:236:Infinity":82,"b:238:16:240:Infinity:undefined:undefined:undefined:undefined":6,"s:238:16:240:Infinity":83,"s:239:18:239:Infinity":84,"s:242:16:242:Infinity":85,"s:248:8:248:Infinity":86,"s:249:8:249:Infinity":87,"s:253:4:253:Infinity":88,"s:255:4:257:Infinity":89,"f:255:11:255:17":15,"s:256:6:256:Infinity":90,"f:256:32:256:33":16,"s:256:46:256:56":91,"s:260:8:277:Infinity":92,"f:261:4:261:11":17,"b:263:8:265:Infinity:266:8:268:Infinity:269:8:271:Infinity:272:8:273:Infinity":7,"s:262:6:274:Infinity":93,"s:264:10:264:Infinity":94,"s:265:10:265:Infinity":95,"s:267:10:267:Infinity":96,"s:268:10:268:Infinity":97,"s:270:10:270:Infinity":98,"s:271:10:271:Infinity":99,"s:273:10:273:Infinity":100,"s:280:31:357:Infinity":101,"f:280:31:280:32":18,"b:281:4:283:Infinity:undefined:undefined:undefined:undefined":8,"s:281:4:283:Infinity":102,"s:282:6:282:Infinity":103,"s:285:24:285:Infinity":104,"s:288:48:329:Infinity":105,"s:332:4:335:Infinity":106,"s:333:20:333:Infinity":107,"s:334:6:334:Infinity":108,"b:338:4:347:Infinity:undefined:undefined:undefined:undefined":9,"s:338:4:347:Infinity":109,"s:339:6:339:Infinity":110,"s:341:6:345:Infinity":111,"f:341:20:341:21":19,"s:342:22:342:Infinity":112,"s:343:8:343:Infinity":113,"s:344:8:344:Infinity":114,"s:346:6:346:Infinity":115,"b:350:4:354:Infinity:undefined:undefined:undefined:undefined":10,"s:350:4:354:Infinity":116,"s:352:6:352:Infinity":117,"s:353:6:353:Infinity":118,"s:356:4:356:Infinity":119,"s:360:2:418:Infinity":120,"f:360:12:360:18":20,"s:363:7:364:Infinity":121,"b:363:7:363:Infinity:364:7:364:Infinity":11,"b:366:4:417:Infinity:415:11:417:Infinity":12,"s:366:4:417:Infinity":122,"s:367:26:367:Infinity":123,"s:368:6:368:Infinity":124,"s:369:6:369:Infinity":125,"s:370:6:370:Infinity":126,"b:370:25:370:47:370:47:370:Infinity":13,"s:372:6:375:Infinity":127,"f:372:28:372:34":21,"s:373:8:373:Infinity":128,"s:374:8:374:Infinity":129,"s:377:6:399:Infinity":130,"f:377:29:377:30":22,"s:378:26:378:Infinity":131,"s:379:24:379:Infinity":132,"s:381:8:389:Infinity":133,"s:381:21:381:40":134,"s:382:25:382:Infinity":135,"b:383:10:388:Infinity:386:17:388:Infinity":14,"s:383:10:388:Infinity":136,"s:384:12:384:Infinity":137,"s:385:12:385:Infinity":138,"b:385:26:385:50:385:50:385:53":15,"s:387:12:387:Infinity":139,"b:391:8:398:Infinity:396:15:398:Infinity":16,"s:391:8:398:Infinity":140,"s:393:32:393:Infinity":141,"s:394:10:394:Infinity":142,"f:394:24:394:25":23,"s:394:34:394:74":143,"b:394:49:394:55:394:55:394:61":17,"s:395:10:395:Infinity":144,"s:397:10:397:Infinity":145,"s:401:6:407:Infinity":146,"f:401:28:401:29":24,"s:402:8:402:Infinity":147,"b:403:8:405:Infinity:undefined:undefined:undefined:undefined":18,"s:403:8:405:Infinity":148,"s:404:10:404:Infinity":149,"s:406:8:406:Infinity":150,"s:409:6:412:Infinity":151,"f:409:26:409:32":25,"s:410:8:410:Infinity":152,"s:411:8:411:Infinity":153,"s:414:6:414:Infinity":154,"s:416:6:416:Infinity":155,"s:420:25:438:Infinity":156,"f:420:25:420:37":26,"s:421:4:437:Infinity":157,"s:422:6:422:Infinity":158,"b:425:6:430:Infinity:428:13:430:Infinity":19,"s:425:6:430:Infinity":159,"s:426:8:426:Infinity":160,"s:427:8:427:Infinity":161,"s:429:8:429:Infinity":162,"s:432:6:432:Infinity":163,"s:433:6:436:Infinity":164,"b:435:34:435:48:435:48:435:Infinity":20,"s:440:24:451:Infinity":165,"f:440:24:440:36":27,"s:441:4:450:Infinity":166,"b:443:6:445:Infinity:undefined:undefined:undefined:undefined":21,"s:443:6:445:Infinity":167,"s:444:8:444:Infinity":168,"s:446:6:446:Infinity":169,"s:448:6:448:Infinity":170,"s:449:6:449:Infinity":171,"s:453:28:471:Infinity":172,"f:453:28:453:35":28,"s:454:4:470:Infinity":173,"s:455:6:455:Infinity":174,"s:456:6:456:Infinity":175,"s:458:21:460:Infinity":176,"s:462:6:462:Infinity":177,"s:463:6:463:Infinity":178,"s:464:6:464:Infinity":179,"s:465:6:465:Infinity":180,"s:467:6:467:Infinity":181,"s:468:6:468:Infinity":182,"s:469:6:469:Infinity":183,"s:473:26:479:Infinity":184,"f:473:26:473:38":29,"b:474:4:478:Infinity:476:11:478:Infinity":22,"s:474:4:478:Infinity":185,"s:475:6:475:Infinity":186,"s:477:6:477:Infinity":187,"s:481:23:483:Infinity":188,"f:481:23:481:29":30,"s:482:4:482:Infinity":189,"s:485:26:492:Infinity":190,"f:485:26:485:33":31,"s:486:4:491:Infinity":191,"s:487:6:487:Infinity":192,"s:490:6:490:Infinity":193,"s:494:27:506:Infinity":194,"f:494:27:494:33":32,"s:495:20:495:Infinity":195,"s:497:17:497:Infinity":196,"s:498:16:498:Infinity":197,"s:499:14:499:Infinity":198,"s:500:4:500:Infinity":199,"s:501:4:501:Infinity":200,"s:502:4:502:Infinity":201,"s:503:4:503:Infinity":202,"s:504:4:504:Infinity":203,"s:505:4:505:Infinity":204,"s:508:2:956:Infinity":205,"b:524:11:524:Infinity:525:12:529:Infinity":23,"b:534:59:534:73:534:73:534:75":24,"b:538:54:538:60:538:60:538:65":25,"b:540:29:540:48:540:48:540:Infinity":26,"b:555:56:555:67:555:67:555:69":27,"f:556:21:556:27":33,"s:556:27:556:Infinity":206,"f:563:21:563:27":34,"s:563:27:563:Infinity":207,"f:570:21:570:27":35,"s:570:27:570:Infinity":208,"b:589:57:589:68:589:68:589:70":28,"b:589:82:589:92:589:92:589:94":29,"b:594:18:594:Infinity:595:18:599:Infinity":30,"b:596:20:596:Infinity:597:20:599:Infinity":31,"b:598:22:598:Infinity:599:22:599:Infinity":32,"f:605:34:605:35":36,"s:606:16:609:Infinity":209,"b:608:65:608:76:608:76:608:78":33,"b:608:42:608:57:608:57:608:65":34,"b:620:19:620:41:620:41:620:Infinity":35,"f:623:48:623:49":37,"s:624:14:626:Infinity":210,"b:654:16:668:Infinity:670:16:679:Infinity":36,"b:653:15:653:30:653:30:653:Infinity":37,"b:672:19:672:Infinity:673:20:676:Infinity":38,"b:674:36:674:42:674:42:674:Infinity":39,"b:678:19:678:35:678:35:678:Infinity":40,"b:683:13:683:Infinity:684:14:701:Infinity":41,"b:714:25:714:62:714:62:714:Infinity":42,"f:715:28:715:29":38,"b:716:20:724:Infinity:undefined:undefined:undefined:undefined":43,"s:716:20:724:Infinity":211,"s:717:22:723:Infinity":212,"b:737:25:737:59:737:59:737:Infinity":44,"f:738:28:738:29":39,"b:739:20:747:Infinity:undefined:undefined:undefined:undefined":45,"s:739:20:747:Infinity":213,"s:740:22:746:Infinity":214,"f:758:25:758:31":40,"s:758:31:758:Infinity":215,"b:758:31:758:45:758:45:758:Infinity":46,"b:759:26:759:41:759:41:759:Infinity":47,"b:765:13:765:Infinity:766:14:775:Infinity":48,"f:770:35:770:41":41,"s:770:41:770:68":216,"b:805:11:805:Infinity:806:12:822:Infinity":49,"b:827:9:827:Infinity:828:10:834:Infinity":50,"b:830:26:830:40:830:40:830:Infinity":51,"f:832:23:832:29":42,"s:832:29:832:Infinity":217,"b:841:11:841:Infinity:842:12:844:Infinity":52,"b:848:11:848:20:848:20:848:Infinity":53,"f:851:49:851:55":43,"s:851:55:851:77":218,"b:862:7:862:Infinity:863:8:930:Infinity":54,"f:869:25:869:31":44,"s:869:31:869:Infinity":219,"b:880:29:880:71:880:71:880:Infinity":55,"b:888:22:888:69:888:69:888:Infinity":56,"b:896:29:896:73:896:73:896:Infinity":57,"b:907:29:907:71:907:71:907:Infinity":58,"b:915:22:915:69:915:69:915:Infinity":59,"b:923:29:923:73:923:73:923:Infinity":60,"f:936:17:936:23":45,"s:936:23:936:Infinity":220,"b:940:7:940:Infinity:941:8:943:Infinity":61,"f:942:19:942:25":46,"s:942:25:942:Infinity":221}}}
,"C:\\Githhub\\VoiceFlow-PRO\\VoiceFlow-PRO\\apps\\desktop\\src\\components\\AIFeaturesPanel.tsx": {"path":"C:\\Githhub\\VoiceFlow-PRO\\VoiceFlow-PRO\\apps\\desktop\\src\\components\\AIFeaturesPanel.tsx","statementMap":{"0":{"start":{"line":22,"column":63},"end":{"line":668,"column":null}},"1":{"start":{"line":46,"column":2},"end":{"line":46,"column":null}},"2":{"start":{"line":49,"column":2},"end":{"line":84,"column":null}},"3":{"start":{"line":50,"column":4},"end":{"line":75,"column":null}},"4":{"start":{"line":51,"column":28},"end":{"line":69,"column":null}},"5":{"start":{"line":70,"column":6},"end":{"line":70,"column":null}},"6":{"start":{"line":71,"column":6},"end":{"line":71,"column":null}},"7":{"start":{"line":72,"column":6},"end":{"line":72,"column":null}},"8":{"start":{"line":73,"column":6},"end":{"line":73,"column":null}},"9":{"start":{"line":74,"column":6},"end":{"line":74,"column":null}},"10":{"start":{"line":87,"column":33},"end":{"line":105,"column":null}},"11":{"start":{"line":87,"column":52},"end":{"line":105,"column":null}},"12":{"start":{"line":108,"column":28},"end":{"line":117,"column":null}},"13":{"start":{"line":109,"column":4},"end":{"line":116,"column":null}},"14":{"start":{"line":111,"column":8},"end":{"line":111,"column":null}},"15":{"start":{"line":113,"column":8},"end":{"line":113,"column":null}},"16":{"start":{"line":115,"column":8},"end":{"line":115,"column":null}},"17":{"start":{"line":120,"column":28},"end":{"line":129,"column":null}},"18":{"start":{"line":121,"column":4},"end":{"line":128,"column":null}},"19":{"start":{"line":123,"column":8},"end":{"line":123,"column":null}},"20":{"start":{"line":125,"column":8},"end":{"line":125,"column":null}},"21":{"start":{"line":127,"column":8},"end":{"line":127,"column":null}},"22":{"start":{"line":132,"column":27},"end":{"line":143,"column":null}},"23":{"start":{"line":133,"column":4},"end":{"line":142,"column":null}},"24":{"start":{"line":135,"column":8},"end":{"line":135,"column":null}},"25":{"start":{"line":137,"column":8},"end":{"line":137,"column":null}},"26":{"start":{"line":139,"column":8},"end":{"line":139,"column":null}},"27":{"start":{"line":141,"column":8},"end":{"line":141,"column":null}},"28":{"start":{"line":145,"column":2},"end":{"line":666,"column":null}},"29":{"start":{"line":237,"column":27},"end":{"line":237,"column":null}},"30":{"start":{"line":335,"column":27},"end":{"line":335,"column":null}},"31":{"start":{"line":357,"column":14},"end":{"line":377,"column":null}},"32":{"start":{"line":405,"column":14},"end":{"line":405,"column":null}},"33":{"start":{"line":430,"column":14},"end":{"line":477,"column":null}},"34":{"start":{"line":445,"column":34},"end":{"line":445,"column":null}},"35":{"start":{"line":508,"column":27},"end":{"line":508,"column":null}},"36":{"start":{"line":566,"column":16},"end":{"line":598,"column":null}},"37":{"start":{"line":625,"column":27},"end":{"line":625,"column":null}},"38":{"start":{"line":645,"column":14},"end":{"line":661,"column":null}}},"fnMap":{"0":{"name":"(anonymous_0)","decl":{"start":{"line":22,"column":63},"end":{"line":22,"column":64}},"loc":{"start":{"line":26,"column":6},"end":{"line":668,"column":null}},"line":26},"1":{"name":"(anonymous_1)","decl":{"start":{"line":49,"column":12},"end":{"line":49,"column":18}},"loc":{"start":{"line":49,"column":18},"end":{"line":76,"column":5}},"line":49},"2":{"name":"(anonymous_2)","decl":{"start":{"line":87,"column":33},"end":{"line":87,"column":34}},"loc":{"start":{"line":87,"column":52},"end":{"line":105,"column":null}},"line":87},"3":{"name":"(anonymous_3)","decl":{"start":{"line":108,"column":28},"end":{"line":108,"column":29}},"loc":{"start":{"line":108,"column":59},"end":{"line":117,"column":null}},"line":108},"4":{"name":"(anonymous_4)","decl":{"start":{"line":120,"column":28},"end":{"line":120,"column":29}},"loc":{"start":{"line":120,"column":59},"end":{"line":129,"column":null}},"line":120},"5":{"name":"(anonymous_5)","decl":{"start":{"line":132,"column":27},"end":{"line":132,"column":28}},"loc":{"start":{"line":132,"column":57},"end":{"line":143,"column":null}},"line":132},"6":{"name":"(anonymous_6)","decl":{"start":{"line":237,"column":21},"end":{"line":237,"column":27}},"loc":{"start":{"line":237,"column":27},"end":{"line":237,"column":null}},"line":237},"7":{"name":"(anonymous_7)","decl":{"start":{"line":335,"column":21},"end":{"line":335,"column":27}},"loc":{"start":{"line":335,"column":27},"end":{"line":335,"column":null}},"line":335},"8":{"name":"(anonymous_8)","decl":{"start":{"line":356,"column":27},"end":{"line":356,"column":28}},"loc":{"start":{"line":357,"column":14},"end":{"line":377,"column":null}},"line":357},"9":{"name":"(anonymous_9)","decl":{"start":{"line":404,"column":21},"end":{"line":404,"column":null}},"loc":{"start":{"line":405,"column":14},"end":{"line":405,"column":null}},"line":405},"10":{"name":"(anonymous_10)","decl":{"start":{"line":429,"column":29},"end":{"line":429,"column":30}},"loc":{"start":{"line":430,"column":14},"end":{"line":477,"column":null}},"line":430},"11":{"name":"(anonymous_11)","decl":{"start":{"line":445,"column":28},"end":{"line":445,"column":34}},"loc":{"start":{"line":445,"column":34},"end":{"line":445,"column":null}},"line":445},"12":{"name":"(anonymous_12)","decl":{"start":{"line":508,"column":21},"end":{"line":508,"column":27}},"loc":{"start":{"line":508,"column":27},"end":{"line":508,"column":null}},"line":508},"13":{"name":"(anonymous_13)","decl":{"start":{"line":565,"column":54},"end":{"line":565,"column":55}},"loc":{"start":{"line":566,"column":16},"end":{"line":598,"column":null}},"line":566},"14":{"name":"(anonymous_14)","decl":{"start":{"line":625,"column":21},"end":{"line":625,"column":27}},"loc":{"start":{"line":625,"column":27},"end":{"line":625,"column":null}},"line":625},"15":{"name":"(anonymous_15)","decl":{"start":{"line":644,"column":24},"end":{"line":644,"column":25}},"loc":{"start":{"line":645,"column":14},"end":{"line":661,"column":null}},"line":645}},"branchMap":{"0":{"loc":{"start":{"line":24,"column":2},"end":{"line":24,"column":null}},"type":"default-arg","locations":[{"start":{"line":24,"column":16},"end":{"line":24,"column":null}}],"line":24},"1":{"loc":{"start":{"line":50,"column":4},"end":{"line":75,"column":null}},"type":"if","locations":[{"start":{"line":50,"column":4},"end":{"line":75,"column":null}},{"start":{},"end":{}}],"line":50},"2":{"loc":{"start":{"line":50,"column":8},"end":{"line":50,"column":35}},"type":"binary-expr","locations":[{"start":{"line":50,"column":8},"end":{"line":50,"column":23}},{"start":{"line":50,"column":23},"end":{"line":50,"column":35}}],"line":50},"3":{"loc":{"start":{"line":109,"column":4},"end":{"line":116,"column":null}},"type":"switch","locations":[{"start":{"line":110,"column":6},"end":{"line":111,"column":null}},{"start":{"line":112,"column":6},"end":{"line":113,"column":null}},{"start":{"line":114,"column":6},"end":{"line":115,"column":null}}],"line":109},"4":{"loc":{"start":{"line":121,"column":4},"end":{"line":128,"column":null}},"type":"switch","locations":[{"start":{"line":122,"column":6},"end":{"line":123,"column":null}},{"start":{"line":124,"column":6},"end":{"line":125,"column":null}},{"start":{"line":126,"column":6},"end":{"line":127,"column":null}}],"line":121},"5":{"loc":{"start":{"line":133,"column":4},"end":{"line":142,"column":null}},"type":"switch","locations":[{"start":{"line":134,"column":6},"end":{"line":135,"column":null}},{"start":{"line":136,"column":6},"end":{"line":137,"column":null}},{"start":{"line":138,"column":6},"end":{"line":139,"column":null}},{"start":{"line":140,"column":6},"end":{"line":141,"column":null}}],"line":133},"6":{"loc":{"start":{"line":165,"column":9},"end":{"line":179,"column":null}},"type":"binary-expr","locations":[{"start":{"line":165,"column":9},"end":{"line":165,"column":null}},{"start":{"line":166,"column":10},"end":{"line":179,"column":null}}],"line":165},"7":{"loc":{"start":{"line":184,"column":7},"end":{"line":213,"column":null}},"type":"binary-expr","locations":[{"start":{"line":184,"column":7},"end":{"line":184,"column":null}},{"start":{"line":185,"column":8},"end":{"line":213,"column":null}}],"line":184},"8":{"loc":{"start":{"line":238,"column":22},"end":{"line":238,"column":null}},"type":"binary-expr","locations":[{"start":{"line":238,"column":22},"end":{"line":238,"column":39}},{"start":{"line":238,"column":39},"end":{"line":238,"column":null}}],"line":238},"9":{"loc":{"start":{"line":241,"column":31},"end":{"line":241,"column":null}},"type":"cond-expr","locations":[{"start":{"line":241,"column":47},"end":{"line":241,"column":59}},{"start":{"line":241,"column":59},"end":{"line":241,"column":null}}],"line":241},"10":{"loc":{"start":{"line":245,"column":22},"end":{"line":245,"column":null}},"type":"cond-expr","locations":[{"start":{"line":245,"column":53},"end":{"line":245,"column":69}},{"start":{"line":245,"column":69},"end":{"line":245,"column":null}}],"line":245},"11":{"loc":{"start":{"line":245,"column":22},"end":{"line":245,"column":53}},"type":"binary-expr","locations":[{"start":{"line":245,"column":22},"end":{"line":245,"column":39}},{"start":{"line":245,"column":39},"end":{"line":245,"column":53}}],"line":245},"12":{"loc":{"start":{"line":249,"column":13},"end":{"line":249,"column":null}},"type":"cond-expr","locations":[{"start":{"line":249,"column":29},"end":{"line":249,"column":47}},{"start":{"line":249,"column":47},"end":{"line":249,"column":null}}],"line":249},"13":{"loc":{"start":{"line":253,"column":9},"end":{"line":310,"column":null}},"type":"binary-expr","locations":[{"start":{"line":253,"column":9},"end":{"line":253,"column":null}},{"start":{"line":254,"column":10},"end":{"line":310,"column":null}}],"line":253},"14":{"loc":{"start":{"line":336,"column":22},"end":{"line":336,"column":null}},"type":"binary-expr","locations":[{"start":{"line":336,"column":22},"end":{"line":336,"column":47}},{"start":{"line":336,"column":47},"end":{"line":336,"column":null}}],"line":336},"15":{"loc":{"start":{"line":339,"column":31},"end":{"line":339,"column":null}},"type":"cond-expr","locations":[{"start":{"line":339,"column":55},"end":{"line":339,"column":67}},{"start":{"line":339,"column":67},"end":{"line":339,"column":null}}],"line":339},"16":{"loc":{"start":{"line":344,"column":16},"end":{"line":346,"column":null}},"type":"cond-expr","locations":[{"start":{"line":345,"column":20},"end":{"line":345,"column":null}},{"start":{"line":346,"column":20},"end":{"line":346,"column":null}}],"line":344},"17":{"loc":{"start":{"line":344,"column":16},"end":{"line":344,"column":null}},"type":"binary-expr","locations":[{"start":{"line":344,"column":16},"end":{"line":344,"column":41}},{"start":{"line":344,"column":41},"end":{"line":344,"column":null}}],"line":344},"18":{"loc":{"start":{"line":350,"column":13},"end":{"line":350,"column":null}},"type":"cond-expr","locations":[{"start":{"line":350,"column":37},"end":{"line":350,"column":55}},{"start":{"line":350,"column":55},"end":{"line":350,"column":null}}],"line":350},"19":{"loc":{"start":{"line":354,"column":9},"end":{"line":379,"column":null}},"type":"binary-expr","locations":[{"start":{"line":354,"column":9},"end":{"line":354,"column":null}},{"start":{"line":355,"column":10},"end":{"line":379,"column":null}}],"line":354},"20":{"loc":{"start":{"line":407,"column":22},"end":{"line":407,"column":null}},"type":"binary-expr","locations":[{"start":{"line":407,"column":22},"end":{"line":407,"column":48}},{"start":{"line":407,"column":48},"end":{"line":407,"column":null}}],"line":407},"21":{"loc":{"start":{"line":410,"column":31},"end":{"line":410,"column":null}},"type":"cond-expr","locations":[{"start":{"line":410,"column":56},"end":{"line":410,"column":68}},{"start":{"line":410,"column":68},"end":{"line":410,"column":null}}],"line":410},"22":{"loc":{"start":{"line":415,"column":16},"end":{"line":417,"column":null}},"type":"cond-expr","locations":[{"start":{"line":416,"column":20},"end":{"line":416,"column":null}},{"start":{"line":417,"column":20},"end":{"line":417,"column":null}}],"line":415},"23":{"loc":{"start":{"line":415,"column":16},"end":{"line":415,"column":null}},"type":"binary-expr","locations":[{"start":{"line":415,"column":16},"end":{"line":415,"column":42}},{"start":{"line":415,"column":42},"end":{"line":415,"column":null}}],"line":415},"24":{"loc":{"start":{"line":421,"column":13},"end":{"line":421,"column":null}},"type":"cond-expr","locations":[{"start":{"line":421,"column":38},"end":{"line":421,"column":55}},{"start":{"line":421,"column":55},"end":{"line":421,"column":null}}],"line":421},"25":{"loc":{"start":{"line":425,"column":9},"end":{"line":483,"column":null}},"type":"cond-expr","locations":[{"start":{"line":426,"column":10},"end":{"line":479,"column":null}},{"start":{"line":481,"column":10},"end":{"line":483,"column":null}}],"line":425},"26":{"loc":{"start":{"line":434,"column":35},"end":{"line":434,"column":null}},"type":"cond-expr","locations":[{"start":{"line":434,"column":52},"end":{"line":434,"column":64}},{"start":{"line":434,"column":64},"end":{"line":434,"column":null}}],"line":434},"27":{"loc":{"start":{"line":435,"column":39},"end":{"line":435,"column":74}},"type":"cond-expr","locations":[{"start":{"line":435,"column":56},"end":{"line":435,"column":68}},{"start":{"line":435,"column":68},"end":{"line":435,"column":74}}],"line":435},"28":{"loc":{"start":{"line":451,"column":38},"end":{"line":451,"column":null}},"type":"cond-expr","locations":[{"start":{"line":451,"column":55},"end":{"line":451,"column":72}},{"start":{"line":451,"column":72},"end":{"line":451,"column":null}}],"line":451},"29":{"loc":{"start":{"line":452,"column":29},"end":{"line":452,"column":null}},"type":"cond-expr","locations":[{"start":{"line":452,"column":46},"end":{"line":452,"column":55}},{"start":{"line":452,"column":55},"end":{"line":452,"column":null}}],"line":452},"30":{"loc":{"start":{"line":509,"column":22},"end":{"line":509,"column":null}},"type":"binary-expr","locations":[{"start":{"line":509,"column":22},"end":{"line":509,"column":46}},{"start":{"line":509,"column":46},"end":{"line":509,"column":null}}],"line":509},"31":{"loc":{"start":{"line":512,"column":31},"end":{"line":512,"column":null}},"type":"cond-expr","locations":[{"start":{"line":512,"column":54},"end":{"line":512,"column":66}},{"start":{"line":512,"column":66},"end":{"line":512,"column":null}}],"line":512},"32":{"loc":{"start":{"line":517,"column":16},"end":{"line":517,"column":null}},"type":"cond-expr","locations":[{"start":{"line":517,"column":54},"end":{"line":517,"column":70}},{"start":{"line":517,"column":70},"end":{"line":517,"column":null}}],"line":517},"33":{"loc":{"start":{"line":517,"column":16},"end":{"line":517,"column":54}},"type":"binary-expr","locations":[{"start":{"line":517,"column":16},"end":{"line":517,"column":40}},{"start":{"line":517,"column":40},"end":{"line":517,"column":54}}],"line":517},"34":{"loc":{"start":{"line":521,"column":13},"end":{"line":521,"column":null}},"type":"cond-expr","locations":[{"start":{"line":521,"column":36},"end":{"line":521,"column":53}},{"start":{"line":521,"column":53},"end":{"line":521,"column":null}}],"line":521},"35":{"loc":{"start":{"line":525,"column":9},"end":{"line":601,"column":null}},"type":"binary-expr","locations":[{"start":{"line":525,"column":9},"end":{"line":525,"column":null}},{"start":{"line":526,"column":10},"end":{"line":601,"column":null}}],"line":525},"36":{"loc":{"start":{"line":626,"column":22},"end":{"line":626,"column":null}},"type":"binary-expr","locations":[{"start":{"line":626,"column":22},"end":{"line":626,"column":43}},{"start":{"line":626,"column":43},"end":{"line":626,"column":null}}],"line":626},"37":{"loc":{"start":{"line":629,"column":31},"end":{"line":629,"column":null}},"type":"cond-expr","locations":[{"start":{"line":629,"column":51},"end":{"line":629,"column":63}},{"start":{"line":629,"column":63},"end":{"line":629,"column":null}}],"line":629},"38":{"loc":{"start":{"line":634,"column":16},"end":{"line":634,"column":null}},"type":"cond-expr","locations":[{"start":{"line":634,"column":51},"end":{"line":634,"column":67}},{"start":{"line":634,"column":67},"end":{"line":634,"column":null}}],"line":634},"39":{"loc":{"start":{"line":634,"column":16},"end":{"line":634,"column":51}},"type":"binary-expr","locations":[{"start":{"line":634,"column":16},"end":{"line":634,"column":37}},{"start":{"line":634,"column":37},"end":{"line":634,"column":51}}],"line":634},"40":{"loc":{"start":{"line":638,"column":13},"end":{"line":638,"column":null}},"type":"cond-expr","locations":[{"start":{"line":638,"column":33},"end":{"line":638,"column":50}},{"start":{"line":638,"column":50},"end":{"line":638,"column":null}}],"line":638},"41":{"loc":{"start":{"line":642,"column":9},"end":{"line":663,"column":null}},"type":"binary-expr","locations":[{"start":{"line":642,"column":9},"end":{"line":642,"column":null}},{"start":{"line":643,"column":10},"end":{"line":663,"column":null}}],"line":642}},"s":{"0":2,"1":9,"2":9,"3":9,"4":0,"5":0,"6":0,"7":0,"8":0,"9":0,"10":9,"11":0,"12":9,"13":0,"14":0,"15":0,"16":0,"17":9,"18":0,"19":0,"20":0,"21":0,"22":9,"23":0,"24":0,"25":0,"26":0,"27":0,"28":9,"29":0,"30":0,"31":0,"32":0,"33":0,"34":0,"35":0,"36":0,"37":0,"38":0},"f":{"0":9,"1":9,"2":0,"3":0,"4":0,"5":0,"6":0,"7":0,"8":0,"9":0,"10":0,"11":0,"12":0,"13":0,"14":0,"15":0},"b":{"0":[9],"1":[0,9],"2":[9,0],"3":[0,0,0],"4":[0,0,0],"5":[0,0,0,0],"6":[9,1],"7":[9,0],"8":[9,9],"9":[0,9],"10":[0,9],"11":[9,9],"12":[0,9],"13":[9,0],"14":[9,9],"15":[0,9],"16":[0,9],"17":[9,9],"18":[0,9],"19":[9,0],"20":[9,9],"21":[0,9],"22":[0,9],"23":[9,9],"24":[0,9],"25":[0,9],"26":[0,0],"27":[0,0],"28":[0,0],"29":[0,0],"30":[9,9],"31":[0,9],"32":[0,9],"33":[9,9],"34":[0,9],"35":[9,0],"36":[9,9],"37":[0,9],"38":[0,9],"39":[9,9],"40":[0,9],"41":[9,0]},"meta":{"lastBranch":42,"lastFunction":16,"lastStatement":39,"seen":{"s:22:63:668:Infinity":0,"f:22:63:22:64":0,"b:24:16:24:Infinity":0,"s:46:2:46:Infinity":1,"s:49:2:84:Infinity":2,"f:49:12:49:18":1,"b:50:4:75:Infinity:undefined:undefined:undefined:undefined":1,"s:50:4:75:Infinity":3,"b:50:8:50:23:50:23:50:35":2,"s:51:28:69:Infinity":4,"s:70:6:70:Infinity":5,"s:71:6:71:Infinity":6,"s:72:6:72:Infinity":7,"s:73:6:73:Infinity":8,"s:74:6:74:Infinity":9,"s:87:33:105:Infinity":10,"f:87:33:87:34":2,"s:87:52:105:Infinity":11,"s:108:28:117:Infinity":12,"f:108:28:108:29":3,"b:110:6:111:Infinity:112:6:113:Infinity:114:6:115:Infinity":3,"s:109:4:116:Infinity":13,"s:111:8:111:Infinity":14,"s:113:8:113:Infinity":15,"s:115:8:115:Infinity":16,"s:120:28:129:Infinity":17,"f:120:28:120:29":4,"b:122:6:123:Infinity:124:6:125:Infinity:126:6:127:Infinity":4,"s:121:4:128:Infinity":18,"s:123:8:123:Infinity":19,"s:125:8:125:Infinity":20,"s:127:8:127:Infinity":21,"s:132:27:143:Infinity":22,"f:132:27:132:28":5,"b:134:6:135:Infinity:136:6:137:Infinity:138:6:139:Infinity:140:6:141:Infinity":5,"s:133:4:142:Infinity":23,"s:135:8:135:Infinity":24,"s:137:8:137:Infinity":25,"s:139:8:139:Infinity":26,"s:141:8:141:Infinity":27,"s:145:2:666:Infinity":28,"b:165:9:165:Infinity:166:10:179:Infinity":6,"b:184:7:184:Infinity:185:8:213:Infinity":7,"f:237:21:237:27":6,"s:237:27:237:Infinity":29,"b:238:22:238:39:238:39:238:Infinity":8,"b:241:47:241:59:241:59:241:Infinity":9,"b:245:53:245:69:245:69:245:Infinity":10,"b:245:22:245:39:245:39:245:53":11,"b:249:29:249:47:249:47:249:Infinity":12,"b:253:9:253:Infinity:254:10:310:Infinity":13,"f:335:21:335:27":7,"s:335:27:335:Infinity":30,"b:336:22:336:47:336:47:336:Infinity":14,"b:339:55:339:67:339:67:339:Infinity":15,"b:345:20:345:Infinity:346:20:346:Infinity":16,"b:344:16:344:41:344:41:344:Infinity":17,"b:350:37:350:55:350:55:350:Infinity":18,"b:354:9:354:Infinity:355:10:379:Infinity":19,"f:356:27:356:28":8,"s:357:14:377:Infinity":31,"f:404:21:404:Infinity":9,"s:405:14:405:Infinity":32,"b:407:22:407:48:407:48:407:Infinity":20,"b:410:56:410:68:410:68:410:Infinity":21,"b:416:20:416:Infinity:417:20:417:Infinity":22,"b:415:16:415:42:415:42:415:Infinity":23,"b:421:38:421:55:421:55:421:Infinity":24,"b:426:10:479:Infinity:481:10:483:Infinity":25,"f:429:29:429:30":10,"s:430:14:477:Infinity":33,"b:434:52:434:64:434:64:434:Infinity":26,"b:435:56:435:68:435:68:435:74":27,"f:445:28:445:34":11,"s:445:34:445:Infinity":34,"b:451:55:451:72:451:72:451:Infinity":28,"b:452:46:452:55:452:55:452:Infinity":29,"f:508:21:508:27":12,"s:508:27:508:Infinity":35,"b:509:22:509:46:509:46:509:Infinity":30,"b:512:54:512:66:512:66:512:Infinity":31,"b:517:54:517:70:517:70:517:Infinity":32,"b:517:16:517:40:517:40:517:54":33,"b:521:36:521:53:521:53:521:Infinity":34,"b:525:9:525:Infinity:526:10:601:Infinity":35,"f:565:54:565:55":13,"s:566:16:598:Infinity":36,"f:625:21:625:27":14,"s:625:27:625:Infinity":37,"b:626:22:626:43:626:43:626:Infinity":36,"b:629:51:629:63:629:63:629:Infinity":37,"b:634:51:634:67:634:67:634:Infinity":38,"b:634:16:634:37:634:37:634:51":39,"b:638:33:638:50:638:50:638:Infinity":40,"b:642:9:642:Infinity:643:10:663:Infinity":41,"f:644:24:644:25":15,"s:645:14:661:Infinity":38}}}
,"C:\\Githhub\\VoiceFlow-PRO\\VoiceFlow-PRO\\apps\\desktop\\src\\components\\FloatingDictationButton.css": {"path":"C:\\Githhub\\VoiceFlow-PRO\\VoiceFlow-PRO\\apps\\desktop\\src\\components\\FloatingDictationButton.css","statementMap":{},"fnMap":{},"branchMap":{},"s":{},"f":{},"b":{},"meta":{"lastBranch":0,"lastFunction":0,"lastStatement":0,"seen":{}}}
,"C:\\Githhub\\VoiceFlow-PRO\\VoiceFlow-PRO\\apps\\desktop\\src\\components\\FloatingDictationButton.tsx": {"path":"C:\\Githhub\\VoiceFlow-PRO\\VoiceFlow-PRO\\apps\\desktop\\src\\components\\FloatingDictationButton.tsx","statementMap":{"0":{"start":{"line":16,"column":4},"end":{"line":358,"column":null}},"1":{"start":{"line":25,"column":34},"end":{"line":25,"column":null}},"2":{"start":{"line":26,"column":42},"end":{"line":29,"column":null}},"3":{"start":{"line":30,"column":40},"end":{"line":30,"column":null}},"4":{"start":{"line":31,"column":30},"end":{"line":31,"column":null}},"5":{"start":{"line":32,"column":8},"end":{"line":32,"column":null}},"6":{"start":{"line":33,"column":8},"end":{"line":33,"column":null}},"7":{"start":{"line":34,"column":8},"end":{"line":34,"column":null}},"8":{"start":{"line":37,"column":2},"end":{"line":48,"column":null}},"9":{"start":{"line":39,"column":4},"end":{"line":44,"column":null}},"10":{"start":{"line":40,"column":6},"end":{"line":40,"column":null}},"11":{"start":{"line":41,"column":6},"end":{"line":43,"column":null}},"12":{"start":{"line":42,"column":8},"end":{"line":42,"column":null}},"13":{"start":{"line":42,"column":35},"end":{"line":42,"column":43}},"14":{"start":{"line":45,"column":4},"end":{"line":47,"column":null}},"15":{"start":{"line":46,"column":6},"end":{"line":46,"column":null}},"16":{"start":{"line":46,"column":20},"end":{"line":46,"column":null}},"17":{"start":{"line":51,"column":21},"end":{"line":55,"column":null}},"18":{"start":{"line":52,"column":17},"end":{"line":52,"column":null}},"19":{"start":{"line":53,"column":17},"end":{"line":53,"column":null}},"20":{"start":{"line":54,"column":4},"end":{"line":54,"column":null}},"21":{"start":{"line":58,"column":22},"end":{"line":66,"column":null}},"22":{"start":{"line":59,"column":4},"end":{"line":59,"column":null}},"23":{"start":{"line":59,"column":20},"end":{"line":59,"column":null}},"24":{"start":{"line":61,"column":4},"end":{"line":65,"column":null}},"25":{"start":{"line":62,"column":6},"end":{"line":62,"column":null}},"26":{"start":{"line":64,"column":6},"end":{"line":64,"column":null}},"27":{"start":{"line":69,"column":26},"end":{"line":75,"column":null}},"28":{"start":{"line":70,"column":4},"end":{"line":70,"column":null}},"29":{"start":{"line":72,"column":4},"end":{"line":74,"column":null}},"30":{"start":{"line":73,"column":6},"end":{"line":73,"column":null}},"31":{"start":{"line":77,"column":26},"end":{"line":95,"column":null}},"32":{"start":{"line":78,"column":4},"end":{"line":78,"column":null}},"33":{"start":{"line":78,"column":31},"end":{"line":78,"column":null}},"34":{"start":{"line":80,"column":19},"end":{"line":80,"column":null}},"35":{"start":{"line":81,"column":19},"end":{"line":81,"column":null}},"36":{"start":{"line":83,"column":4},"end":{"line":94,"column":null}},"37":{"start":{"line":84,"column":6},"end":{"line":84,"column":null}},"38":{"start":{"line":85,"column":6},"end":{"line":88,"column":null}},"39":{"start":{"line":86,"column":8},"end":{"line":86,"column":null}},"40":{"start":{"line":87,"column":8},"end":{"line":87,"column":null}},"41":{"start":{"line":90,"column":6},"end":{"line":93,"column":null}},"42":{"start":{"line":97,"column":24},"end":{"line":107,"column":null}},"43":{"start":{"line":98,"column":4},"end":{"line":101,"column":null}},"44":{"start":{"line":99,"column":6},"end":{"line":99,"column":null}},"45":{"start":{"line":100,"column":6},"end":{"line":100,"column":null}},"46":{"start":{"line":103,"column":4},"end":{"line":106,"column":null}},"47":{"start":{"line":104,"column":6},"end":{"line":104,"column":null}},"48":{"start":{"line":105,"column":6},"end":{"line":105,"column":null}},"49":{"start":{"line":110,"column":24},"end":{"line":119,"column":null}},"50":{"start":{"line":111,"column":4},"end":{"line":118,"column":null}},"51":{"start":{"line":113,"column":8},"end":{"line":113,"column":null}},"52":{"start":{"line":115,"column":8},"end":{"line":115,"column":null}},"53":{"start":{"line":117,"column":8},"end":{"line":117,"column":null}},"54":{"start":{"line":122,"column":28},"end":{"line":147,"column":null}},"55":{"start":{"line":123,"column":4},"end":{"line":129,"column":null}},"56":{"start":{"line":124,"column":6},"end":{"line":128,"column":null}},"57":{"start":{"line":131,"column":44},"end":{"line":133,"column":null}},"58":{"start":{"line":135,"column":4},"end":{"line":146,"column":null}},"59":{"start":{"line":137,"column":8},"end":{"line":137,"column":null}},"60":{"start":{"line":139,"column":8},"end":{"line":139,"column":null}},"61":{"start":{"line":141,"column":8},"end":{"line":141,"column":null}},"62":{"start":{"line":143,"column":8},"end":{"line":143,"column":null}},"63":{"start":{"line":145,"column":8},"end":{"line":145,"column":null}},"64":{"start":{"line":150,"column":24},"end":{"line":155,"column":null}},"65":{"start":{"line":157,"column":27},"end":{"line":256,"column":null}},"66":{"start":{"line":158,"column":4},"end":{"line":158,"column":null}},"67":{"start":{"line":160,"column":4},"end":{"line":255,"column":null}},"68":{"start":{"line":163,"column":8},"end":
[...]
olumn":2},"end":{"line":145,"column":25}},"loc":{"start":{"line":145,"column":25},"end":{"line":147,"column":null}},"line":145},"4":{"name":"(anonymous_4)","decl":{"start":{"line":152,"column":2},"end":{"line":152,"column":30}},"loc":{"start":{"line":152,"column":30},"end":{"line":155,"column":null}},"line":152},"5":{"name":"(anonymous_5)","decl":{"start":{"line":160,"column":2},"end":{"line":160,"column":32}},"loc":{"start":{"line":160,"column":32},"end":{"line":162,"column":null}},"line":160},"6":{"name":"(anonymous_6)","decl":{"start":{"line":167,"column":8},"end":{"line":167,"column":15}},"loc":{"start":{"line":167,"column":82},"end":{"line":187,"column":null}},"line":167},"7":{"name":"(anonymous_7)","decl":{"start":{"line":192,"column":8},"end":{"line":192,"column":15}},"loc":{"start":{"line":192,"column":66},"end":{"line":205,"column":null}},"line":192},"8":{"name":"(anonymous_8)","decl":{"start":{"line":210,"column":8},"end":{"line":210,"column":33}},"loc":{"start":{"line":210,"column":33},"end":{"line":217,"column":null}},"line":210},"9":{"name":"(anonymous_9)","decl":{"start":{"line":222,"column":16},"end":{"line":222,"column":null}},"loc":{"start":{"line":226,"column":19},"end":{"line":256,"column":null}},"line":226},"10":{"name":"(anonymous_10)","decl":{"start":{"line":261,"column":8},"end":{"line":261,"column":23}},"loc":{"start":{"line":261,"column":69},"end":{"line":275,"column":null}},"line":261},"11":{"name":"(anonymous_11)","decl":{"start":{"line":280,"column":8},"end":{"line":280,"column":26}},"loc":{"start":{"line":280,"column":79},"end":{"line":293,"column":null}},"line":280},"12":{"name":"(anonymous_12)","decl":{"start":{"line":298,"column":8},"end":{"line":298,"column":23}},"loc":{"start":{"line":298,"column":110},"end":{"line":313,"column":null}},"line":298},"13":{"name":"(anonymous_13)","decl":{"start":{"line":318,"column":8},"end":{"line":318,"column":22}},"loc":{"start":{"line":318,"column":62},"end":{"line":330,"column":null}},"line":318},"14":{"name":"(anonymous_14)","decl":{"start":{"line":335,"column":8},"end":{"line":335,"column":23}},"loc":{"start":{"line":335,"column":86},"end":{"line":349,"column":null}},"line":335},"15":{"name":"(anonymous_15)","decl":{"start":{"line":354,"column":8},"end":{"line":354,"column":25}},"loc":{"start":{"line":354,"column":88},"end":{"line":369,"column":null}},"line":354},"16":{"name":"(anonymous_16)","decl":{"start":{"line":374,"column":8},"end":{"line":374,"column":25}},"loc":{"start":{"line":374,"column":52},"end":{"line":386,"column":null}},"line":374},"17":{"name":"(anonymous_17)","decl":{"start":{"line":391,"column":8},"end":{"line":391,"column":26}},"loc":{"start":{"line":391,"column":84},"end":{"line":406,"column":null}},"line":391},"18":{"name":"getSupabaseService","decl":{"start":{"line":412,"column":16},"end":{"line":412,"column":54}},"loc":{"start":{"line":412,"column":54},"end":{"line":417,"column":null}},"line":412}},"branchMap":{"0":{"loc":{"start":{"line":11,"column":21},"end":{"line":11,"column":null}},"type":"binary-expr","locations":[{"start":{"line":11,"column":21},"end":{"line":11,"column":58}},{"start":{"line":11,"column":58},"end":{"line":11,"column":null}}],"line":11},"1":{"loc":{"start":{"line":12,"column":26},"end":{"line":12,"column":null}},"type":"binary-expr","locations":[{"start":{"line":12,"column":26},"end":{"line":12,"column":68}},{"start":{"line":12,"column":68},"end":{"line":12,"column":null}}],"line":12},"2":{"loc":{"start":{"line":107,"column":4},"end":{"line":109,"column":null}},"type":"if","locations":[{"start":{"line":107,"column":4},"end":{"line":109,"column":null}},{"start":{},"end":{}}],"line":107},"3":{"loc":{"start":{"line":107,"column":8},"end":{"line":107,"column":43}},"type":"binary-expr","locations":[{"start":{"line":107,"column":8},"end":{"line":107,"column":24}},{"start":{"line":107,"column":24},"end":{"line":107,"column":43}}],"line":107},"4":{"loc":{"start":{"line":134,"column":27},"end":{"line":134,"column":null}},"type":"binary-expr","locations":[{"start":{"line":134,"column":27},"end":{"line":134,"column":44}},{"start":{"line":134,"column":44},"end":{"line":134,"column":null}}],"line":134},"5":{"loc":{"start":{"line":146,"column":11},"end":{"line":146,"column":null}},"type":"binary-expr","locations":[{"start":{"line":146,"column":11},"end":{"line":146,"column":33}},{"start":{"line":146,"column":33},"end":{"line":146,"column":null}}],"line":146},"6":{"loc":{"start":{"line":153,"column":4},"end":{"line":153,"column":null}},"type":"if","locations":[{"start":{"line":153,"column":4},"end":{"line":153,"column":null}},{"start":{},"end":{}}],"line":153},"7":{"loc":{"start":{"line":168,"column":4},"end":{"line":168,"column":null}},"type":"if","locations":[{"start":{"line":168,"column":4},"end":{"line":168,"column":null}},{"start":{},"end":{}}],"line":168},"8":{"loc":{"start":{"line":180,"column":4},"end":{"line":180,"column":null}},"type":"if","locations":[{"start":{"line":180,"column":4},"end":{"line":180,"column":null}},{"start":{},"end":{}}],"line":180},"9":{"loc":{"start":{"line":181,"column":4},"end":{"line":181,"column":null}},"type":"if","locations":[{"start":{"line":181,"column":4},"end":{"line":181,"column":null}},{"start":{},"end":{}}],"line":181},"10":{"loc":{"start":{"line":193,"column":4},"end":{"line":193,"column":null}},"type":"if","locations":[{"start":{"line":193,"column":4},"end":{"line":193,"column":null}},{"start":{},"end":{}}],"line":193},"11":{"loc":{"start":{"line":200,"column":4},"end":{"line":200,"column":null}},"type":"if","locations":[{"start":{"line":200,"column":4},"end":{"line":200,"column":null}},{"start":{},"end":{}}],"line":200},"12":{"loc":{"start":{"line":201,"column":4},"end":{"line":201,"column":null}},"type":"if","locations":[{"start":{"line":201,"column":4},"end":{"line":201,"column":null}},{"start":{},"end":{}}],"line":201},"13":{"loc":{"start":{"line":211,"column":4},"end":{"line":211,"column":null}},"type":"if","locations":[{"start":{"line":211,"column":4},"end":{"line":211,"column":null}},{"start":{},"end":{}}],"line":211},"14":{"loc":{"start":{"line":214,"column":4},"end":{"line":214,"column":null}},"type":"if","locations":[{"start":{"line":214,"column":4},"end":{"line":214,"column":null}},{"start":{},"end":{}}],"line":214},"15":{"loc":{"start":{"line":227,"column":4},"end":{"line":227,"column":null}},"type":"if","locations":[{"start":{"line":227,"column":4},"end":{"line":227,"column":null}},{"start":{},"end":{}}],"line":227},"16":{"loc":{"start":{"line":255,"column":4},"end":{"line":255,"column":null}},"type":"if","locations":[{"start":{"line":255,"column":4},"end":{"line":255,"column":null}},{"start":{},"end":{}}],"line":255},"17":{"loc":{"start":{"line":262,"column":4},"end":{"line":262,"column":null}},"type":"if","locations":[{"start":{"line":262,"column":4},"end":{"line":262,"column":null}},{"start":{},"end":{}}],"line":262},"18":{"loc":{"start":{"line":264,"column":15},"end":{"line":264,"column":null}},"type":"binary-expr","locations":[{"start":{"line":264,"column":15},"end":{"line":264,"column":25}},{"start":{"line":264,"column":25},"end":{"line":264,"column":null}}],"line":264},"19":{"loc":{"start":{"line":265,"column":4},"end":{"line":265,"column":null}},"type":"if","locations":[{"start":{"line":265,"column":4},"end":{"line":265,"column":null}},{"start":{},"end":{}}],"line":265},"20":{"loc":{"start":{"line":273,"column":4},"end":{"line":273,"column":null}},"type":"if","locations":[{"start":{"line":273,"column":4},"end":{"line":273,"column":null}},{"start":{},"end":{}}],"line":273},"21":{"loc":{"start":{"line":281,"column":4},"end":{"line":281,"column":null}},"type":"if","locations":[{"start":{"line":281,"column":4},"end":{"line":281,"column":null}},{"start":{},"end":{}}],"line":281},"22":{"loc":{"start":{"line":282,"column":4},"end":{"line":282,"column":null}},"type":"if","locations":[{"start":{"line":282,"column":4},"end":{"line":282,"column":null}},{"start":{},"end":{}}],"line":282},"23":{"loc":{"start":{"line":291,"column":4},"end":{"line":291,"column":null}},"type":"if","locations":[{"start":{"line":291,"column":4},"end":{"line":291,"column":null}},{"start":{},"end":{}}],"line":291},"24":{"loc":{"start":{"line":299,"column":4},"end":{"line":299,"column":null}},"type":"if","locations":[{"start":{"line":299,"column":4},"end":{"line":299,"column":null}},{"start":{},"end":{}}],"line":299},"25":{"loc":{"start":{"line":300,"column":4},"end":{"line":300,"column":null}},"type":"if","locations":[{"start":{"line":300,"column":4},"end":{"line":300,"column":null}},{"start":{},"end":{}}],"line":300},"26":{"loc":{"start":{"line":311,"column":4},"end":{"line":311,"column":null}},"type":"if","locations":[{"start":{"line":311,"column":4},"end":{"line":311,"column":null}},{"start":{},"end":{}}],"line":311},"27":{"loc":{"start":{"line":319,"column":4},"end":{"line":319,"column":null}},"type":"if","locations":[{"start":{"line":319,"column":4},"end":{"line":319,"column":null}},{"start":{},"end":{}}],"line":319},"28":{"loc":{"start":{"line":328,"column":4},"end":{"line":328,"column":null}},"type":"if","locations":[{"start":{"line":328,"column":4},"end":{"line":328,"column":null}},{"start":{},"end":{}}],"line":328},"29":{"loc":{"start":{"line":335,"column":23},"end":{"line":335,"column":43}},"type":"default-arg","locations":[{"start":{"line":335,"column":39},"end":{"line":335,"column":43}}],"line":335},"30":{"loc":{"start":{"line":335,"column":43},"end":{"line":335,"column":86}},"type":"default-arg","locations":[{"start":{"line":335,"column":60},"end":{"line":335,"column":86}}],"line":335},"31":{"loc":{"start":{"line":336,"column":4},"end":{"line":336,"column":null}},"type":"if","locations":[{"start":{"line":336,"column":4},"end":{"line":336,"column":null}},{"start":{},"end":{}}],"line":336},"32":{"loc":{"start":{"line":337,"column":4},"end":{"line":337,"column":null}},"type":"if","locations":[{"start":{"line":337,"column":4},"end":{"line":337,"column":null}},{"start":{},"end":{}}],"line":337},"33":{"loc":{"start":{"line":347,"column":4},"end":{"line":347,"column":null}},"type":"if","locations":[{"start":{"line":347,"column":4},"end":{"line":347,"column":null}},{"start":{},"end":{}}],"line":347},"34":{"loc":{"start":{"line":348,"column":11},"end":{"line":348,"column":null}},"type":"binary-expr","locations":[{"start":{"line":348,"column":11},"end":{"line":348,"column":19}},{"start":{"line":348,"column":19},"end":{"line":348,"column":null}}],"line":348},"35":{"loc":{"start":{"line":355,"column":4},"end":{"line":355,"column":null}},"type":"if","locations":[{"start":{"line":355,"column":4},"end":{"line":355,"column":null}},{"start":{},"end":{}}],"line":355},"36":{"loc":{"start":{"line":367,"column":4},"end":{"line":367,"column":null}},"type":"if","locations":[{"start":{"line":367,"column":4},"end":{"line":367,"column":null}},{"start":{},"end":{}}],"line":367},"37":{"loc":{"start":{"line":375,"column":4},"end":{"line":375,"column":null}},"type":"if","locations":[{"start":{"line":375,"column":4},"end":{"line":375,"column":null}},{"start":{},"end":{}}],"line":375},"38":{"loc":{"start":{"line":385,"column":4},"end":{"line":385,"column":null}},"type":"if","locations":[{"start":{"line":385,"column":4},"end":{"line":385,"column":null}},{"start":{},"end":{}}],"line":385},"39":{"loc":{"start":{"line":391,"column":41},"end":{"line":391,"column":84}},"type":"default-arg","locations":[{"start":{"line":391,"column":57},"end":{"line":391,"column":84}}],"line":391},"40":{"loc":{"start":{"line":392,"column":4},"end":{"line":392,"column":null}},"type":"if","locations":[{"start":{"line":392,"column":4},"end":{"line":392,"column":null}},{"start":{},"end":{}}],"line":392},"41":{"loc":{"start":{"line":393,"column":4},"end":{"line":393,"column":null}},"type":"if","locations":[{"start":{"line":393,"column":4},"end":{"line":393,"column":null}},{"start":{},"end":{}}],"line":393},"42":{"loc":{"start":{"line":404,"column":4},"end":{"line":404,"column":null}},"type":"if","locations":[{"start":{"line":404,"column":4},"end":{"line":404,"column":null}},{"start":{},"end":{}}],"line":404},"43":{"loc":{"start":{"line":405,"column":11},"end":{"line":405,"column":null}},"type":"binary-expr","locations":[{"start":{"line":405,"column":11},"end":{"line":405,"column":19}},{"start":{"line":405,"column":19},"end":{"line":405,"column":null}}],"line":405},"44":{"loc":{"start":{"line":413,"column":2},"end":{"line":415,"column":null}},"type":"if","locations":[{"start":{"line":413,"column":2},"end":{"line":415,"column":null}},{"start":{},"end":{}}],"line":413}},"s":{"0":1,"1":1,"2":16,"3":16,"4":16,"5":16,"6":0,"7":0,"8":0,"9":0,"10":0,"11":0,"12":0,"13":0,"14":2,"15":2,"16":2,"17":0,"18":1,"19":1,"20":1,"21":0,"22":0,"23":0,"24":0,"25":0,"26":0,"27":0,"28":1,"29":1,"30":0,"31":0,"32":0,"33":0,"34":0,"35":0,"36":0,"37":1,"38":1,"39":0,"40":0,"41":0,"42":0,"43":0,"44":0,"45":0,"46":0,"47":0,"48":0,"49":1,"50":1,"51":0,"52":1,"53":0,"54":0,"55":0,"56":0,"57":0,"58":0,"59":0,"60":0,"61":0,"62":0,"63":0,"64":0,"65":0,"66":0,"67":0,"68":0,"69":0,"70":0,"71":0,"72":0,"73":0,"74":0,"75":0,"76":0,"77":0,"78":0,"79":0,"80":0,"81":0,"82":0,"83":0,"84":0,"85":0,"86":0,"87":0,"88":0,"89":0,"90":0,"91":0,"92":0,"93":0,"94":0,"95":0,"96":0,"97":0,"98":0,"99":0,"100":0,"101":0,"102":0,"103":0,"104":0,"105":0,"106":0,"107":1,"108":3,"109":1,"110":3},"f":{"0":16,"1":0,"2":0,"3":2,"4":2,"5":1,"6":1,"7":1,"8":1,"9":0,"10":1,"11":0,"12":0,"13":0,"14":0,"15":0,"16":0,"17":0,"18":3},"b":{"0":[1,1],"1":[1,1],"2":[0,16],"3":[16,0],"4":[0,0],"5":[2,0],"6":[2,0],"7":[1,0],"8":[0,0],"9":[0,0],"10":[1,0],"11":[0,0],"12":[0,0],"13":[1,0],"14":[0,0],"15":[0,0],"16":[0,0],"17":[1,0],"18":[0,0],"19":[0,1],"20":[0,0],"21":[0,0],"22":[0,0],"23":[0,0],"24":[0,0],"25":[0,0],"26":[0,0],"27":[0,0],"28":[0,0],"29":[0],"30":[0],"31":[0,0],"32":[0,0],"33":[0,0],"34":[0,0],"35":[0,0],"36":[0,0],"37":[0,0],"38":[0,0],"39":[0],"40":[0,0],"41":[0,0],"42":[0,0],"43":[0,0],"44":[1,2]},"meta":{"lastBranch":45,"lastFunction":19,"lastStatement":111,"seen":{"s:11:21:11:Infinity":0,"b:11:21:11:58:11:58:11:Infinity":0,"s:12:26:12:Infinity":1,"b:12:26:12:68:12:68:12:Infinity":1,"s:102:42:102:Infinity":2,"s:103:37:103:Infinity":3,"s:104:35:104:Infinity":4,"f:106:2:106:16":0,"b:107:4:109:Infinity:undefined:undefined:undefined:undefined":2,"s:107:4:109:Infinity":5,"b:107:8:107:24:107:24:107:43":3,"s:108:6:108:Infinity":6,"f:115:10:115:29":1,"s:116:4:139:Infinity":7,"s:117:6:128:Infinity":8,"s:130:6:130:Infinity":9,"s:133:6:135:Infinity":10,"f:133:41:133:42":2,"s:134:8:134:Infinity":11,"b:134:27:134:44:134:44:134:Infinity":4,"s:137:6:137:Infinity":12,"s:138:6:138:Infinity":13,"f:145:2:145:25":3,"s:146:4:146:Infinity":14,"b:146:11:146:33:146:33:146:Infinity":5,"f:152:2:152:30":4,"b:153:4:153:Infinity:undefined:undefined:undefined:undefined":6,"s:153:4:153:Infinity":15,"s:153:22:153:Infinity":16,"s:154:4:154:Infinity":17,"f:160:2:160:32":5,"s:161:4:161:Infinity":18,"f:167:8:167:15":6,"b:168:4:168:Infinity:undefined:undefined:undefined:undefined":7,"s:168:4:168:Infinity":19,"s:168:22:168:Infinity":20,"s:170:28:178:Infinity":21,"b:180:4:180:Infinity:undefined:undefined:undefined:undefined":8,"s:180:4:180:Infinity":22,"s:180:15:180:Infinity":23,"b:181:4:181:Infinity:undefined:undefined:undefined:undefined":9,"s:181:4:181:Infinity":24,"s:181:20:181:Infinity":25,"s:184:4:184:Infinity":26,"s:186:4:186:Infinity":27,"f:192:8:192:15":7,"b:193:4:193:Infinity:undefined:undefined:undefined:undefined":10,"s:193:4:193:Infinity":28,"s:193:22:193:Infinity":29,"s:195:28:198:Infinity":30,"b:200:4:200:Infinity:undefined:undefined:undefined:undefined":11,"s:200:4:200:Infinity":31,"s:200:15:200:Infinity":32,"b:201:4:201:Infinity:undefined:undefined:undefined:undefined":12,"s:201:4:201:Infinity":33,"s:201:23:201:Infinity":34,"s:203:4:203:Infinity":35,"s:204:4:204:Infinity":36,"f:210:8:210:33":8,"b:211:4:211:Infinity:undefined:undefined:undefined:undefined":13,"s:211:4:211:Infinity":37,"s:211:22:211:Infinity":38,"s:213:22:213:Infinity":39,"b:214:4:214:Infinity:undefined:undefined:undefined:undefined":14,"s:214:4:214:Infinity":40,"s:214:15:214:Infinity":41,"s:216:4:216:Infinity":42,"f:222:16:222:Infinity":9,"b:227:4:227:Infinity:undefined:undefined:undefined:undefined":15,"s:227:4:227:Infinity":43,"s:227:22:227:Infinity":44,"s:229:42:249:Infinity":45,"s:251:22:253:Infinity":46,"b:255:4:255:Infinity:undefined:undefined:undefined:undefined":16,"s:255:4:255:Infinity":47,"s:255:15:255:Infinity":48,"f:261:8:261:23":10,"b:262:4:262:Infinity:undefined:undefined:undefined:undefined":17,"s:262:4:262:Infinity":49,"s:262:22:262:Infinity":50,"s:264:15:264:Infinity":51,"b:264:15:264:25:264:25:264:Infinity":18,"b:265:4:265:Infinity:undefined:undefined:undefined:undefined":19,"s:265:4:265:Infinity":52,"s:265:13:265:Infinity":53,"s:267:28:271:Infinity":54,"b:273:4:273:Infinity:undefined:undefined:undefined:undefined":20,"s:273:4:273:Infinity":55,"s:273:15:273:Infinity":56,"s:274:4:274:Infinity":57,"f:280:8:280:26":11,"b:281:4:281:Infinity:undefined:undefined:undefined:undefined":21,"s:281:4:281:Infinity":58,"s:281:22:281:Infinity":59,"b:282:4:282:Infinity:undefined:undefined:undefined:undefined":22,"s:282:4:282:Infinity":60,"s:282:27:282:Infinity":61,"s:284:28:289:Infinity":62,"b:291:4:291:Infinity:undefined:undefined:undefined:undefined":23,"s:291:4:291:Infinity":63,"s:291:15:291:Infinity":64,"s:292:4:292:Infinity":65,"f:298:8:298:23":12,"b:299:4:299:Infinity:undefined:undefined:undefined:undefined":24,"s:299:4:299:Infinity":66,"s:299:22:299:Infinity":67,"b:300:4:300:Infinity:undefined:undefined:undefined:undefined":25,"s:300:4:300:Infinity":68,"s:300:27:300:Infinity":69,"s:302:28:309:Infinity":70,"b:311:4:311:Infinity:undefined:undefined:undefined:undefined":26,"s:311:4:311:Infinity":71,"s:311:15:311:Infinity":72,"s:312:4:312:Infinity":73,"f:318:8:318:22":13,"b:319:4:319:Infinity:undefined:undefined:undefined:undefined":27,"s:319:4:319:Infinity":74,"s:319:22:319:Infinity":75,"s:321:28:326:Infinity":76,"b:328:4:328:Infinity:undefined:undefined:undefined:undefined":28,"s:328:4:328:Infinity":77,"s:328:15:328:Infinity":78,"s:329:4:329:Infinity":79,"f:335:8:335:23":14,"b:335:39:335:43":29,"b:335:60:335:86":30,"b:336:4:336:Infinity:undefined:undefined:undefined:undefined":31,"s:336:4:336:Infinity":80,"s:336:22:336:Infinity":81,"b:337:4:337:Infinity:undefined:undefined:undefined:undefined":32,"s:337:4:337:Infinity":82,"s:337:27:337:Infinity":83,"s:339:28:345:Infinity":84,"b:347:4:347:Infinity:undefined:undefined:undefined:undefined":33,"s:347:4:347:Infinity":85,"s:347:15:347:Infinity":86,"s:348:4:348:Infinity":87,"b:348:11:348:19:348:19:348:Infinity":34,"f:354:8:354:25":15,"b:355:4:355:Infinity:undefined:undefined:undefined:undefined":35,"s:355:4:355:Infinity":88,"s:355:22:355:Infinity":89,"s:357:28:365:Infinity":90,"b:367:4:367:Infinity:undefined:undefined:undefined:undefined":36,"s:367:4:367:Infinity":91,"s:367:15:367:Infinity":92,"s:368:4:368:Infinity":93,"f:374:8:374:25":16,"b:375:4:375:Infinity:undefined:undefined:undefined:undefined":37,"s:375:4:375:Infinity":94,"s:375:22:375:Infinity":95,"s:377:22:383:Infinity":96,"b:385:4:385:Infinity:undefined:undefined:undefined:undefined":38,"s:385:4:385:Infinity":97,"s:385:15:385:Infinity":98,"f:391:8:391:26":17,"b:391:57:391:84":39,"b:392:4:392:Infinity:undefined:undefined:undefined:undefined":40,"s:392:4:392:Infinity":99,"s:392:22:392:Infinity":100,"b:393:4:393:Infinity:undefined:undefined:undefined:undefined":41,"s:393:4:393:Infinity":101,"s:393:27:393:Infinity":102,"s:395:28:402:Infinity":103,"b:404:4:404:Infinity:undefined:undefined:undefined:undefined":42,"s:404:4:404:Infinity":104,"s:404:15:404:Infinity":105,"s:405:4:405:Infinity":106,"b:405:11:405:19:405:19:405:Infinity":43,"s:410:47:410:Infinity":107,"f:412:16:412:54":18,"b:413:2:415:Infinity:undefined:undefined:undefined:undefined":44,"s:413:2:415:Infinity":108,"s:414:4:414:Infinity":109,"s:416:2:416:Infinity":110}}}
}
