TN:
SF:src\App.tsx
FN:72,(anonymous_0)
FN:106,(anonymous_1)
FN:107,(anonymous_2)
FN:110,(anonymous_3)
FN:115,(anonymous_4)
FN:119,(anonymous_5)
FN:120,(anonymous_6)
FN:157,(anonymous_7)
FN:160,(anonymous_8)
FN:164,(anonymous_9)
FN:175,(anonymous_10)
FN:197,(anonymous_11)
FN:206,(anonymous_12)
FN:215,(anonymous_13)
FN:223,(anonymous_14)
FN:255,(anonymous_15)
FN:256,(anonymous_16)
FN:261,(anonymous_17)
FN:280,(anonymous_18)
FN:341,(anonymous_19)
FN:360,(anonymous_20)
FN:372,(anonymous_21)
FN:377,(anonymous_22)
FN:394,(anonymous_23)
FN:401,(anonymous_24)
FN:409,(anonymous_25)
FN:420,(anonymous_26)
FN:440,(anonymous_27)
FN:453,(anonymous_28)
FN:473,(anonymous_29)
FN:481,(anonymous_30)
FN:485,(anonymous_31)
FN:494,(anonymous_32)
FN:556,(anonymous_33)
FN:563,(anonymous_34)
FN:570,(anonymous_35)
FN:605,(anonymous_36)
FN:623,(anonymous_37)
FN:715,(anonymous_38)
FN:738,(anonymous_39)
FN:758,(anonymous_40)
FN:770,(anonymous_41)
FN:832,(anonymous_42)
FN:851,(anonymous_43)
FN:869,(anonymous_44)
FN:936,(anonymous_45)
FN:942,(anonymous_46)
FNF:47
FNH:10
FNDA:15,(anonymous_0)
FNDA:7,(anonymous_1)
FNDA:0,(anonymous_2)
FNDA:0,(anonymous_3)
FNDA:7,(anonymous_4)
FNDA:7,(anonymous_5)
FNDA:7,(anonymous_6)
FNDA:7,(anonymous_7)
FNDA:7,(anonymous_8)
FNDA:0,(anonymous_9)
FNDA:0,(anonymous_10)
FNDA:0,(anonymous_11)
FNDA:0,(anonymous_12)
FNDA:0,(anonymous_13)
FNDA:0,(anonymous_14)
FNDA:7,(anonymous_15)
FNDA:0,(anonymous_16)
FNDA:0,(anonymous_17)
FNDA:0,(anonymous_18)
FNDA:0,(anonymous_19)
FNDA:7,(anonymous_20)
FNDA:0,(anonymous_21)
FNDA:0,(anonymous_22)
FNDA:0,(anonymous_23)
FNDA:0,(anonymous_24)
FNDA:0,(anonymous_25)
FNDA:0,(anonymous_26)
FNDA:0,(anonymous_27)
FNDA:0,(anonymous_28)
FNDA:0,(anonymous_29)
FNDA:0,(anonymous_30)
FNDA:0,(anonymous_31)
FNDA:0,(anonymous_32)
FNDA:0,(anonymous_33)
FNDA:0,(anonymous_34)
FNDA:0,(anonymous_35)
FNDA:140,(anonymous_36)
FNDA:0,(anonymous_37)
FNDA:0,(anonymous_38)
FNDA:0,(anonymous_39)
FNDA:0,(anonymous_40)
FNDA:0,(anonymous_41)
FNDA:0,(anonymous_42)
FNDA:0,(anonymous_43)
FNDA:0,(anonymous_44)
FNDA:0,(anonymous_45)
FNDA:0,(anonymous_46)
DA:72,1
DA:73,15
DA:74,15
DA:75,15
DA:76,15
DA:77,15
DA:78,15
DA:79,15
DA:80,15
DA:81,15
DA:82,15
DA:83,15
DA:85,15
DA:88,15
DA:89,15
DA:92,15
DA:93,15
DA:97,15
DA:98,15
DA:103,15
DA:106,15
DA:107,7
DA:108,0
DA:109,0
DA:110,0
DA:114,7
DA:115,7
DA:119,15
DA:120,7
DA:121,7
DA:123,7
DA:124,7
DA:127,7
DA:134,0
DA:135,0
DA:138,0
DA:139,0
DA:140,0
DA:143,0
DA:145,0
DA:147,7
DA:148,7
DA:149,7
DA:153,7
DA:157,15
DA:158,7
DA:160,7
DA:161,7
DA:163,7
DA:165,0
DA:166,0
DA:167,0
DA:168,0
DA:174,0
DA:176,0
DA:177,0
DA:178,0
DA:181,0
DA:182,0
DA:183,0
DA:187,0
DA:189,0
DA:196,0
DA:198,0
DA:199,0
DA:200,0
DA:205,0
DA:207,0
DA:209,0
DA:214,0
DA:216,0
DA:217,0
DA:222,0
DA:224,0
DA:226,0
DA:227,0
DA:228,0
DA:230,0
DA:234,0
DA:235,0
DA:236,0
DA:238,0
DA:239,0
DA:242,0
DA:248,7
DA:249,7
DA:253,7
DA:255,7
DA:256,7
DA:260,15
DA:262,0
DA:264,0
DA:265,0
DA:267,0
DA:268,0
DA:270,0
DA:271,0
DA:273,0
DA:280,15
DA:281,0
DA:282,0
DA:285,0
DA:288,0
DA:332,0
DA:333,0
DA:334,0
DA:338,0
DA:339,0
DA:341,0
DA:342,0
DA:343,0
DA:344,0
DA:346,0
DA:350,0
DA:352,0
DA:353,0
DA:356,0
DA:360,15
DA:363,7
DA:366,7
DA:367,7
DA:368,7
DA:369,7
DA:370,7
DA:372,7
DA:373,0
DA:374,0
DA:377,7
DA:378,0
DA:379,0
DA:381,0
DA:382,0
DA:383,0
DA:384,0
DA:385,0
DA:387,0
DA:391,0
DA:393,0
DA:394,0
DA:395,0
DA:397,0
DA:401,7
DA:402,0
DA:403,0
DA:404,0
DA:406,0
DA:409,7
DA:410,0
DA:411,0
DA:414,7
DA:416,0
DA:420,15
DA:421,0
DA:422,0
DA:425,0
DA:426,0
DA:427,0
DA:429,0
DA:432,0
DA:433,0
DA:440,15
DA:441,0
DA:443,0
DA:444,0
DA:446,0
DA:448,0
DA:449,0
DA:453,15
DA:454,0
DA:455,0
DA:456,0
DA:458,0
DA:462,0
DA:463,0
DA:464,0
DA:465,0
DA:467,0
DA:468,0
DA:469,0
DA:473,15
DA:474,0
DA:475,0
DA:477,0
DA:481,15
DA:482,0
DA:485,15
DA:486,0
DA:487,0
DA:490,0
DA:494,15
DA:495,0
DA:497,0
DA:498,0
DA:499,0
DA:500,0
DA:501,0
DA:502,0
DA:503,0
DA:504,0
DA:505,0
DA:508,15
DA:556,0
DA:563,0
DA:570,0
DA:606,140
DA:624,0
DA:716,0
DA:717,0
DA:739,0
DA:740,0
DA:758,0
DA:770,0
DA:832,0
DA:851,0
DA:869,0
DA:936,0
DA:942,0
LF:217
LH:67
BRDA:108,0,0,0
BRDA:108,0,1,0
BRDA:108,1,0,0
BRDA:108,1,1,0
BRDA:108,1,2,0
BRDA:134,2,0,0
BRDA:134,2,1,0
BRDA:167,3,0,0
BRDA:167,3,1,0
BRDA:181,4,0,0
BRDA:181,4,1,0
BRDA:224,5,0,0
BRDA:224,5,1,0
BRDA:238,6,0,0
BRDA:238,6,1,0
BRDA:262,7,0,0
BRDA:262,7,1,0
BRDA:262,7,2,0
BRDA:262,7,3,0
BRDA:281,8,0,0
BRDA:281,8,1,0
BRDA:338,9,0,0
BRDA:338,9,1,0
BRDA:350,10,0,0
BRDA:350,10,1,0
BRDA:363,11,0,7
BRDA:363,11,1,0
BRDA:366,12,0,7
BRDA:366,12,1,0
BRDA:370,13,0,7
BRDA:370,13,1,7
BRDA:383,14,0,0
BRDA:383,14,1,0
BRDA:385,15,0,0
BRDA:385,15,1,0
BRDA:391,16,0,0
BRDA:391,16,1,0
BRDA:394,17,0,0
BRDA:394,17,1,0
BRDA:403,18,0,0
BRDA:403,18,1,0
BRDA:425,19,0,0
BRDA:425,19,1,0
BRDA:435,20,0,0
BRDA:435,20,1,0
BRDA:443,21,0,0
BRDA:443,21,1,0
BRDA:474,22,0,0
BRDA:474,22,1,0
BRDA:524,23,0,15
BRDA:524,23,1,0
BRDA:534,24,0,0
BRDA:534,24,1,14
BRDA:538,25,0,0
BRDA:538,25,1,14
BRDA:540,26,0,0
BRDA:540,26,1,14
BRDA:555,27,0,0
BRDA:555,27,1,14
BRDA:589,28,0,0
BRDA:589,28,1,14
BRDA:589,29,0,7
BRDA:589,29,1,7
BRDA:593,30,0,7
BRDA:593,30,1,7
BRDA:595,31,0,0
BRDA:595,31,1,7
BRDA:597,32,0,0
BRDA:597,32,1,7
BRDA:608,33,0,0
BRDA:608,33,1,140
BRDA:608,34,0,140
BRDA:608,34,1,0
BRDA:620,35,0,15
BRDA:620,35,1,14
BRDA:653,36,0,14
BRDA:653,36,1,0
BRDA:653,37,0,15
BRDA:653,37,1,14
BRDA:672,38,0,0
BRDA:672,38,1,0
BRDA:674,39,0,0
BRDA:674,39,1,0
BRDA:678,40,0,0
BRDA:678,40,1,0
BRDA:683,41,0,15
BRDA:683,41,1,0
BRDA:714,42,0,15
BRDA:714,42,1,14
BRDA:716,43,0,0
BRDA:716,43,1,0
BRDA:737,44,0,15
BRDA:737,44,1,14
BRDA:739,45,0,0
BRDA:739,45,1,0
BRDA:758,46,0,0
BRDA:758,46,1,0
BRDA:759,47,0,15
BRDA:759,47,1,0
BRDA:765,48,0,15
BRDA:765,48,1,0
BRDA:805,49,0,15
BRDA:805,49,1,0
BRDA:827,50,0,15
BRDA:827,50,1,0
BRDA:830,51,0,0
BRDA:830,51,1,0
BRDA:841,52,0,15
BRDA:841,52,1,0
BRDA:848,53,0,15
BRDA:848,53,1,7
BRDA:862,54,0,15
BRDA:862,54,1,0
BRDA:880,55,0,0
BRDA:880,55,1,0
BRDA:888,56,0,0
BRDA:888,56,1,0
BRDA:896,57,0,0
BRDA:896,57,1,0
BRDA:907,58,0,0
BRDA:907,58,1,0
BRDA:915,59,0,0
BRDA:915,59,1,0
BRDA:923,60,0,0
BRDA:923,60,1,0
BRDA:940,61,0,15
BRDA:940,61,1,0
BRF:127
BRH:37
end_of_record
TN:
SF:src\components\AIFeaturesPanel.tsx
FN:22,(anonymous_0)
FN:49,(anonymous_1)
FN:87,(anonymous_2)
FN:108,(anonymous_3)
FN:120,(anonymous_4)
FN:132,(anonymous_5)
FN:237,(anonymous_6)
FN:335,(anonymous_7)
FN:356,(anonymous_8)
FN:404,(anonymous_9)
FN:429,(anonymous_10)
FN:445,(anonymous_11)
FN:508,(anonymous_12)
FN:565,(anonymous_13)
FN:625,(anonymous_14)
FN:644,(anonymous_15)
FNF:16
FNH:2
FNDA:9,(anonymous_0)
FNDA:9,(anonymous_1)
FNDA:0,(anonymous_2)
FNDA:0,(anonymous_3)
FNDA:0,(anonymous_4)
FNDA:0,(anonymous_5)
FNDA:0,(anonymous_6)
FNDA:0,(anonymous_7)
FNDA:0,(anonymous_8)
FNDA:0,(anonymous_9)
FNDA:0,(anonymous_10)
FNDA:0,(anonymous_11)
FNDA:0,(anonymous_12)
FNDA:0,(anonymous_13)
FNDA:0,(anonymous_14)
FNDA:0,(anonymous_15)
DA:22,2
DA:46,9
DA:49,9
DA:50,9
DA:51,0
DA:70,0
DA:71,0
DA:72,0
DA:73,0
DA:74,0
DA:87,9
DA:108,9
DA:109,0
DA:111,0
DA:113,0
DA:115,0
DA:120,9
DA:121,0
DA:123,0
DA:125,0
DA:127,0
DA:132,9
DA:133,0
DA:135,0
DA:137,0
DA:139,0
DA:141,0
DA:145,9
DA:237,0
DA:335,0
DA:357,0
DA:405,0
DA:430,0
DA:445,0
DA:508,0
DA:566,0
DA:625,0
DA:645,0
LF:38
LH:9
BRDA:24,0,0,9
BRDA:50,1,0,0
BRDA:50,1,1,9
BRDA:50,2,0,9
BRDA:50,2,1,0
BRDA:109,3,0,0
BRDA:109,3,1,0
BRDA:109,3,2,0
BRDA:121,4,0,0
BRDA:121,4,1,0
BRDA:121,4,2,0
BRDA:133,5,0,0
BRDA:133,5,1,0
BRDA:133,5,2,0
BRDA:133,5,3,0
BRDA:165,6,0,9
BRDA:165,6,1,1
BRDA:184,7,0,9
BRDA:184,7,1,0
BRDA:238,8,0,9
BRDA:238,8,1,9
BRDA:241,9,0,0
BRDA:241,9,1,9
BRDA:245,10,0,0
BRDA:245,10,1,9
BRDA:245,11,0,9
BRDA:245,11,1,9
BRDA:249,12,0,0
BRDA:249,12,1,9
BRDA:253,13,0,9
BRDA:253,13,1,0
BRDA:336,14,0,9
BRDA:336,14,1,9
BRDA:339,15,0,0
BRDA:339,15,1,9
BRDA:344,16,0,0
BRDA:344,16,1,9
BRDA:344,17,0,9
BRDA:344,17,1,9
BRDA:350,18,0,0
BRDA:350,18,1,9
BRDA:354,19,0,9
BRDA:354,19,1,0
BRDA:407,20,0,9
BRDA:407,20,1,9
BRDA:410,21,0,0
BRDA:410,21,1,9
BRDA:415,22,0,0
BRDA:415,22,1,9
BRDA:415,23,0,9
BRDA:415,23,1,9
BRDA:421,24,0,0
BRDA:421,24,1,9
BRDA:425,25,0,0
BRDA:425,25,1,9
BRDA:434,26,0,0
BRDA:434,26,1,0
BRDA:435,27,0,0
BRDA:435,27,1,0
BRDA:451,28,0,0
BRDA:451,28,1,0
BRDA:452,29,0,0
BRDA:452,29,1,0
BRDA:509,30,0,9
BRDA:509,30,1,9
BRDA:512,31,0,0
BRDA:512,31,1,9
BRDA:517,32,0,0
BRDA:517,32,1,9
BRDA:517,33,0,9
BRDA:517,33,1,9
BRDA:521,34,0,0
BRDA:521,34,1,9
BRDA:525,35,0,9
BRDA:525,35,1,0
BRDA:626,36,0,9
BRDA:626,36,1,9
BRDA:629,37,0,0
BRDA:629,37,1,9
BRDA:634,38,0,0
BRDA:634,38,1,9
BRDA:634,39,0,9
BRDA:634,39,1,9
BRDA:638,40,0,0
BRDA:638,40,1,9
BRDA:642,41,0,9
BRDA:642,41,1,0
BRF:87
BRH:46
end_of_record
TN:
SF:src\components\FloatingDictationButton.css
FNF:0
FNH:0
LF:0
LH:0
BRF:0
BRH:0
end_of_record
TN:
SF:src\components\FloatingDictationButton.tsx
FN:16,(anonymous_0)
FN:37,(anonymous_1)
FN:41,(anonymous_2)
FN:42,(anonymous_3)
FN:45,(anonymous_4)
FN:51,(anonymous_5)
FN:58,(anonymous_6)
FN:69,(anonymous_7)
FN:72,(anonymous_8)
FN:77,(anonymous_9)
FN:97,(anonymous_10)
FN:103,(anonymous_11)
FN:110,(anonymous_12)
FN:122,(anonymous_13)
FN:157,(anonymous_14)
FN:229,(anonymous_15)
FN:325,(anonymous_16)
FN:329,(anonymous_17)
FN:336,(anonymous_18)
FNF:19
FNH:7
FNDA:22,(anonymous_0)
FNDA:15,(anonymous_1)
FNDA:0,(anonymous_2)
FNDA:0,(anonymous_3)
FNDA:15,(anonymous_4)
FNDA:3,(anonymous_5)
FNDA:2,(anonymous_6)
FNDA:0,(anonymous_7)
FNDA:0,(anonymous_8)
FNDA:0,(anonymous_9)
FNDA:0,(anonymous_10)
FNDA:0,(anonymous_11)
FNDA:21,(anonymous_12)
FNDA:39,(anonymous_13)
FNDA:0,(anonymous_14)
FNDA:0,(anonymous_15)
FNDA:0,(anonymous_16)
FNDA:0,(anonymous_17)
FNDA:0,(anonymous_18)
DA:16,2
DA:25,22
DA:26,22
DA:30,22
DA:31,22
DA:32,22
DA:33,22
DA:34,22
DA:37,22
DA:39,15
DA:40,3
DA:41,3
DA:42,0
DA:45,15
DA:46,15
DA:51,22
DA:52,3
DA:53,3
DA:54,3
DA:58,22
DA:59,2
DA:61,2
DA:62,1
DA:64,1
DA:69,22
DA:70,0
DA:72,0
DA:73,0
DA:77,22
DA:78,0
DA:80,0
DA:81,0
DA:83,0
DA:84,0
DA:85,0
DA:86,0
DA:87,0
DA:90,0
DA:97,22
DA:98,0
DA:99,0
DA:100,0
DA:103,0
DA:104,0
DA:105,0
DA:110,22
DA:111,21
DA:113,0
DA:115,1
DA:117,20
DA:122,22
DA:123,39
DA:124,0
DA:131,39
DA:135,39
DA:137,39
DA:139,0
DA:141,0
DA:143,0
DA:145,0
DA:150,22
DA:157,22
DA:158,0
DA:160,0
DA:163,0
DA:164,0
DA:168,0
DA:169,0
DA:170,0
DA:174,0
DA:175,0
DA:176,0
DA:177,0
DA:178,0
DA:180,0
DA:184,0
DA:185,0
DA:186,0
DA:192,0
DA:196,0
DA:197,0
DA:198,0
DA:204,0
DA:208,0
DA:209,0
DA:210,0
DA:213,0
DA:215,0
DA:219,0
DA:220,0
DA:224,0
DA:225,0
DA:229,0
DA:230,0
DA:232,0
DA:236,0
DA:239,0
DA:243,0
DA:244,0
DA:248,0
DA:251,0
DA:254,0
DA:258,22
DA:260,21
DA:262,21
DA:326,0
DA:329,0
DA:336,0
LF:108
LH:40
BRDA:20,0,0,22
BRDA:21,1,0,22
BRDA:22,2,0,22
BRDA:23,3,0,22
BRDA:39,4,0,3
BRDA:39,4,1,12
BRDA:46,5,0,3
BRDA:46,5,1,12
BRDA:59,6,0,0
BRDA:59,6,1,2
BRDA:61,7,0,1
BRDA:61,7,1,1
BRDA:78,8,0,0
BRDA:78,8,1,0
BRDA:83,9,0,0
BRDA:83,9,1,0
BRDA:83,10,0,0
BRDA:83,10,1,0
BRDA:85,11,0,0
BRDA:85,11,1,0
BRDA:98,12,0,0
BRDA:98,12,1,0
BRDA:111,13,0,0
BRDA:111,13,1,1
BRDA:111,13,2,20
BRDA:123,14,0,0
BRDA:123,14,1,39
BRDA:135,15,0,39
BRDA:135,15,1,0
BRDA:135,15,2,0
BRDA:135,15,3,0
BRDA:135,15,4,0
BRDA:160,16,0,0
BRDA:160,16,1,0
BRDA:160,16,2,0
BRDA:160,16,3,0
BRDA:160,16,4,0
BRDA:160,16,5,0
BRDA:160,16,6,0
BRDA:160,16,7,0
BRDA:160,16,8,0
BRDA:160,16,9,0
BRDA:160,16,10,0
BRDA:160,16,11,0
BRDA:160,16,12,0
BRDA:175,17,0,0
BRDA:175,17,1,0
BRDA:175,18,0,0
BRDA:175,18,1,0
BRDA:185,19,0,0
BRDA:185,19,1,0
BRDA:185,20,0,0
BRDA:185,20,1,0
BRDA:197,21,0,0
BRDA:197,21,1,0
BRDA:197,22,0,0
BRDA:197,22,1,0
BRDA:209,23,0,0
BRDA:209,23,1,0
BRDA:209,24,0,0
BRDA:209,24,1,0
BRDA:258,25,0,1
BRDA:258,25,1,21
BRDA:266,26,0,3
BRDA:266,26,1,18
BRDA:266,27,0,0
BRDA:266,27,1,21
BRDA:271,28,0,0
BRDA:271,28,1,21
BRDA:278,29,0,3
BRDA:278,29,1,18
BRDA:280,30,0,3
BRDA:280,30,1,18
BRDA:284,31,0,22
BRDA:284,31,1,3
BRDA:307,32,0,22
BRDA:307,32,1,3
BRDA:307,32,2,3
BRDA:313,33,0,22
BRDA:313,33,1,0
BRDA:318,34,0,0
BRDA:318,34,1,0
BRDA:319,35,0,0
BRDA:319,35,1,0
BRDA:320,36,0,0
BRDA:320,36,1,0
BRDA:321,37,0,0
BRDA:321,37,1,0
BRDA:344,38,0,22
BRDA:344,38,1,18
BRDA:344,38,2,18
BRDA:349,39,0,18
BRDA:349,39,1,0
BRDA:350,40,0,0
BRDA:350,40,1,18
BRF:95
BRH:36
end_of_record
TN:
SF:src\components\GlobalDictationSettings.tsx
FN:57,(anonymous_0)
FN:65,(anonymous_1)
FN:71,(anonymous_2)
FN:82,(anonymous_3)
FN:91,(anonymous_4)
FN:100,(anonymous_5)
FN:115,(anonymous_6)
FN:129,(anonymous_7)
FN:132,(anonymous_8)
FN:139,(anonymous_9)
FN:146,(anonymous_10)
FN:171,(anonymous_11)
FN:177,(anonymous_12)
FN:183,(anonymous_13)
FN:199,(anonymous_14)
FN:213,(anonymous_15)
FN:226,(anonymous_16)
FN:240,(anonymous_17)
FN:254,(anonymous_18)
FN:268,(anonymous_19)
FN:315,(anonymous_20)
FN:326,(anonymous_21)
FN:342,(anonymous_22)
FN:351,(anonymous_23)
FN:373,(anonymous_24)
FN:375,(anonymous_25)
FN:389,(anonymous_26)
FNF:27
FNH:5
FNDA:16,(anonymous_0)
FNDA:8,(anonymous_1)
FNDA:8,(anonymous_2)
FNDA:8,(anonymous_3)
FNDA:8,(anonymous_4)
FNDA:0,(anonymous_5)
FNDA:0,(anonymous_6)
FNDA:0,(anonymous_7)
FNDA:0,(anonymous_8)
FNDA:0,(anonymous_9)
FNDA:0,(anonymous_10)
FNDA:0,(anonymous_11)
FNDA:0,(anonymous_12)
FNDA:0,(anonymous_13)
FNDA:0,(anonymous_14)
FNDA:0,(anonymous_15)
FNDA:0,(anonymous_16)
FNDA:0,(anonymous_17)
FNDA:0,(anonymous_18)
FNDA:0,(anonymous_19)
FNDA:0,(anonymous_20)
FNDA:0,(anonymous_21)
FNDA:0,(anonymous_22)
FNDA:0,(anonymous_23)
FNDA:0,(anonymous_24)
FNDA:0,(anonymous_25)
FNDA:0,(anonymous_26)
DA:38,2
DA:57,2
DA:58,16
DA:59,16
DA:60,16
DA:61,16
DA:62,16
DA:63,16
DA:65,16
DA:66,8
DA:67,8
DA:68,8
DA:71,16
DA:72,8
DA:73,8
DA:74,8
DA:76,0
DA:78,8
DA:82,16
DA:83,8
DA:84,8
DA:85,8
DA:87,0
DA:91,16
DA:92,8
DA:93,8
DA:94,8
DA:96,0
DA:100,16
DA:101,0
DA:103,0
DA:104,0
DA:105,0
DA:106,0
DA:108,0
DA:109,0
DA:111,0
DA:115,16
DA:116,0
DA:118,0
DA:119,0
DA:120,0
DA:121,0
DA:122,0
DA:124,0
DA:125,0
DA:129,16
DA:130,0
DA:131,0
DA:132,0
DA:133,0
DA:135,0
DA:139,16
DA:140,0
DA:141,0
DA:142,0
DA:143,0
DA:146,16
DA:147,0
DA:150,16
DA:151,8
DA:160,7
DA:171,0
DA:177,0
DA:183,0
DA:199,0
DA:213,0
DA:226,0
DA:240,0
DA:254,0
DA:268,0
DA:315,0
DA:326,0
DA:343,0
DA:351,0
DA:373,0
DA:376,0
DA:390,0
LF:78
LH:33
BRDA:101,0,0,0
BRDA:101,0,1,0
BRDA:116,1,0,0
BRDA:116,1,1,0
BRDA:150,2,0,8
BRDA:150,2,1,8
BRDA:150,3,0,16
BRDA:150,3,1,7
BRDA:170,4,0,7
BRDA:170,4,1,0
BRDA:176,5,0,0
BRDA:176,5,1,7
BRDA:182,6,0,0
BRDA:182,6,1,7
BRDA:190,7,0,16
BRDA:190,7,1,7
BRDA:279,8,0,0
BRDA:279,8,1,7
BRDA:285,9,0,16
BRDA:285,9,1,0
BRDA:289,10,0,0
BRDA:289,10,1,0
BRDA:326,11,0,0
BRDA:326,11,1,0
BRDA:339,12,0,0
BRDA:339,12,1,0
BRDA:365,13,0,16
BRDA:365,13,1,0
BRDA:400,14,0,0
BRDA:400,14,1,0
BRF:30
BRH:12
end_of_record
TN:
SF:src\components\PricingModal.css
FNF:0
FNH:0
LF:0
LH:0
BRF:0
BRH:0
end_of_record
TN:
SF:src\components\PricingModal.tsx
FN:91,(anonymous_0)
FN:99,(anonymous_1)
FN:106,(anonymous_2)
FN:115,(anonymous_3)
FN:116,(anonymous_4)
FN:160,(anonymous_5)
FN:175,(anonymous_6)
FN:181,(anonymous_7)
FN:190,(anonymous_8)
FN:224,(anonymous_9)
FN:234,(anonymous_10)
FNF:11
FNH:7
FNDA:24,(anonymous_0)
FNDA:36,(anonymous_1)
FNDA:4,(anonymous_2)
FNDA:0,(anonymous_3)
FNDA:0,(anonymous_4)
FNDA:2,(anonymous_5)
FNDA:0,(anonymous_6)
FNDA:1,(anonymous_7)
FNDA:36,(anonymous_8)
FNDA:0,(anonymous_9)
FNDA:225,(anonymous_10)
DA:26,2
DA:91,2
DA:95,24
DA:97,24
DA:99,9
DA:100,36
DA:102,27
DA:103,36
DA:106,9
DA:107,4
DA:108,2
DA:109,2
DA:110,2
DA:111,2
DA:112,2
DA:115,9
DA:116,0
DA:117,0
DA:120,0
DA:121,0
DA:122,0
DA:123,0
DA:128,0
DA:132,0
DA:135,0
DA:147,0
DA:149,0
DA:152,0
DA:156,9
DA:160,2
DA:175,0
DA:181,1
DA:191,36
DA:193,36
DA:224,0
DA:235,225
LF:36
LH:22
BRDA:97,0,0,15
BRDA:97,0,1,9
BRDA:100,1,0,9
BRDA:100,1,1,27
BRDA:102,2,0,24
BRDA:102,2,1,3
BRDA:103,3,0,9
BRDA:103,3,1,18
BRDA:107,4,0,2
BRDA:107,4,1,2
BRDA:107,5,0,4
BRDA:107,5,1,3
BRDA:117,6,0,0
BRDA:117,6,1,0
BRDA:120,7,0,0
BRDA:120,7,1,0
BRDA:128,8,0,0
BRDA:128,8,1,0
BRDA:132,9,0,0
BRDA:132,9,1,0
BRDA:147,10,0,0
BRDA:147,10,1,0
BRDA:174,11,0,8
BRDA:174,11,1,1
BRDA:180,12,0,1
BRDA:180,12,1,8
BRDA:191,13,0,4
BRDA:191,13,1,32
BRDA:196,14,0,9
BRDA:196,14,1,27
BRDA:198,15,0,36
BRDA:198,15,1,9
BRDA:208,16,0,36
BRDA:208,16,1,27
BRDA:208,16,2,18
BRDA:210,17,0,16
BRDA:210,17,1,2
BRDA:215,18,0,36
BRDA:215,18,1,2
BRDA:215,18,2,2
BRDA:223,19,0,9
BRDA:223,19,1,27
BRDA:226,20,0,9
BRDA:226,20,1,27
BRDA:228,21,0,9
BRDA:228,21,1,18
BRF:46
BRH:36
end_of_record
TN:
SF:src\hooks\useAIFeatures.ts
FN:62,useAIFeatures
FN:92,(anonymous_1)
FN:109,(anonymous_2)
FN:126,(anonymous_3)
FN:143,(anonymous_4)
FN:144,(anonymous_5)
FN:145,(anonymous_6)
FN:152,(anonymous_7)
FN:169,(anonymous_8)
FN:186,(anonymous_9)
FN:207,(anonymous_10)
FN:212,(anonymous_11)
FNF:12
FNH:0
FNDA:0,useAIFeatures
FNDA:0,(anonymous_1)
FNDA:0,(anonymous_2)
FNDA:0,(anonymous_3)
FNDA:0,(anonymous_4)
FNDA:0,(anonymous_5)
FNDA:0,(anonymous_6)
FNDA:0,(anonymous_7)
FNDA:0,(anonymous_8)
FNDA:0,(anonymous_9)
FNDA:0,(anonymous_10)
FNDA:0,(anonymous_11)
DA:65,0
DA:68,0
DA:71,0
DA:72,0
DA:74,0
DA:75,0
DA:77,0
DA:78,0
DA:80,0
DA:81,0
DA:83,0
DA:84,0
DA:86,0
DA:87,0
DA:89,0
DA:92,0
DA:93,0
DA:94,0
DA:96,0
DA:97,0
DA:98,0
DA:100,0
DA:101,0
DA:102,0
DA:104,0
DA:109,0
DA:110,0
DA:111,0
DA:113,0
DA:114,0
DA:115,0
DA:117,0
DA:118,0
DA:119,0
DA:121,0
DA:126,0
DA:127,0
DA:128,0
DA:130,0
DA:131,0
DA:132,0
DA:134,0
DA:135,0
DA:136,0
DA:138,0
DA:143,0
DA:144,0
DA:145,0
DA:146,0
DA:152,0
DA:153,0
DA:154,0
DA:156,0
DA:157,0
DA:158,0
DA:160,0
DA:161,0
DA:162,0
DA:164,0
DA:169,0
DA:170,0
DA:171,0
DA:173,0
DA:174,0
DA:175,0
DA:177,0
DA:178,0
DA:179,0
DA:181,0
DA:186,0
DA:191,0
DA:192,0
DA:194,0
DA:195,0
DA:196,0
DA:198,0
DA:199,0
DA:200,0
DA:202,0
DA:207,0
DA:208,0
DA:212,0
DA:213,0
DA:214,0
DA:215,0
DA:216,0
DA:217,0
DA:218,0
DA:219,0
DA:222,0
LF:90
LH:0
BRDA:63,0,0,0
BRDA:100,1,0,0
BRDA:100,1,1,0
BRDA:109,2,0,0
BRDA:117,3,0,0
BRDA:117,3,1,0
BRDA:134,4,0,0
BRDA:134,4,1,0
BRDA:146,5,0,0
BRDA:146,5,1,0
BRDA:160,6,0,0
BRDA:160,6,1,0
BRDA:169,7,0,0
BRDA:177,8,0,0
BRDA:177,8,1,0
BRDA:189,9,0,0
BRDA:198,10,0,0
BRDA:198,10,1,0
BRF:18
BRH:0
end_of_record
TN:
SF:src\services\ai-features.service.ts
FN:79,(anonymous_0)
FN:87,(anonymous_1)
FN:137,(anonymous_2)
FN:168,(anonymous_3)
FN:199,(anonymous_4)
FN:230,(anonymous_5)
FN:261,(anonymous_6)
FN:306,(anonymous_7)
FN:313,(anonymous_8)
FN:331,(anonymous_9)
FN:333,(anonymous_10)
FN:341,(anonymous_11)
FN:342,(anonymous_12)
FN:343,(anonymous_13)
FN:351,(anonymous_14)
FN:352,(anonymous_15)
FN:353,(anonymous_16)
FN:361,(anonymous_17)
FN:371,(anonymous_18)
FN:372,(anonymous_19)
FN:373,(anonymous_20)
FN:383,(anonymous_21)
FN:388,(anonymous_22)
FN:389,(anonymous_23)
FN:390,(anonymous_24)
FN:398,(anonymous_25)
FN:400,(anonymous_26)
FN:405,(anonymous_27)
FN:418,(anonymous_28)
FN:423,(anonymous_29)
FN:424,(anonymous_30)
FN:436,(anonymous_31)
FN:448,(anonymous_32)
FN:451,(anonymous_33)
FN:460,(anonymous_34)
FN:470,getAIFeaturesService
FNF:36
FNH:0
FNDA:0,(anonymous_0)
FNDA:0,(anonymous_1)
FNDA:0,(anonymous_2)
FNDA:0,(anonymous_3)
FNDA:0,(anonymous_4)
FNDA:0,(anonymous_5)
FNDA:0,(anonymous_6)
FNDA:0,(anonymous_7)
FNDA:0,(anonymous_8)
FNDA:0,(anonymous_9)
FNDA:0,(anonymous_10)
FNDA:0,(anonymous_11)
FNDA:0,(anonymous_12)
FNDA:0,(anonymous_13)
FNDA:0,(anonymous_14)
FNDA:0,(anonymous_15)
FNDA:0,(anonymous_16)
FNDA:0,(anonymous_17)
FNDA:0,(anonymous_18)
FNDA:0,(anonymous_19)
FNDA:0,(anonymous_20)
FNDA:0,(anonymous_21)
FNDA:0,(anonymous_22)
FNDA:0,(anonymous_23)
FNDA:0,(anonymous_24)
FNDA:0,(anonymous_25)
FNDA:0,(anonymous_26)
FNDA:0,(anonymous_27)
FNDA:0,(anonymous_28)
FNDA:0,(anonymous_29)
FNDA:0,(anonymous_30)
FNDA:0,(anonymous_31)
FNDA:0,(anonymous_32)
FNDA:0,(anonymous_33)
FNDA:0,(anonymous_34)
FNDA:0,getAIFeaturesService
DA:80,0
DA:81,0
DA:88,0
DA:89,0
DA:91,0
DA:93,0
DA:109,0
DA:112,0
DA:114,0
DA:122,0
DA:124,0
DA:138,0
DA:140,0
DA:141,0
DA:157,0
DA:158,0
DA:160,0
DA:161,0
DA:169,0
DA:171,0
DA:172,0
DA:188,0
DA:189,0
DA:191,0
DA:192,0
DA:200,0
DA:202,0
DA:203,0
DA:219,0
DA:220,0
DA:222,0
DA:223,0
DA:231,0
DA:233,0
DA:234,0
DA:250,0
DA:251,0
DA:253,0
DA:254,0
DA:267,0
DA:268,0
DA:269,0
DA:271,0
DA:272,0
DA:275,0
DA:276,0
DA:279,0
DA:280,0
DA:281,0
DA:282,0
DA:289,0
DA:290,0
DA:291,0
DA:292,0
DA:295,0
DA:296,0
DA:305,0
DA:306,0
DA:314,0
DA:323,0
DA:324,0
DA:327,0
DA:333,0
DA:334,0
DA:342,0
DA:343,0
DA:352,0
DA:353,0
DA:363,0
DA:372,0
DA:373,0
DA:384,0
DA:385,0
DA:389,0
DA:390,0
DA:399,0
DA:400,0
DA:401,0
DA:403,0
DA:404,0
DA:405,0
DA:406,0
DA:415,0
DA:419,0
DA:420,0
DA:422,0
DA:423,0
DA:424,0
DA:426,0
DA:428,0
DA:438,0
DA:439,0
DA:441,0
DA:442,0
DA:443,0
DA:447,0
DA:448,0
DA:451,0
DA:461,0
DA:462,0
DA:463,0
DA:468,1
DA:471,0
DA:472,0
DA:473,0
DA:475,0
LF:106
LH:1
BRDA:81,0,0,0
BRDA:81,0,1,0
BRDA:115,1,0,0
BRDA:115,1,1,0
BRDA:116,2,0,0
BRDA:116,2,1,0
BRDA:117,3,0,0
BRDA:117,3,1,0
BRDA:137,4,0,0
BRDA:230,5,0,0
BRDA:264,6,0,0
BRDA:279,7,0,0
BRDA:279,7,1,0
BRDA:290,8,0,0
BRDA:290,8,1,0
BRDA:291,9,0,0
BRDA:291,9,1,0
BRDA:295,10,0,0
BRDA:295,10,1,0
BRDA:323,11,0,0
BRDA:323,11,1,0
BRDA:335,12,0,0
BRDA:335,12,1,0
BRDA:336,13,0,0
BRDA:336,13,1,0
BRDA:337,14,0,0
BRDA:337,14,1,0
BRDA:385,15,0,0
BRDA:385,15,1,0
BRDA:405,16,0,0
BRDA:405,16,1,0
BRDA:429,17,0,0
BRDA:429,17,1,0
BRDA:429,18,0,0
BRDA:429,18,1,0
BRDA:442,19,0,0
BRDA:442,19,1,0
BRDA:443,20,0,0
BRDA:443,20,1,0
BRDA:471,21,0,0
BRDA:471,21,1,0
BRDA:472,22,0,0
BRDA:472,22,1,0
BRDA:472,22,2,0
BRF:44
BRH:0
end_of_record
TN:
SF:src\services\analytics.service.ts
FN:159,(anonymous_0)
FN:174,(anonymous_1)
FN:188,(anonymous_2)
FN:203,(anonymous_3)
FN:209,(anonymous_4)
FN:219,(anonymous_5)
FN:236,(anonymous_6)
FN:284,(anonymous_7)
FN:326,(anonymous_8)
FN:350,(anonymous_9)
FN:370,(anonymous_10)
FN:400,(anonymous_11)
FN:428,(anonymous_12)
FN:431,(anonymous_13)
FN:438,(anonymous_14)
FN:441,(anonymous_15)
FN:442,(anonymous_16)
FN:443,(anonymous_17)
FN:446,(anonymous_18)
FN:447,(anonymous_19)
FN:448,(anonymous_20)
FN:449,(anonymous_21)
FN:453,(anonymous_22)
FN:456,(anonymous_23)
FN:457,(anonymous_24)
FN:458,(anonymous_25)
FN:464,(anonymous_26)
FN:473,(anonymous_27)
FN:501,(anonymous_28)
FN:521,(anonymous_29)
FN:557,(anonymous_30)
FN:565,(anonymous_31)
FN:610,(anonymous_32)
FN:643,(anonymous_33)
FN:676,(anonymous_34)
FN:766,(anonymous_35)
FN:794,(anonymous_36)
FN:809,(anonymous_37)
FN:832,(anonymous_38)
FN:848,(anonymous_39)
FN:862,getAnalyticsService
FNF:41
FNH:6
FNDA:5,(anonymous_0)
FNDA:1,(anonymous_1)
FNDA:1,(anonymous_2)
FNDA:1,(anonymous_3)
FNDA:1,(anonymous_4)
FNDA:0,(anonymous_5)
FNDA:0,(anonymous_6)
FNDA:0,(anonymous_7)
FNDA:0,(anonymous_8)
FNDA:0,(anonymous_9)
FNDA:0,(anonymous_10)
FNDA:0,(anonymous_11)
FNDA:0,(anonymous_12)
FNDA:0,(anonymous_13)
FNDA:0,(anonymous_14)
FNDA:0,(anonymous_15)
FNDA:0,(anonymous_16)
FNDA:0,(anonymous_17)
FNDA:0,(anonymous_18)
FNDA:0,(anonymous_19)
FNDA:0,(anonymous_20)
FNDA:0,(anonymous_21)
FNDA:0,(anonymous_22)
FNDA:0,(anonymous_23)
FNDA:0,(anonymous_24)
FNDA:0,(anonymous_25)
FNDA:0,(anonymous_26)
FNDA:0,(anonymous_27)
FNDA:0,(anonymous_28)
FNDA:0,(anonymous_29)
FNDA:0,(anonymous_30)
FNDA:0,(anonymous_31)
FNDA:0,(anonymous_32)
FNDA:0,(anonymous_33)
FNDA:0,(anonymous_34)
FNDA:0,(anonymous_35)
FNDA:0,(anonymous_36)
FNDA:0,(anonymous_37)
FNDA:0,(anonymous_38)
FNDA:0,(anonymous_39)
FNDA:3,getAnalyticsService
DA:153,8
DA:160,5
DA:161,5
DA:163,5
DA:175,1
DA:193,1
DA:204,1
DA:210,1
DA:220,0
DA:221,0
DA:223,0
DA:232,0
DA:233,0
DA:240,0
DA:241,0
DA:243,0
DA:252,0
DA:254,0
DA:255,0
DA:256,0
DA:257,0
DA:258,0
DA:259,0
DA:261,0
DA:262,0
DA:264,0
DA:266,0
DA:267,0
DA:268,0
DA:271,0
DA:285,0
DA:286,0
DA:288,0
DA:297,0
DA:299,0
DA:300,0
DA:301,0
DA:302,0
DA:304,0
DA:305,0
DA:306,0
DA:307,0
DA:308,0
DA:311,0
DA:330,0
DA:331,0
DA:333,0
DA:342,0
DA:343,0
DA:354,0
DA:355,0
DA:357,0
DA:366,0
DA:367,0
DA:371,0
DA:372,0
DA:374,0
DA:381,0
DA:383,0
DA:384,0
DA:386,0
DA:387,0
DA:390,0
DA:391,0
DA:393,0
DA:401,0
DA:402,0
DA:404,0
DA:405,0
DA:406,0
DA:407,0
DA:410,0
DA:411,0
DA:412,0
DA:415,0
DA:416,0
DA:417,0
DA:420,0
DA:427,0
DA:428,0
DA:430,0
DA:431,0
DA:435,0
DA:438,0
DA:441,0
DA:442,0
DA:443,0
DA:446,0
DA:447,0
DA:448,0
DA:449,0
DA:453,0
DA:456,0
DA:457,0
DA:458,0
DA:464,0
DA:478,0
DA:479,0
DA:483,0
DA:484,0
DA:485,0
DA:487,0
DA:502,0
DA:503,0
DA:508,0
DA:509,0
DA:510,0
DA:513,0
DA:514,0
DA:515,0
DA:518,0
DA:522,0
DA:525,0
DA:526,0
DA:527,0
DA:528,0
DA:529,0
DA:532,0
DA:533,0
DA:536,0
DA:537,0
DA:541,0
DA:544,0
DA:545,0
DA:548,0
DA:549,0
DA:554,0
DA:558,0
DA:559,0
DA:560,0
DA:561,0
DA:562,0
DA:565,0
DA:571,0
DA:572,0
DA:573,0
DA:575,0
DA:576,0
DA:577,0
DA:579,0
DA:581,0
DA:582,0
DA:586,0
DA:587,0
DA:590,0
DA:591,0
DA:596,0
DA:601,0
DA:604,0
DA:605,0
DA:607,0
DA:609,0
DA:610,0
DA:628,0
DA:629,0
DA:630,0
DA:631,0
DA:632,0
DA:633,0
DA:635,0
DA:638,0
DA:639,0
DA:641,0
DA:642,0
DA:643,0
DA:652,0
DA:657,0
DA:662,0
DA:668,0
DA:671,0
DA:672,0
DA:674,0
DA:675,0
DA:676,0
DA:694,0
DA:699,0
DA:700,0
DA:705,0
DA:710,0
DA:717,0
DA:720,0
DA:721,0
DA:722,0
DA:723,0
DA:728,0
DA:733,0
DA:738,0
DA:743,0
DA:747,0
DA:748,0
DA:749,0
DA:750,0
DA:751,0
DA:756,0
DA:762,0
DA:763,0
DA:764,0
DA:765,0
DA:767,0
DA:774,0
DA:775,0
DA:776,0
DA:777,0
DA:778,0
DA:779,0
DA:787,0
DA:795,0
DA:796,0
DA:798,0
DA:805,0
DA:806,0
DA:815,0
DA:816,0
DA:818,0
DA:828,0
DA:829,0
DA:836,0
DA:844,0
DA:845,0
DA:849,0
DA:855,0
DA:860,1
DA:863,3
DA:864,1
DA:866,3
LF:225
LH:12
BRDA:161,0,0,0
BRDA:161,0,1,5
BRDA:169,1,0,5
BRDA:169,1,1,2
BRDA:170,2,0,5
BRDA:170,2,1,5
BRDA:221,3,0,0
BRDA:221,3,1,0
BRDA:232,4,0,0
BRDA:232,4,1,0
BRDA:233,5,0,0
BRDA:233,5,1,0
BRDA:241,6,0,0
BRDA:241,6,1,0
BRDA:252,7,0,0
BRDA:252,7,1,0
BRDA:254,8,0,0
BRDA:254,8,1,0
BRDA:263,9,0,0
BRDA:263,9,1,0
BRDA:265,10,0,0
BRDA:265,10,1,0
BRDA:266,11,0,0
BRDA:266,11,1,0
BRDA:267,12,0,0
BRDA:267,12,1,0
BRDA:268,13,0,0
BRDA:268,13,1,0
BRDA:276,14,0,0
BRDA:276,14,1,0
BRDA:278,15,0,0
BRDA:278,15,1,0
BRDA:280,16,0,0
BRDA:280,16,1,0
BRDA:286,17,0,0
BRDA:286,17,1,0
BRDA:297,18,0,0
BRDA:297,18,1,0
BRDA:299,19,0,0
BRDA:299,19,1,0
BRDA:305,20,0,0
BRDA:305,20,1,0
BRDA:306,21,0,0
BRDA:306,21,1,0
BRDA:307,22,0,0
BRDA:307,22,1,0
BRDA:308,23,0,0
BRDA:308,23,1,0
BRDA:316,24,0,0
BRDA:316,24,1,0
BRDA:318,25,0,0
BRDA:318,25,1,0
BRDA:331,26,0,0
BRDA:331,26,1,0
BRDA:342,27,0,0
BRDA:342,27,1,0
BRDA:343,28,0,0
BRDA:343,28,1,0
BRDA:355,29,0,0
BRDA:355,29,1,0
BRDA:366,30,0,0
BRDA:366,30,1,0
BRDA:367,31,0,0
BRDA:367,31,1,0
BRDA:372,32,0,0
BRDA:372,32,1,0
BRDA:381,33,0,0
BRDA:381,33,1,0
BRDA:383,34,0,0
BRDA:383,34,1,0
BRDA:402,35,0,0
BRDA:402,35,1,0
BRDA:428,36,0,0
BRDA:428,36,1,0
BRDA:428,37,0,0
BRDA:428,37,1,0
BRDA:430,38,0,0
BRDA:430,38,1,0
BRDA:431,39,0,0
BRDA:431,39,1,0
BRDA:461,40,0,0
BRDA:461,40,1,0
BRDA:502,41,0,0
BRDA:502,41,1,0
BRDA:508,42,0,0
BRDA:508,42,1,0
BRDA:513,43,0,0
BRDA:513,43,1,0
BRDA:568,44,0,0
BRDA:569,45,0,0
BRDA:571,46,0,0
BRDA:571,46,1,0
BRDA:576,47,0,0
BRDA:576,47,1,0
BRDA:607,48,0,0
BRDA:607,48,1,0
BRDA:641,49,0,0
BRDA:641,49,1,0
BRDA:674,50,0,0
BRDA:674,50,1,0
BRDA:720,51,0,0
BRDA:720,51,1,0
BRDA:747,52,0,0
BRDA:747,52,1,0
BRDA:762,53,0,0
BRDA:762,53,1,0
BRDA:796,54,0,0
BRDA:796,54,1,0
BRDA:805,55,0,0
BRDA:805,55,1,0
BRDA:806,56,0,0
BRDA:806,56,1,0
BRDA:816,57,0,0
BRDA:816,57,1,0
BRDA:828,58,0,0
BRDA:828,58,1,0
BRDA:844,59,0,0
BRDA:844,59,1,0
BRDA:855,60,0,0
BRDA:855,60,1,0
BRDA:863,61,0,1
BRDA:863,61,1,2
BRF:122
BRH:7
end_of_record
TN:
SF:src\services\audio-processing.service.ts
FN:71,(anonymous_0)
FN:112,(anonymous_1)
FN:138,(anonymous_2)
FN:183,(anonymous_3)
FN:230,(anonymous_4)
FN:247,(anonymous_5)
FN:301,(anonymous_6)
FN:348,(anonymous_7)
FN:363,(anonymous_8)
FN:382,(anonymous_9)
FN:401,(anonymous_10)
FN:410,(anonymous_11)
FN:411,(anonymous_12)
FN:414,(anonymous_13)
FN:415,(anonymous_14)
FN:422,(anonymous_15)
FN:429,(anonymous_16)
FN:436,(anonymous_17)
FN:437,(anonymous_18)
FN:443,(anonymous_19)
FN:447,(anonymous_20)
FN:464,(anonymous_21)
FN:471,(anonymous_22)
FN:484,(anonymous_23)
FN:499,getAudioProcessingService
FNF:25
FNH:7
FNDA:0,(anonymous_0)
FNDA:0,(anonymous_1)
FNDA:0,(anonymous_2)
FNDA:0,(anonymous_3)
FNDA:0,(anonymous_4)
FNDA:0,(anonymous_5)
FNDA:0,(anonymous_6)
FNDA:0,(anonymous_7)
FNDA:0,(anonymous_8)
FNDA:0,(anonymous_9)
FNDA:3,(anonymous_10)
FNDA:0,(anonymous_11)
FNDA:0,(anonymous_12)
FNDA:0,(anonymous_13)
FNDA:0,(anonymous_14)
FNDA:3,(anonymous_15)
FNDA:1,(anonymous_16)
FNDA:0,(anonymous_17)
FNDA:0,(anonymous_18)
FNDA:0,(anonymous_19)
FNDA:0,(anonymous_20)
FNDA:3,(anonymous_21)
FNDA:2,(anonymous_22)
FNDA:2,(anonymous_23)
FNDA:4,getAudioProcessingService
DA:54,17
DA:55,17
DA:56,17
DA:59,17
DA:75,0
DA:77,0
DA:79,0
DA:80,0
DA:81,0
DA:82,0
DA:86,0
DA:96,0
DA:97,0
DA:98,0
DA:102,0
DA:103,0
DA:106,0
DA:113,0
DA:114,0
DA:116,0
DA:117,0
DA:119,0
DA:120,0
DA:121,0
DA:123,0
DA:124,0
DA:125,0
DA:126,0
DA:127,0
DA:131,0
DA:132,0
DA:143,0
DA:144,0
DA:145,0
DA:147,0
DA:148,0
DA:149,0
DA:150,0
DA:153,0
DA:154,0
DA:155,0
DA:157,0
DA:161,0
DA:162,0
DA:165,0
DA:166,0
DA:167,0
DA:169,0
DA:174,0
DA:175,0
DA:176,0
DA:177,0
DA:184,0
DA:186,0
DA:187,0
DA:190,0
DA:191,0
DA:192,0
DA:193,0
DA:197,0
DA:198,0
DA:207,0
DA:208,0
DA:210,0
DA:214,0
DA:219,0
DA:221,0
DA:223,0
DA:234,0
DA:235,0
DA:236,0
DA:239,0
DA:241,0
DA:253,0
DA:278,0
DA:280,0
DA:284,0
DA:295,0
DA:296,0
DA:297,0
DA:300,0
DA:301,0
DA:318,0
DA:319,0
DA:323,0
DA:324,0
DA:327,0
DA:329,0
DA:330,0
DA:331,0
DA:335,0
DA:336,0
DA:339,0
DA:342,0
DA:349,0
DA:357,0
DA:365,0
DA:366,0
DA:367,0
DA:371,0
DA:372,0
DA:373,0
DA:376,0
DA:383,0
DA:386,0
DA:395,0
DA:408,3
DA:410,0
DA:412,0
DA:414,0
DA:415,0
DA:423,3
DA:430,1
DA:437,0
DA:447,0
DA:448,0
DA:449,0
DA:452,0
DA:453,0
DA:454,0
DA:456,0
DA:457,0
DA:465,3
DA:472,8
DA:474,7
DA:475,7
DA:476,7
DA:478,7
DA:485,5
DA:486,5
DA:487,5
DA:489,5
DA:490,2
DA:492,3
DA:497,2
DA:500,4
DA:501,2
DA:503,4
LF:138
LH:23
BRDA:73,0,0,0
BRDA:80,1,0,0
BRDA:80,1,1,0
BRDA:102,2,0,0
BRDA:102,2,1,0
BRDA:113,3,0,0
BRDA:113,3,1,0
BRDA:125,4,0,0
BRDA:125,4,1,0
BRDA:159,5,0,0
BRDA:159,5,1,0
BRDA:184,6,0,0
BRDA:184,6,1,0
BRDA:192,7,0,0
BRDA:192,7,1,0
BRDA:207,8,0,0
BRDA:207,8,1,0
BRDA:255,9,0,0
BRDA:255,9,1,0
BRDA:258,10,0,0
BRDA:258,10,1,0
BRDA:259,11,0,0
BRDA:259,11,1,0
BRDA:260,12,0,0
BRDA:260,12,1,0
BRDA:269,13,0,0
BRDA:269,13,1,0
BRDA:270,14,0,0
BRDA:270,14,1,0
BRDA:281,15,0,0
BRDA:281,15,1,0
BRDA:285,16,0,0
BRDA:285,16,1,0
BRDA:287,17,0,0
BRDA:287,17,1,0
BRDA:300,18,0,0
BRDA:300,18,1,0
BRDA:300,19,0,0
BRDA:300,19,1,0
BRDA:318,20,0,0
BRDA:318,20,1,0
BRDA:318,21,0,0
BRDA:318,21,1,0
BRDA:323,22,0,0
BRDA:323,22,1,0
BRDA:335,23,0,0
BRDA:335,23,1,0
BRDA:357,24,0,0
BRDA:357,24,1,0
BRDA:366,25,0,0
BRDA:366,25,1,0
BRDA:372,26,0,0
BRDA:372,26,1,0
BRDA:383,27,0,0
BRDA:383,27,1,0
BRDA:395,28,0,0
BRDA:395,28,1,0
BRDA:445,29,0,0
BRDA:448,30,0,0
BRDA:448,30,1,0
BRDA:456,31,0,0
BRDA:456,31,1,0
BRDA:472,32,0,1
BRDA:472,32,1,7
BRDA:489,33,0,2
BRDA:489,33,1,3
BRDA:500,34,0,2
BRDA:500,34,1,2
BRF:68
BRH:6
end_of_record
TN:
SF:src\services\export.service.ts
FN:32,(anonymous_0)
FN:64,(anonymous_1)
FN:176,(anonymous_2)
FN:282,(anonymous_3)
FN:317,(anonymous_4)
FN:363,(anonymous_5)
FN:404,(anonymous_6)
FN:422,(anonymous_7)
FN:432,(anonymous_8)
FN:467,(anonymous_9)
FN:481,(anonymous_10)
FN:490,(anonymous_11)
FN:502,(anonymous_12)
FN:514,(anonymous_13)
FN:522,getExportService
FNF:15
FNH:8
FNDA:11,(anonymous_0)
FNDA:1,(anonymous_1)
FNDA:1,(anonymous_2)
FNDA:1,(anonymous_3)
FNDA:0,(anonymous_4)
FNDA:0,(anonymous_5)
FNDA:0,(anonymous_6)
FNDA:1,(anonymous_7)
FNDA:3,(anonymous_8)
FNDA:0,(anonymous_9)
FNDA:0,(anonymous_10)
FNDA:0,(anonymous_11)
FNDA:0,(anonymous_12)
FNDA:3,(anonymous_13)
FNDA:6,getExportService
DA:37,11
DA:39,3
DA:40,3
DA:42,2
DA:43,2
DA:45,2
DA:46,2
DA:48,1
DA:49,1
DA:51,1
DA:52,1
DA:54,1
DA:55,1
DA:57,1
DA:68,1
DA:69,1
DA:70,1
DA:71,1
DA:72,1
DA:75,1
DA:76,1
DA:77,1
DA:78,1
DA:81,1
DA:82,0
DA:83,0
DA:84,0
DA:89,0
DA:90,0
DA:95,0
DA:96,0
DA:97,0
DA:98,0
DA:103,0
DA:104,0
DA:105,0
DA:106,0
DA:107,0
DA:112,0
DA:114,0
DA:118,1
DA:119,1
DA:120,1
DA:123,1
DA:124,1
DA:126,1
DA:127,1
DA:129,1
DA:131,1
DA:132,0
DA:133,0
DA:137,1
DA:138,0
DA:139,0
DA:140,0
DA:142,1
DA:143,1
DA:144,1
DA:145,0
DA:146,0
DA:148,1
DA:149,1
DA:152,1
DA:156,1
DA:157,0
DA:158,0
DA:159,0
DA:160,0
DA:161,0
DA:162,0
DA:170,1
DA:180,1
DA:183,1
DA:192,1
DA:193,0
DA:231,0
DA:232,0
DA:245,1
DA:246,1
DA:247,1
DA:248,0
DA:255,1
DA:265,1
DA:275,1
DA:276,1
DA:286,1
DA:289,1
DA:290,1
DA:293,1
DA:294,0
DA:295,0
DA:296,0
DA:297,0
DA:298,0
DA:299,0
DA:300,0
DA:302,0
DA:306,1
DA:307,1
DA:310,1
DA:311,1
DA:321,0
DA:322,0
DA:324,0
DA:325,0
DA:326,0
DA:327,0
DA:328,0
DA:329,0
DA:330,0
DA:332,0
DA:333,0
DA:338,0
DA:339,0
DA:341,0
DA:343,0
DA:344,0
DA:345,0
DA:346,0
DA:348,0
DA:349,0
DA:350,0
DA:351,0
DA:356,0
DA:357,0
DA:367,0
DA:369,0
DA:370,0
DA:371,0
DA:372,0
DA:373,0
DA:374,0
DA:376,0
DA:381,0
DA:382,0
DA:384,0
DA:386,0
DA:387,0
DA:388,0
DA:389,0
DA:391,0
DA:392,0
DA:397,0
DA:398,0
DA:408,0
DA:411,0
DA:413,0
DA:416,0
DA:426,1
DA:436,3
DA:438,3
DA:443,0
DA:444,0
DA:445,0
DA:447,0
DA:448,0
DA:449,0
DA:450,0
DA:452,0
DA:453,0
DA:455,0
DA:458,3
DA:461,3
DA:468,0
DA:469,0
DA:470,0
DA:472,0
DA:473,0
DA:475,0
DA:482,0
DA:483,0
DA:484,0
DA:491,0
DA:492,0
DA:493,0
DA:494,0
DA:496,0
DA:503,0
DA:504,0
DA:505,0
DA:506,0
DA:508,0
DA:515,3
DA:520,2
DA:523,6
DA:524,2
DA:526,6
LF:187
LH:70
BRDA:35,0,0,11
BRDA:37,1,0,3
BRDA:37,1,1,2
BRDA:37,1,2,2
BRDA:37,1,3,1
BRDA:37,1,4,1
BRDA:37,1,5,1
BRDA:37,1,6,1
BRDA:81,2,0,0
BRDA:81,2,1,1
BRDA:106,3,0,0
BRDA:106,3,1,0
BRDA:123,4,0,1
BRDA:123,4,1,1
BRDA:131,5,0,0
BRDA:131,5,1,1
BRDA:137,6,0,0
BRDA:137,6,1,1
BRDA:144,7,0,0
BRDA:144,7,1,1
BRDA:156,8,0,0
BRDA:156,8,1,1
BRDA:192,9,0,0
BRDA:192,9,1,1
BRDA:231,10,0,0
BRDA:231,10,1,0
BRDA:247,11,0,0
BRDA:247,11,1,1
BRDA:293,12,0,0
BRDA:293,12,1,1
BRDA:299,13,0,0
BRDA:299,13,1,0
BRDA:324,14,0,0
BRDA:324,14,1,0
BRDA:324,15,0,0
BRDA:324,15,1,0
BRDA:329,16,0,0
BRDA:329,16,1,0
BRDA:329,17,0,0
BRDA:329,17,1,0
BRDA:369,18,0,0
BRDA:369,18,1,0
BRDA:369,19,0,0
BRDA:369,19,1,0
BRDA:373,20,0,0
BRDA:373,20,1,0
BRDA:373,21,0,0
BRDA:373,21,1,0
BRDA:408,22,0,0
BRDA:408,22,1,0
BRDA:438,23,0,0
BRDA:438,23,1,3
BRDA:439,24,0,3
BRDA:439,24,1,0
BRDA:439,24,2,0
BRDA:444,25,0,0
BRDA:444,25,1,0
BRDA:449,26,0,0
BRDA:449,26,1,0
BRDA:472,27,0,0
BRDA:472,27,1,0
BRDA:523,28,0,2
BRDA:523,28,1,4
BRF:63
BRH:22
end_of_record
TN:
SF:src\services\supabase.service.ts
FN:106,(anonymous_0)
FN:115,(anonymous_1)
FN:133,(anonymous_2)
FN:145,(anonymous_3)
FN:152,(anonymous_4)
FN:160,(anonymous_5)
FN:167,(anonymous_6)
FN:192,(anonymous_7)
FN:210,(anonymous_8)
FN:222,(anonymous_9)
FN:261,(anonymous_10)
FN:280,(anonymous_11)
FN:298,(anonymous_12)
FN:318,(anonymous_13)
FN:335,(anonymous_14)
FN:354,(anonymous_15)
FN:374,(anonymous_16)
FN:391,(anonymous_17)
FN:412,getSupabaseService
FNF:19
FNH:9
FNDA:16,(anonymous_0)
FNDA:0,(anonymous_1)
FNDA:0,(anonymous_2)
FNDA:2,(anonymous_3)
FNDA:2,(anonymous_4)
FNDA:1,(anonymous_5)
FNDA:1,(anonymous_6)
FNDA:1,(anonymous_7)
FNDA:1,(anonymous_8)
FNDA:0,(anonymous_9)
FNDA:1,(anonymous_10)
FNDA:0,(anonymous_11)
FNDA:0,(anonymous_12)
FNDA:0,(anonymous_13)
FNDA:0,(anonymous_14)
FNDA:0,(anonymous_15)
FNDA:0,(anonymous_16)
FNDA:0,(anonymous_17)
FNDA:3,getSupabaseService
DA:11,1
DA:12,1
DA:102,16
DA:103,16
DA:104,16
DA:107,16
DA:108,0
DA:116,0
DA:117,0
DA:130,0
DA:133,0
DA:134,0
DA:137,0
DA:138,0
DA:146,2
DA:153,2
DA:154,0
DA:161,1
DA:168,1
DA:170,0
DA:180,0
DA:181,0
DA:184,0
DA:186,0
DA:193,1
DA:195,0
DA:200,0
DA:201,0
DA:203,0
DA:204,0
DA:211,1
DA:213,0
DA:214,0
DA:216,0
DA:227,0
DA:229,0
DA:251,0
DA:255,0
DA:262,1
DA:264,0
DA:265,1
DA:267,0
DA:273,0
DA:274,0
DA:281,0
DA:282,0
DA:284,0
DA:291,0
DA:292,0
DA:299,0
DA:300,0
DA:302,0
DA:311,0
DA:312,0
DA:319,0
DA:321,0
DA:328,0
DA:329,0
DA:336,0
DA:337,0
DA:339,0
DA:347,0
DA:348,0
DA:355,0
DA:357,0
DA:367,0
DA:368,0
DA:375,0
DA:377,0
DA:385,0
DA:392,0
DA:393,0
DA:395,0
DA:404,0
DA:405,0
DA:410,1
DA:413,3
DA:414,1
DA:416,3
LF:79
LH:18
BRDA:11,0,0,1
BRDA:11,0,1,1
BRDA:12,1,0,1
BRDA:12,1,1,1
BRDA:107,2,0,0
BRDA:107,2,1,16
BRDA:107,3,0,16
BRDA:107,3,1,0
BRDA:134,4,0,0
BRDA:134,4,1,0
BRDA:146,5,0,2
BRDA:146,5,1,0
BRDA:153,6,0,2
BRDA:153,6,1,0
BRDA:168,7,0,1
BRDA:168,7,1,0
BRDA:180,8,0,0
BRDA:180,8,1,0
BRDA:181,9,0,0
BRDA:181,9,1,0
BRDA:193,10,0,1
BRDA:193,10,1,0
BRDA:200,11,0,0
BRDA:200,11,1,0
BRDA:201,12,0,0
BRDA:201,12,1,0
BRDA:211,13,0,1
BRDA:211,13,1,0
BRDA:214,14,0,0
BRDA:214,14,1,0
BRDA:227,15,0,0
BRDA:227,15,1,0
BRDA:255,16,0,0
BRDA:255,16,1,0
BRDA:262,17,0,1
BRDA:262,17,1,0
BRDA:264,18,0,0
BRDA:264,18,1,0
BRDA:265,19,0,0
BRDA:265,19,1,1
BRDA:273,20,0,0
BRDA:273,20,1,0
BRDA:281,21,0,0
BRDA:281,21,1,0
BRDA:282,22,0,0
BRDA:282,22,1,0
BRDA:291,23,0,0
BRDA:291,23,1,0
BRDA:299,24,0,0
BRDA:299,24,1,0
BRDA:300,25,0,0
BRDA:300,25,1,0
BRDA:311,26,0,0
BRDA:311,26,1,0
BRDA:319,27,0,0
BRDA:319,27,1,0
BRDA:328,28,0,0
BRDA:328,28,1,0
BRDA:335,29,0,0
BRDA:335,30,0,0
BRDA:336,31,0,0
BRDA:336,31,1,0
BRDA:337,32,0,0
BRDA:337,32,1,0
BRDA:347,33,0,0
BRDA:347,33,1,0
BRDA:348,34,0,0
BRDA:348,34,1,0
BRDA:355,35,0,0
BRDA:355,35,1,0
BRDA:367,36,0,0
BRDA:367,36,1,0
BRDA:375,37,0,0
BRDA:375,37,1,0
BRDA:385,38,0,0
BRDA:385,38,1,0
BRDA:391,39,0,0
BRDA:392,40,0,0
BRDA:392,40,1,0
BRDA:393,41,0,0
BRDA:393,41,1,0
BRDA:404,42,0,0
BRDA:404,42,1,0
BRDA:405,43,0,0
BRDA:405,43,1,0
BRDA:413,44,0,1
BRDA:413,44,1,2
BRF:87
BRH:15
end_of_record
