TN:
SF:rebrand-changelog.js
FN:1,(empty-report)
FNF:1
FNH:0
FNDA:0,(empty-report)
DA:1,0
DA:2,0
DA:3,0
DA:4,0
DA:5,0
DA:6,0
DA:7,0
DA:8,0
DA:9,0
DA:10,0
DA:11,0
DA:12,0
DA:13,0
DA:14,0
DA:15,0
DA:16,0
LF:16
LH:0
BRDA:1,0,0,0
BRF:1
BRH:0
end_of_record
TN:
SF:rebrand-readme.js
FN:1,(empty-report)
FNF:1
FNH:0
FNDA:0,(empty-report)
DA:1,0
DA:2,0
DA:3,0
DA:4,0
DA:5,0
DA:6,0
DA:7,0
DA:8,0
DA:9,0
DA:10,0
DA:11,0
DA:12,0
DA:13,0
DA:14,0
DA:15,0
DA:16,0
DA:17,0
DA:18,0
DA:19,0
DA:20,0
LF:20
LH:0
BRDA:1,0,0,0
BRF:1
BRH:0
end_of_record
TN:
SF:rebrand.js
FN:1,(empty-report)
FNF:1
FNH:0
FNDA:0,(empty-report)
DA:1,0
DA:2,0
DA:3,0
DA:4,0
DA:5,0
DA:6,0
DA:7,0
DA:8,0
DA:9,0
DA:10,0
DA:11,0
DA:12,0
DA:13,0
DA:14,0
DA:15,0
DA:16,0
DA:17,0
DA:18,0
DA:19,0
DA:20,0
DA:21,0
DA:22,0
DA:23,0
LF:23
LH:0
BRDA:1,0,0,0
BRF:1
BRH:0
end_of_record
TN:
SF:src\extension.optimized.ts
FN:1,(empty-report)
FNF:1
FNH:0
FNDA:0,(empty-report)
DA:1,0
DA:29,0
DA:30,0
DA:31,0
DA:33,0
DA:35,0
DA:36,0
DA:37,0
DA:38,0
DA:41,0
DA:42,0
DA:44,0
DA:47,0
DA:49,0
DA:50,0
DA:51,0
DA:54,0
DA:55,0
DA:57,0
DA:58,0
DA:61,0
DA:62,0
DA:63,0
DA:64,0
DA:65,0
DA:67,0
DA:70,0
DA:73,0
DA:74,0
DA:75,0
DA:77,0
DA:78,0
DA:79,0
DA:82,0
DA:85,0
DA:86,0
DA:87,0
DA:88,0
DA:89,0
DA:90,0
DA:92,0
DA:95,0
DA:96,0
DA:99,0
DA:100,0
DA:101,0
DA:102,0
DA:103,0
DA:105,0
DA:106,0
DA:107,0
DA:108,0
DA:109,0
DA:112,0
DA:113,0
DA:114,0
DA:115,0
DA:116,0
DA:117,0
DA:118,0
DA:120,0
DA:121,0
DA:122,0
DA:127,0
DA:129,0
DA:130,0
DA:131,0
DA:132,0
DA:133,0
DA:134,0
DA:137,0
DA:138,0
DA:140,0
DA:141,0
DA:142,0
DA:144,0
DA:145,0
DA:148,0
DA:149,0
DA:150,0
DA:151,0
DA:152,0
DA:153,0
DA:155,0
DA:156,0
DA:161,0
DA:163,0
DA:164,0
DA:165,0
DA:166,0
DA:167,0
DA:168,0
DA:169,0
DA:172,0
DA:173,0
DA:174,0
DA:175,0
DA:176,0
DA:177,0
DA:179,0
DA:180,0
DA:185,0
DA:187,0
DA:188,0
DA:189,0
DA:190,0
DA:191,0
DA:192,0
DA:194,0
DA:195,0
DA:200,0
DA:201,0
DA:202,0
DA:203,0
DA:204,0
DA:205,0
DA:207,0
DA:208,0
DA:209,0
DA:210,0
DA:211,0
DA:212,0
DA:217,0
DA:218,0
DA:221,0
DA:222,0
DA:223,0
DA:224,0
DA:225,0
DA:226,0
DA:227,0
DA:228,0
LF:132
LH:0
BRDA:1,0,0,0
BRF:1
BRH:0
end_of_record
TN:
SF:src\extension.ts
FN:1,(empty-report)
FNF:1
FNH:0
FNDA:0,(empty-report)
DA:1,0
DA:41,0
DA:42,0
DA:43,0
DA:45,0
DA:47,0
DA:48,0
DA:49,0
DA:50,0
DA:51,0
DA:54,0
DA:55,0
DA:56,0
DA:58,0
DA:61,0
DA:63,0
DA:64,0
DA:65,0
DA:68,0
DA:69,0
DA:71,0
DA:72,0
DA:75,0
DA:76,0
DA:77,0
DA:78,0
DA:79,0
DA:81,0
DA:84,0
DA:87,0
DA:88,0
DA:89,0
DA:91,0
DA:92,0
DA:93,0
DA:96,0
DA:99,0
DA:102,0
DA:103,0
DA:106,0
DA:109,0
DA:110,0
DA:111,0
DA:112,0
DA:113,0
DA:115,0
DA:118,0
DA:119,0
DA:122,0
DA:123,0
DA:124,0
DA:125,0
DA:126,0
DA:129,0
DA:130,0
DA:132,0
DA:133,0
DA:134,0
DA:135,0
DA:136,0
DA:139,0
DA:140,0
DA:141,0
DA:142,0
DA:143,0
DA:144,0
DA:145,0
DA:147,0
DA:148,0
DA:149,0
DA:154,0
DA:156,0
DA:157,0
DA:158,0
DA:159,0
DA:161,0
DA:162,0
DA:164,0
DA:165,0
DA:166,0
DA:167,0
DA:168,0
DA:171,0
DA:172,0
DA:173,0
DA:174,0
DA:175,0
DA:176,0
DA:177,0
DA:180,0
DA:181,0
DA:182,0
DA:183,0
DA:184,0
DA:185,0
DA:186,0
DA:189,0
DA:190,0
DA:192,0
DA:193,0
DA:194,0
DA:196,0
DA:197,0
DA:198,0
DA:199,0
DA:200,0
DA:201,0
DA:202,0
DA:203,0
DA:205,0
DA:206,0
DA:207,0
DA:210,0
DA:211,0
DA:212,0
DA:213,0
DA:214,0
DA:215,0
DA:218,0
DA:219,0
DA:220,0
DA:221,0
DA:222,0
DA:225,0
DA:226,0
DA:227,0
DA:228,0
DA:229,0
DA:232,0
DA:233,0
DA:234,0
DA:235,0
DA:236,0
DA:237,0
DA:240,0
DA:241,0
DA:242,0
DA:243,0
DA:244,0
DA:245,0
DA:247,0
DA:248,0
DA:253,0
DA:255,0
DA:256,0
DA:257,0
DA:258,0
DA:259,0
DA:260,0
DA:261,0
DA:264,0
DA:265,0
DA:266,0
DA:267,0
DA:268,0
DA:269,0
DA:272,0
DA:273,0
DA:274,0
DA:275,0
DA:276,0
DA:277,0
DA:279,0
DA:280,0
DA:285,0
DA:287,0
DA:288,0
DA:289,0
DA:290,0
DA:291,0
DA:292,0
DA:295,0
DA:296,0
DA:297,0
DA:298,0
DA:299,0
DA:300,0
DA:302,0
DA:303,0
DA:308,0
DA:310,0
DA:311,0
DA:312,0
DA:313,0
DA:314,0
DA:315,0
DA:316,0
DA:319,0
DA:320,0
DA:321,0
DA:322,0
DA:323,0
DA:324,0
DA:325,0
DA:327,0
DA:328,0
DA:333,0
DA:334,0
DA:335,0
DA:336,0
DA:337,0
DA:338,0
DA:339,0
DA:341,0
DA:342,0
DA:343,0
DA:344,0
DA:345,0
DA:346,0
DA:347,0
DA:348,0
DA:349,0
DA:350,0
DA:355,0
DA:356,0
DA:359,0
DA:360,0
DA:361,0
DA:362,0
DA:363,0
DA:364,0
DA:365,0
DA:366,0
DA:367,0
DA:369,0
DA:370,0
LF:226
LH:0
BRDA:1,0,0,0
BRF:1
BRH:0
end_of_record
TN:
SF:src\phase0\AudioCaptureAdapter.ts
FN:1,(empty-report)
FNF:1
FNH:0
FNDA:0,(empty-report)
DA:1,0
DA:22,0
DA:23,0
DA:25,0
DA:26,0
DA:27,0
DA:36,0
DA:37,0
DA:38,0
DA:39,0
DA:40,0
DA:42,0
DA:43,0
DA:44,0
DA:46,0
DA:47,0
DA:48,0
DA:49,0
DA:50,0
DA:51,0
DA:56,0
DA:57,0
DA:58,0
DA:63,0
DA:64,0
DA:65,0
DA:66,0
LF:27
LH:0
BRDA:1,0,0,0
BRF:1
BRH:0
end_of_record
TN:
SF:src\phase0\AudioCaptureWebviewV2.ts
FN:89,AudioCaptureWebviewV2
FN:99,startCapture
FN:156,waitForReady
FN:163,onReadyCallback
FN:174,handleWebviewMessage
FN:227,stopCapture
FN:243,updateConfig
FN:260,get capturing
FN:267,cleanup
FN:291,dispose
FN:303,escapeForTemplate
FN:313,getWebviewContent
FNF:12
FNH:11
FNDA:8,AudioCaptureWebviewV2
FNDA:3,startCapture
FNDA:3,waitForReady
FNDA:3,onReadyCallback
FNDA:3,handleWebviewMessage
FNDA:2,stopCapture
FNDA:1,updateConfig
FNDA:1,get capturing
FNDA:0,cleanup
FNDA:1,dispose
FNDA:3,escapeForTemplate
FNDA:3,getWebviewContent
DA:1,1
DA:59,1
DA:60,1
DA:61,1
DA:62,1
DA:63,1
DA:64,1
DA:65,1
DA:66,1
DA:67,1
DA:73,1
DA:74,1
DA:75,1
DA:76,1
DA:79,1
DA:80,1
DA:81,1
DA:82,1
DA:83,1
DA:86,1
DA:87,1
DA:89,1
DA:90,8
DA:91,8
DA:92,8
DA:93,8
DA:94,8
DA:99,1
DA:100,3
DA:101,3
DA:102,3
DA:103,3
DA:107,3
DA:109,3
DA:110,3
DA:111,3
DA:112,3
DA:113,3
DA:116,3
DA:117,3
DA:118,3
DA:119,3
DA:120,3
DA:121,3
DA:122,3
DA:123,3
DA:124,3
DA:127,3
DA:128,3
DA:129,3
DA:130,3
DA:131,3
DA:132,3
DA:135,3
DA:136,0
DA:137,3
DA:140,3
DA:143,3
DA:146,3
DA:149,3
DA:150,3
DA:151,3
DA:156,1
DA:157,3
DA:158,3
DA:159,0
DA:160,3
DA:162,3
DA:163,3
DA:164,3
DA:165,3
DA:166,3
DA:167,3
DA:168,3
DA:169,3
DA:174,1
DA:175,3
DA:176,3
DA:177,0
DA:178,0
DA:179,0
DA:180,0
DA:181,0
DA:182,0
DA:183,0
DA:184,0
DA:185,0
DA:187,3
DA:188,3
DA:189,0
DA:190,0
DA:191,0
DA:192,0
DA:193,0
DA:195,3
DA:196,0
DA:197,0
DA:198,0
DA:199,0
DA:200,0
DA:201,0
DA:202,0
DA:203,0
DA:205,3
DA:206,0
DA:207,0
DA:208,0
DA:209,0
DA:211,3
DA:212,3
DA:213,3
DA:214,3
DA:215,3
DA:216,3
DA:218,3
DA:219,0
DA:220,0
DA:221,3
DA:222,3
DA:227,1
DA:228,2
DA:230,2
DA:231,1
DA:234,1
DA:235,0
DA:236,1
DA:237,1
DA:238,2
DA:243,1
DA:244,1
DA:246,1
DA:247,1
DA:248,1
DA:249,1
DA:250,1
DA:251,1
DA:252,1
DA:253,1
DA:254,1
DA:255,1
DA:260,1
DA:261,1
DA:262,1
DA:267,1
DA:268,0
DA:269,0
DA:270,0
DA:271,0
DA:274,0
DA:275,0
DA:276,0
DA:277,0
DA:278,0
DA:281,0
DA:282,0
DA:283,0
DA:284,0
DA:285,0
DA:286,0
DA:291,1
DA:292,1
DA:294,1
DA:295,0
DA:296,0
DA:297,1
DA:298,1
DA:303,1
DA:304,3
DA:305,3
DA:306,3
DA:307,3
DA:308,3
DA:313,1
DA:314,3
DA:315,3
DA:317,3
DA:357,3
DA:358,3
DA:359,3
DA:360,3
DA:361,3
DA:362,3
DA:363,3
DA:379,3
DA:646,3
DA:647,1
LF:186
LH:138
BRDA:89,0,0,8
BRDA:99,1,0,3
BRDA:112,2,0,0
BRDA:113,3,0,0
BRDA:156,4,0,3
BRDA:157,5,0,3
BRDA:163,6,0,3
BRDA:165,7,0,0
BRDA:174,8,0,3
BRDA:176,9,0,0
BRDA:187,10,0,0
BRDA:188,11,0,0
BRDA:195,12,0,0
BRDA:205,13,0,0
BRDA:212,14,0,0
BRDA:218,15,0,0
BRDA:227,16,0,2
BRDA:230,17,0,1
BRDA:243,18,0,1
BRDA:260,19,0,1
BRDA:291,20,0,1
BRDA:294,21,0,0
BRDA:303,22,0,3
BRDA:313,23,0,3
BRF:24
BRH:13
end_of_record
TN:
SF:src\phase0\AudioWorkletProcessor.ts
FN:169,createAudioWorkletModuleURL
FNF:1
FNH:0
FNDA:0,createAudioWorkletModuleURL
DA:21,1
DA:169,1
DA:170,0
DA:171,0
DA:172,0
LF:5
LH:2
BRF:0
BRH:0
end_of_record
TN:
SF:src\phase0\index.ts
FN:1,(empty-report)
FNF:1
FNH:0
FNDA:0,(empty-report)
DA:1,0
LF:1
LH:0
BRDA:1,0,0,0
BRF:1
BRH:0
end_of_record
TN:
SF:src\providers\VoiceFlowCodeActionProvider.ts
FN:1,(empty-report)
FNF:1
FNH:0
FNDA:0,(empty-report)
DA:1,0
DA:34,0
DA:35,0
DA:36,0
DA:37,0
DA:38,0
DA:39,0
DA:40,0
DA:42,0
DA:43,0
DA:46,0
DA:47,0
DA:49,0
DA:50,0
DA:51,0
DA:56,0
DA:57,0
DA:58,0
DA:59,0
DA:60,0
DA:61,0
DA:62,0
DA:65,0
DA:66,0
DA:67,0
DA:70,0
DA:71,0
DA:72,0
DA:73,0
DA:74,0
DA:75,0
DA:76,0
DA:77,0
DA:80,0
DA:81,0
DA:82,0
DA:85,0
DA:87,0
DA:88,0
DA:93,0
DA:94,0
DA:95,0
DA:96,0
DA:97,0
DA:98,0
DA:99,0
DA:100,0
DA:102,0
DA:103,0
DA:104,0
DA:105,0
DA:106,0
DA:108,0
DA:109,0
DA:111,0
DA:112,0
DA:117,0
DA:118,0
DA:119,0
DA:120,0
DA:121,0
DA:122,0
DA:125,0
DA:126,0
DA:127,0
DA:130,0
DA:131,0
DA:132,0
DA:133,0
DA:134,0
DA:135,0
DA:136,0
DA:137,0
DA:138,0
DA:139,0
DA:142,0
DA:143,0
DA:144,0
DA:145,0
DA:146,0
DA:147,0
DA:148,0
DA:149,0
DA:150,0
DA:151,0
DA:154,0
DA:155,0
DA:156,0
DA:157,0
DA:158,0
DA:159,0
DA:160,0
DA:161,0
DA:162,0
DA:163,0
DA:165,0
DA:166,0
DA:171,0
DA:172,0
DA:173,0
DA:174,0
DA:175,0
DA:178,0
DA:179,0
DA:180,0
DA:181,0
DA:182,0
DA:183,0
DA:184,0
DA:185,0
DA:186,0
DA:187,0
DA:190,0
DA:191,0
DA:192,0
DA:193,0
DA:194,0
DA:195,0
DA:196,0
DA:197,0
DA:198,0
DA:199,0
DA:201,0
DA:202,0
DA:207,0
DA:208,0
DA:209,0
DA:214,0
DA:215,0
DA:216,0
DA:217,0
DA:218,0
DA:219,0
DA:220,0
DA:225,0
DA:226,0
DA:227,0
DA:232,0
DA:233,0
DA:234,0
DA:235,0
DA:236,0
LF:142
LH:0
BRDA:1,0,0,0
BRF:1
BRH:0
end_of_record
TN:
SF:src\providers\VoiceFlowDashboardProvider.ts
FN:1,(empty-report)
FNF:1
FNH:0
FNDA:0,(empty-report)
DA:1,0
DA:27,0
DA:28,0
DA:30,0
DA:31,0
DA:32,0
DA:33,0
DA:34,0
DA:35,0
DA:36,0
DA:37,0
DA:38,0
DA:40,0
DA:41,0
DA:42,0
DA:43,0
DA:48,0
DA:49,0
DA:50,0
DA:51,0
DA:52,0
DA:53,0
DA:55,0
DA:56,0
DA:57,0
DA:58,0
DA:60,0
DA:63,0
DA:64,0
DA:65,0
DA:66,0
DA:67,0
DA:68,0
DA:69,0
DA:70,0
DA:71,0
DA:72,0
DA:73,0
DA:74,0
DA:75,0
DA:76,0
DA:77,0
DA:78,0
DA:79,0
DA:80,0
DA:81,0
DA:82,0
DA:83,0
DA:84,0
DA:85,0
DA:86,0
DA:87,0
DA:88,0
DA:91,0
DA:92,0
DA:93,0
DA:98,0
DA:99,0
DA:100,0
DA:101,0
DA:102,0
DA:103,0
DA:104,0
DA:105,0
DA:110,0
DA:111,0
DA:112,0
DA:113,0
DA:118,0
DA:119,0
DA:120,0
DA:121,0
DA:122,0
DA:123,0
DA:125,0
DA:126,0
DA:127,0
DA:132,0
DA:140,0
DA:141,0
DA:142,0
DA:144,0
DA:146,0
DA:151,0
DA:152,0
DA:155,0
DA:160,0
DA:161,0
DA:162,0
DA:163,0
DA:165,0
DA:166,0
DA:170,0
DA:172,0
DA:173,0
DA:183,0
DA:185,0
DA:186,0
DA:203,0
DA:205,0
DA:206,0
DA:234,0
DA:236,0
DA:237,0
DA:250,0
DA:252,0
DA:253,0
DA:448,0
DA:450,0
DA:451,0
DA:453,0
DA:538,0
DA:543,0
DA:544,0
DA:545,0
DA:546,0
DA:547,0
DA:548,0
DA:549,0
DA:550,0
DA:551,0
DA:553,0
LF:122
LH:0
BRDA:1,0,0,0
BRF:1
BRH:0
end_of_record
TN:
SF:src\providers\VoiceFlowInlineCompletionProvider.ts
FN:1,(empty-report)
FNF:1
FNH:0
FNDA:0,(empty-report)
DA:1,0
DA:32,0
DA:33,0
DA:34,0
DA:35,0
DA:36,0
DA:37,0
DA:39,0
DA:40,0
DA:41,0
DA:44,0
DA:45,0
DA:47,0
DA:48,0
DA:50,0
DA:51,0
DA:52,0
DA:57,0
DA:58,0
DA:59,0
DA:60,0
DA:61,0
DA:62,0
DA:63,0
DA:68,0
DA:69,0
DA:70,0
DA:71,0
DA:72,0
DA:73,0
DA:74,0
DA:79,0
DA:80,0
DA:81,0
DA:82,0
DA:83,0
DA:84,0
DA:86,0
DA:87,0
DA:88,0
DA:91,0
DA:92,0
DA:93,0
DA:95,0
DA:97,0
DA:99,0
DA:100,0
DA:101,0
DA:104,0
DA:105,0
DA:106,0
DA:107,0
DA:108,0
DA:109,0
DA:110,0
DA:111,0
DA:112,0
DA:113,0
DA:114,0
DA:116,0
DA:117,0
DA:118,0
DA:119,0
DA:120,0
DA:121,0
DA:126,0
DA:127,0
DA:128,0
DA:129,0
DA:130,0
DA:131,0
DA:134,0
DA:135,0
DA:136,0
DA:137,0
DA:138,0
DA:141,0
DA:142,0
DA:143,0
DA:146,0
DA:147,0
DA:148,0
DA:149,0
DA:150,0
DA:151,0
DA:152,0
DA:153,0
DA:154,0
DA:155,0
DA:158,0
DA:159,0
DA:160,0
DA:161,0
DA:162,0
DA:163,0
DA:164,0
DA:167,0
DA:169,0
DA:170,0
DA:175,0
DA:176,0
DA:177,0
DA:178,0
DA:179,0
DA:181,0
DA:182,0
DA:183,0
DA:184,0
DA:187,0
DA:188,0
DA:189,0
DA:190,0
DA:191,0
DA:193,0
DA:194,0
DA:195,0
DA:197,0
DA:198,0
DA:199,0
DA:200,0
DA:201,0
DA:202,0
DA:203,0
DA:204,0
DA:205,0
DA:206,0
DA:211,0
DA:212,0
DA:213,0
DA:214,0
DA:215,0
DA:216,0
DA:217,0
DA:220,0
DA:222,0
DA:223,0
DA:224,0
DA:225,0
DA:226,0
DA:227,0
DA:228,0
DA:229,0
DA:230,0
DA:231,0
DA:233,0
DA:234,0
DA:239,0
DA:240,0
DA:243,0
DA:244,0
DA:245,0
DA:246,0
DA:247,0
DA:248,0
DA:249,0
DA:250,0
DA:251,0
DA:252,0
DA:254,0
DA:255,0
DA:256,0
DA:257,0
DA:258,0
DA:260,0
DA:261,0
DA:266,0
DA:267,0
DA:268,0
DA:269,0
DA:270,0
DA:272,0
DA:273,0
DA:274,0
DA:275,0
DA:276,0
DA:277,0
DA:278,0
DA:279,0
DA:280,0
DA:281,0
DA:282,0
DA:283,0
DA:284,0
DA:285,0
DA:286,0
DA:287,0
DA:288,0
DA:289,0
DA:290,0
DA:291,0
DA:292,0
DA:293,0
DA:294,0
DA:295,0
DA:296,0
DA:297,0
DA:298,0
DA:299,0
DA:300,0
DA:301,0
DA:303,0
DA:304,0
DA:305,0
DA:310,0
DA:315,0
DA:316,0
DA:321,0
DA:322,0
DA:323,0
DA:324,0
DA:325,0
DA:326,0
DA:327,0
DA:328,0
DA:329,0
DA:330,0
DA:331,0
DA:332,0
DA:333,0
DA:334,0
DA:335,0
DA:337,0
DA:338,0
DA:343,0
DA:344,0
DA:345,0
DA:350,0
DA:351,0
DA:352,0
DA:353,0
DA:358,0
DA:359,0
DA:360,0
DA:365,0
DA:366,0
DA:367,0
DA:372,0
DA:373,0
DA:374,0
DA:375,0
DA:376,0
DA:377,0
DA:379,0
LF:243
LH:0
BRDA:1,0,0,0
BRF:1
BRH:0
end_of_record
TN:
SF:src\services\AuthenticationService.ts
FN:1,(empty-report)
FNF:1
FNH:0
FNDA:0,(empty-report)
DA:1,0
DA:21,0
DA:22,0
DA:23,0
DA:24,0
DA:26,0
DA:28,0
DA:29,0
DA:31,0
DA:32,0
DA:33,0
DA:34,0
DA:39,0
DA:40,0
DA:41,0
DA:46,0
DA:49,0
DA:50,0
DA:51,0
DA:52,0
DA:53,0
DA:54,0
DA:57,0
DA:58,0
DA:59,0
DA:61,0
DA:62,0
DA:63,0
DA:65,0
DA:66,0
DA:71,0
DA:72,0
DA:74,0
DA:75,0
DA:76,0
DA:78,0
DA:79,0
DA:84,0
DA:85,0
DA:86,0
DA:87,0
DA:90,0
DA:91,0
DA:92,0
DA:93,0
DA:94,0
DA:95,0
DA:96,0
DA:99,0
DA:100,0
DA:105,0
DA:106,0
DA:107,0
DA:108,0
DA:113,0
DA:114,0
DA:115,0
DA:116,0
DA:121,0
DA:122,0
DA:123,0
DA:124,0
DA:129,0
DA:130,0
DA:131,0
DA:132,0
DA:134,0
DA:136,0
DA:137,0
DA:138,0
DA:140,0
DA:141,0
DA:142,0
DA:143,0
DA:144,0
LF:75
LH:0
BRDA:1,0,0,0
BRF:1
BRH:0
end_of_record
TN:
SF:src\services\BillingService.ts
FN:1,(empty-report)
FNF:1
FNH:0
FNDA:0,(empty-report)
DA:1,0
DA:26,0
DA:30,0
DA:32,0
DA:33,0
DA:34,0
DA:35,0
DA:36,0
DA:37,0
DA:38,0
DA:43,0
DA:44,0
DA:45,0
DA:46,0
DA:47,0
DA:48,0
DA:49,0
DA:50,0
DA:51,0
DA:52,0
DA:53,0
DA:54,0
DA:59,0
DA:60,0
DA:61,0
DA:63,0
DA:64,0
DA:65,0
DA:66,0
DA:67,0
DA:72,0
DA:73,0
DA:74,0
DA:75,0
DA:76,0
DA:77,0
DA:79,0
DA:80,0
DA:81,0
DA:82,0
DA:87,0
DA:88,0
DA:89,0
DA:90,0
DA:91,0
DA:92,0
DA:93,0
DA:95,0
DA:96,0
DA:97,0
DA:98,0
DA:99,0
DA:100,0
DA:101,0
LF:54
LH:0
BRDA:1,0,0,0
BRF:1
BRH:0
end_of_record
TN:
SF:src\services\CloudSyncService.ts
FN:1,(empty-report)
FNF:1
FNH:1
FNDA:1,(empty-report)
DA:14,0
DA:15,0
DA:16,0
DA:17,0
DA:18,0
DA:23,0
DA:24,0
DA:27,0
DA:29,0
DA:30,0
DA:31,0
DA:32,0
DA:33,0
DA:35,0
DA:36,0
DA:41,0
DA:42,0
DA:43,0
DA:48,0
DA:49,0
DA:50,0
DA:55,0
DA:56,0
DA:57,0
DA:62,0
DA:63,0
DA:64,0
DA:69,0
DA:70,0
DA:71,0
DA:72,0
LF:31
LH:0
BRDA:1,0,0,1
BRF:1
BRH:1
end_of_record
TN:
SF:src\services\CommandSuggestionsService.ts
FN:1,(empty-report)
FNF:1
FNH:0
FNDA:0,(empty-report)
DA:1,0
DA:16,0
DA:17,0
DA:18,0
DA:19,0
DA:20,0
DA:21,0
DA:22,0
DA:23,0
DA:24,0
DA:25,0
DA:26,0
DA:27,0
DA:28,0
DA:29,0
DA:30,0
DA:31,0
DA:32,0
DA:33,0
DA:34,0
DA:35,0
DA:36,0
DA:37,0
DA:38,0
DA:39,0
DA:40,0
DA:41,0
DA:42,0
DA:43,0
DA:44,0
DA:45,0
DA:46,0
DA:47,0
DA:48,0
DA:49,0
DA:50,0
DA:51,0
DA:52,0
DA:53,0
DA:58,0
DA:59,0
DA:60,0
DA:65,0
DA:66,0
DA:67,0
DA:72,0
DA:73,0
DA:74,0
DA:75,0
DA:76,0
DA:77,0
DA:78,0
DA:79,0
DA:80,0
DA:85,0
DA:86,0
DA:87,0
DA:88,0
DA:89,0
DA:90,0
DA:91,0
DA:93,0
DA:94,0
DA:95,0
DA:96,0
DA:97,0
DA:99,0
DA:100,0
DA:105,0
DA:106,0
DA:107,0
DA:108,0
DA:109,0
DA:111,0
DA:112,0
DA:115,0
DA:116,0
DA:117,0
DA:118,0
DA:119,0
DA:121,0
DA:122,0
DA:123,0
LF:83
LH:0
BRDA:1,0,0,0
BRF:1
BRH:0
end_of_record
TN:
SF:src\services\EnhancedAIBridgeService.ts
FN:94,<instance_members_initializer>
FN:110,EnhancedAIBridgeService
FN:119,initializeProviders
FN:136,checkProviderStatus
FN:196,selectBestProvider
FN:214,sendRequest
FN:270,sendToCopilot
FN:298,sendToCursor
FN:326,sendToCline
FN:353,sendToAugment
FN:379,sendToAnthropic
FN:426,sendToOpenAI
FN:472,sendToAider
FN:500,sendToLocal
FN:539,formatPromptForProvider
FN:556,buildAnthropicMessages
FN:578,buildOpenAIMessages
FN:597,parseAnthropicResponse
FN:638,parseOpenAIResponse
FN:677,getProviderStatuses
FN:684,setPreferredProvider
FN:692,getPreferredProvider
FN:699,delay
FN:706,dispose
FNF:24
FNH:23
FNDA:50,<instance_members_initializer>
FNDA:50,EnhancedAIBridgeService
FNDA:50,initializeProviders
FNDA:400,checkProviderStatus
FNDA:50,selectBestProvider
FNDA:32,sendRequest
FNDA:2,sendToCopilot
FNDA:1,sendToCursor
FNDA:1,sendToCline
FNDA:1,sendToAugment
FNDA:14,sendToAnthropic
FNDA:11,sendToOpenAI
FNDA:0,sendToAider
FNDA:2,sendToLocal
FNDA:30,formatPromptForProvider
FNDA:14,buildAnthropicMessages
FNDA:11,buildOpenAIMessages
FNDA:14,parseAnthropicResponse
FNDA:5,parseOpenAIResponse
FNDA:9,getProviderStatuses
FNDA:5,setPreferredProvider
FNDA:5,getPreferredProvider
FNDA:3,delay
FNDA:49,dispose
DA:1,1
DA:93,1
DA:94,1
DA:95,50
DA:96,50
DA:97,50
DA:100,50
DA:101,50
DA:102,50
DA:103,50
DA:105,50
DA:106,50
DA:107,50
DA:108,50
DA:110,1
DA:111,50
DA:112,50
DA:113,50
DA:114,50
DA:119,1
DA:120,50
DA:121,50
DA:122,50
DA:124,50
DA:125,400
DA:126,400
DA:127,400
DA:130,50
DA:131,50
DA:136,1
DA:137,400
DA:138,400
DA:139,400
DA:140,400
DA:141,400
DA:142,400
DA:144,400
DA:145,400
DA:146,50
DA:147,50
DA:148,50
DA:150,400
DA:151,50
DA:152,50
DA:153,50
DA:155,400
DA:156,50
DA:157,50
DA:158,50
DA:160,400
DA:161,50
DA:162,50
DA:163,50
DA:165,400
DA:166,50
DA:167,50
DA:168,50
DA:169,50
DA:171,400
DA:172,50
DA:173,50
DA:174,50
DA:175,50
DA:177,400
DA:178,50
DA:179,50
DA:180,50
DA:181,50
DA:183,400
DA:185,50
DA:186,50
DA:187,50
DA:188,400
DA:190,400
DA:191,400
DA:196,1
DA:197,50
DA:198,50
DA:199,50
DA:201,50
DA:202,50
DA:203,50
DA:204,50
DA:205,50
DA:206,50
DA:208,0
DA:209,50
DA:214,1
DA:215,32
DA:216,32
DA:218,32
DA:219,32
DA:221,32
DA:222,32
DA:223,2
DA:224,2
DA:225,32
DA:226,1
DA:227,1
DA:228,32
DA:229,1
DA:230,1
DA:231,32
DA:232,1
DA:233,1
DA:234,32
DA:235,14
DA:236,14
DA:237,32
DA:238,11
DA:239,11
DA:240,32
DA:241,0
DA:242,0
DA:243,32
DA:244,2
DA:245,2
DA:246,32
DA:247,0
DA:248,0
DA:249,0
DA:250,0
DA:251,0
DA:252,32
DA:254,32
DA:255,32
DA:256,32
DA:257,0
DA:258,0
DA:259,0
DA:260,0
DA:261,0
DA:262,0
DA:263,0
DA:264,0
DA:265,32
DA:270,1
DA:271,2
DA:273,2
DA:274,2
DA:275,1
DA:276,1
DA:279,1
DA:281,1
DA:282,1
DA:283,1
DA:284,1
DA:285,1
DA:286,2
DA:287,0
DA:288,0
DA:289,0
DA:290,0
DA:291,0
DA:292,0
DA:293,2
DA:298,1
DA:299,1
DA:301,1
DA:302,1
DA:305,1
DA:306,1
DA:307,1
DA:309,1
DA:310,1
DA:311,1
DA:312,1
DA:313,1
DA:314,1
DA:315,0
DA:316,0
DA:317,0
DA:318,0
DA:319,0
DA:320,0
DA:321,1
DA:326,1
DA:327,1
DA:329,1
DA:330,1
DA:332,1
DA:333,1
DA:334,1
DA:336,1
DA:337,1
DA:338,1
DA:339,1
DA:340,1
DA:341,1
DA:342,0
DA:343,0
DA:344,0
DA:345,0
DA:346,0
DA:347,0
DA:348,1
DA:353,1
DA:354,1
DA:355,1
DA:356,1
DA:358,1
DA:359,1
DA:360,1
DA:362,1
DA:363,1
DA:364,1
DA:365,1
DA:366,1
DA:367,1
DA:368,0
DA:369,0
DA:370,0
DA:371,0
DA:372,0
DA:373,0
DA:374,1
DA:379,1
DA:380,14
DA:381,14
DA:382,0
DA:383,0
DA:385,14
DA:386,14
DA:388,14
DA:389,14
DA:390,14
DA:392,14
DA:393,14
DA:394,14
DA:395,14
DA:396,14
DA:397,14
DA:398,14
DA:399,14
DA:400,14
DA:401,14
DA:402,14
DA:403,14
DA:404,14
DA:405,14
DA:407,14
DA:408,0
DA:409,0
DA:410,0
DA:412,14
DA:413,14
DA:414,14
DA:415,0
DA:416,0
DA:417,0
DA:418,0
DA:419,0
DA:420,0
DA:421,14
DA:426,1
DA:427,11
DA:428,11
DA:429,0
DA:430,0
DA:432,11
DA:433,11
DA:435,11
DA:436,11
DA:437,11
DA:439,11
DA:440,11
DA:441,11
DA:442,11
DA:443,11
DA:444,11
DA:445,11
DA:446,11
DA:447,11
DA:448,11
DA:449,11
DA:450,11
DA:451,11
DA:453,11
DA:454,1
DA:455,0
DA:456,0
DA:458,5
DA:459,5
DA:460,11
DA:461,6
DA:462,6
DA:463,6
DA:464,6
DA:465,6
DA:466,6
DA:467,11
DA:472,1
DA:473,0
DA:474,0
DA:475,0
DA:476,0
DA:477,0
DA:479,0
DA:480,0
DA:481,0
DA:483,0
DA:484,0
DA:485,0
DA:486,0
DA:487,0
DA:488,0
DA:489,0
DA:490,0
DA:491,0
DA:492,0
DA:493,0
DA:494,0
DA:495,0
DA:500,1
DA:501,2
DA:502,2
DA:503,0
DA:504,0
DA:506,2
DA:507,2
DA:508,2
DA:509,2
DA:510,2
DA:511,2
DA:512,2
DA:513,2
DA:514,2
DA:515,2
DA:517,2
DA:518,0
DA:519,0
DA:521,1
DA:522,1
DA:523,1
DA:524,2
DA:525,2
DA:526,2
DA:527,2
DA:528,1
DA:529,1
DA:530,1
DA:531,1
DA:532,1
DA:533,1
DA:534,2
DA:539,1
DA:540,30
DA:542,30
DA:543,5
DA:544,5
DA:546,30
DA:547,0
DA:548,0
DA:550,30
DA:551,30
DA:556,1
DA:557,14
DA:560,14
DA:561,3
DA:562,3
DA:563,3
DA:564,3
DA:565,3
DA:566,3
DA:567,3
DA:570,14
DA:572,14
DA:573,14
DA:578,1
DA:579,11
DA:582,11
DA:583,11
DA:584,2
DA:585,2
DA:586,11
DA:589,11
DA:591,11
DA:592,11
DA:597,1
DA:598,14
DA:600,14
DA:602,1
DA:603,1
DA:604,1
DA:605,1
DA:606,1
DA:607,1
DA:608,1
DA:609,1
DA:610,1
DA:611,1
DA:612,1
DA:613,1
DA:614,1
DA:615,1
DA:616,1
DA:617,1
DA:618,1
DA:619,1
DA:620,1
DA:622,13
DA:623,13
DA:624,14
DA:625,14
DA:626,14
DA:627,14
DA:628,14
DA:629,14
DA:630,14
DA:631,14
DA:632,14
DA:633,14
DA:638,1
DA:639,5
DA:640,5
DA:642,5
DA:643,1
DA:644,1
DA:645,1
DA:646,1
DA:647,1
DA:648,1
DA:649,1
DA:650,1
DA:651,1
DA:652,1
DA:653,1
DA:654,1
DA:655,1
DA:656,1
DA:657,1
DA:658,1
DA:659,1
DA:661,4
DA:662,4
DA:663,5
DA:664,5
DA:665,5
DA:666,5
DA:667,5
DA:668,5
DA:669,5
DA:670,5
DA:671,5
DA:672,5
DA:677,1
DA:678,9
DA:679,9
DA:684,1
DA:685,5
DA:686,5
DA:687,5
DA:692,1
DA:693,5
DA:694,5
DA:699,1
DA:700,3
DA:701,3
DA:706,1
DA:707,49
DA:708,49
DA:709,49
DA:710,49
DA:711,49
DA:712,1
DA:714,1
LF:466
LH:384
BRDA:94,0,0,50
BRDA:110,1,0,50
BRDA:119,2,0,50
BRDA:124,3,0,400
BRDA:136,4,0,400
BRDA:145,5,0,50
BRDA:150,6,0,50
BRDA:155,7,0,50
BRDA:160,8,0,50
BRDA:165,9,0,50
BRDA:171,10,0,50
BRDA:177,11,0,50
BRDA:183,12,0,50
BRDA:196,13,0,50
BRDA:206,14,0,0
BRDA:214,15,0,32
BRDA:215,16,0,29
BRDA:215,17,0,3
BRDA:222,18,0,2
BRDA:225,19,0,1
BRDA:228,20,0,1
BRDA:231,21,0,1
BRDA:234,22,0,14
BRDA:237,23,0,11
BRDA:240,24,0,0
BRDA:243,25,0,2
BRDA:246,26,0,0
BRDA:256,27,0,0
BRDA:270,28,0,2
BRDA:274,29,0,1
BRDA:286,30,0,0
BRDA:298,31,0,1
BRDA:314,32,0,0
BRDA:326,33,0,1
BRDA:341,34,0,0
BRDA:353,35,0,1
BRDA:367,36,0,0
BRDA:379,37,0,14
BRDA:381,38,0,0
BRDA:385,39,0,11
BRDA:386,40,0,11
BRDA:390,41,0,11
BRDA:390,42,0,2
BRDA:390,43,0,12
BRDA:407,44,0,0
BRDA:414,45,0,0
BRDA:426,46,0,11
BRDA:428,47,0,0
BRDA:437,48,0,1
BRDA:437,49,0,10
BRDA:451,50,0,6
BRDA:453,51,0,1
BRDA:454,52,0,0
BRDA:456,53,0,5
BRDA:460,54,0,6
BRDA:500,55,0,2
BRDA:502,56,0,0
BRDA:515,57,0,1
BRDA:517,58,0,0
BRDA:519,59,0,1
BRDA:524,60,0,0
BRDA:524,61,0,0
BRDA:527,62,0,1
BRDA:539,63,0,30
BRDA:542,64,0,5
BRDA:542,65,0,5
BRDA:543,66,0,0
BRDA:546,67,0,5
BRDA:546,68,0,0
BRDA:556,69,0,14
BRDA:560,70,0,3
BRDA:578,71,0,11
BRDA:583,72,0,2
BRDA:583,73,0,2
BRDA:597,74,0,14
BRDA:598,75,0,12
BRDA:600,76,0,12
BRDA:600,77,0,1
BRDA:615,78,0,0
BRDA:616,79,0,0
BRDA:617,80,0,0
BRDA:617,81,0,0
BRDA:620,82,0,13
BRDA:624,83,0,11
BRDA:624,84,0,2
BRDA:628,85,0,3
BRDA:628,86,0,10
BRDA:629,87,0,3
BRDA:629,88,0,10
BRDA:630,89,0,3
BRDA:630,90,0,10
BRDA:630,91,0,3
BRDA:630,92,0,10
BRDA:638,93,0,5
BRDA:639,94,0,4
BRDA:640,95,0,4
BRDA:642,96,0,4
BRDA:642,97,0,1
BRDA:654,98,0,0
BRDA:655,99,0,0
BRDA:656,100,0,0
BRDA:659,101,0,4
BRDA:663,102,0,3
BRDA:663,103,0,1
BRDA:667,104,0,3
BRDA:667,105,0,1
BRDA:668,106,0,3
BRDA:668,107,0,1
BRDA:669,108,0,3
BRDA:669,109,0,1
BRDA:646,110,0,1
BRDA:649,111,0,0
BRDA:677,112,0,9
BRDA:684,113,0,5
BRDA:692,114,0,5
BRDA:699,115,0,3
BRDA:700,116,0,3
BRDA:706,117,0,49
BRF:118
BRH:91
end_of_record
TN:
SF:src\services\LanguageModelToolsService.ts
FN:1,(empty-report)
FNF:1
FNH:0
FNDA:0,(empty-report)
DA:1,0
DA:21,0
DA:22,0
DA:23,0
DA:24,0
DA:25,0
DA:26,0
DA:27,0
DA:28,0
DA:29,0
DA:30,0
DA:36,0
DA:37,0
DA:38,0
DA:39,0
DA:40,0
DA:41,0
DA:42,0
DA:44,0
DA:45,0
DA:46,0
DA:47,0
DA:48,0
DA:49,0
DA:50,0
DA:51,0
DA:52,0
DA:53,0
DA:54,0
DA:55,0
DA:60,0
DA:62,0
DA:63,0
DA:64,0
DA:67,0
DA:68,0
DA:69,0
DA:72,0
DA:73,0
DA:74,0
DA:77,0
DA:78,0
DA:79,0
DA:82,0
DA:83,0
DA:84,0
DA:87,0
DA:88,0
DA:89,0
DA:92,0
DA:93,0
DA:96,0
DA:97,0
DA:98,0
DA:99,0
DA:100,0
DA:101,0
DA:102,0
DA:103,0
DA:104,0
DA:105,0
DA:106,0
DA:111,0
DA:113,0
DA:114,0
DA:115,0
DA:116,0
DA:119,0
DA:120,0
DA:121,0
DA:122,0
DA:127,0
DA:128,0
DA:130,0
DA:131,0
DA:132,0
DA:133,0
DA:134,0
DA:135,0
DA:136,0
DA:137,0
DA:138,0
DA:139,0
DA:140,0
DA:141,0
DA:142,0
DA:144,0
DA:145,0
DA:146,0
DA:147,0
DA:148,0
DA:149,0
DA:150,0
DA:155,0
DA:156,0
DA:157,0
DA:158,0
DA:159,0
DA:160,0
DA:161,0
DA:162,0
DA:163,0
DA:164,0
DA:165,0
DA:166,0
DA:167,0
DA:168,0
DA:170,0
DA:171,0
DA:172,0
DA:173,0
DA:174,0
DA:175,0
DA:176,0
DA:181,0
DA:182,0
DA:183,0
DA:184,0
DA:185,0
DA:186,0
DA:188,0
DA:189,0
DA:190,0
DA:191,0
DA:193,0
DA:194,0
DA:196,0
DA:197,0
DA:198,0
DA:199,0
DA:201,0
DA:202,0
DA:203,0
DA:204,0
DA:205,0
DA:206,0
DA:207,0
DA:208,0
DA:209,0
DA:210,0
DA:211,0
DA:212,0
DA:213,0
DA:214,0
DA:215,0
DA:216,0
DA:217,0
DA:218,0
DA:223,0
DA:224,0
DA:225,0
DA:226,0
DA:227,0
DA:232,0
DA:233,0
DA:234,0
DA:235,0
DA:236,0
DA:237,0
DA:238,0
DA:239,0
DA:240,0
DA:241,0
DA:242,0
DA:243,0
DA:244,0
DA:245,0
DA:246,0
DA:247,0
DA:248,0
DA:249,0
DA:254,0
DA:255,0
DA:256,0
DA:257,0
DA:258,0
DA:267,0
DA:268,0
DA:269,0
DA:270,0
DA:272,0
DA:273,0
DA:274,0
DA:276,0
DA:277,0
DA:279,0
DA:280,0
DA:281,0
DA:283,0
DA:284,0
DA:287,0
DA:288,0
DA:289,0
DA:290,0
DA:291,0
DA:292,0
DA:293,0
DA:294,0
DA:296,0
DA:298,0
DA:300,0
DA:301,0
DA:303,0
DA:304,0
DA:305,0
DA:306,0
DA:307,0
DA:308,0
DA:309,0
DA:310,0
DA:311,0
DA:316,0
DA:317,0
DA:318,0
DA:319,0
DA:322,0
DA:323,0
DA:324,0
DA:325,0
DA:328,0
DA:329,0
DA:330,0
DA:332,0
DA:333,0
DA:334,0
DA:336,0
DA:339,0
DA:340,0
DA:341,0
DA:342,0
DA:343,0
DA:344,0
DA:346,0
DA:347,0
DA:348,0
DA:349,0
DA:350,0
DA:351,0
DA:352,0
DA:353,0
DA:355,0
DA:356,0
DA:357,0
DA:358,0
DA:359,0
DA:364,0
DA:365,0
DA:366,0
DA:368,0
DA:369,0
DA:370,0
DA:371,0
DA:374,0
DA:376,0
DA:377,0
DA:378,0
DA:379,0
DA:380,0
DA:381,0
DA:382,0
DA:383,0
DA:392,0
DA:393,0
DA:394,0
DA:395,0
DA:396,0
DA:397,0
DA:399,0
DA:400,0
DA:401,0
DA:402,0
DA:405,0
DA:407,0
DA:408,0
DA:409,0
DA:410,0
DA:411,0
DA:412,0
DA:413,0
DA:414,0
DA:415,0
DA:416,0
DA:417,0
DA:418,0
DA:419,0
DA:420,0
DA:422,0
DA:423,0
DA:424,0
DA:426,0
DA:427,0
DA:429,0
DA:431,0
DA:437,0
DA:444,0
DA:447,0
DA:449,0
DA:450,0
DA:455,0
DA:456,0
DA:457,0
DA:458,0
DA:459,0
DA:462,0
DA:463,0
DA:464,0
DA:465,0
DA:466,0
DA:467,0
DA:468,0
DA:469,0
DA:470,0
DA:471,0
DA:474,0
DA:475,0
DA:476,0
DA:478,0
DA:479,0
DA:480,0
DA:481,0
DA:482,0
DA:483,0
DA:484,0
DA:485,0
DA:486,0
DA:491,0
DA:492,0
DA:493,0
DA:494,0
DA:495,0
DA:498,0
DA:499,0
DA:500,0
DA:501,0
DA:502,0
DA:505,0
DA:508,0
DA:509,0
DA:510,0
DA:511,0
DA:513,0
DA:514,0
DA:517,0
DA:518,0
DA:520,0
DA:521,0
DA:522,0
DA:523,0
DA:524,0
DA:525,0
DA:526,0
DA:527,0
DA:528,0
DA:537,0
DA:538,0
DA:539,0
DA:540,0
DA:541,0
DA:542,0
DA:544,0
DA:545,0
DA:546,0
DA:548,0
DA:552,0
DA:555,0
DA:558,0
DA:559,0
DA:560,0
DA:562,0
DA:563,0
DA:564,0
DA:565,0
DA:566,0
DA:571,0
DA:572,0
DA:573,0
DA:574,0
DA:576,0
DA:577,0
DA:578,0
DA:579,0
DA:580,0
DA:581,0
DA:582,0
DA:583,0
DA:584,0
DA:589,0
DA:590,0
DA:591,0
DA:592,0
DA:593,0
DA:594,0
DA:595,0
DA:596,0
DA:598,0
DA:599,0
DA:600,0
DA:606,0
DA:607,0
DA:608,0
DA:609,0
DA:610,0
DA:612,0
DA:613,0
DA:614,0
DA:615,0
DA:617,0
DA:618,0
DA:619,0
DA:620,0
DA:621,0
DA:622,0
DA:624,0
DA:625,0
DA:626,0
DA:627,0
DA:629,0
DA:630,0
DA:631,0
DA:632,0
DA:633,0
DA:634,0
DA:636,0
DA:637,0
DA:639,0
DA:640,0
DA:641,0
DA:642,0
DA:643,0
DA:644,0
DA:646,0
DA:647,0
DA:648,0
DA:649,0
DA:650,0
DA:651,0
DA:652,0
DA:653,0
DA:654,0
DA:655,0
DA:661,0
DA:662,0
DA:663,0
DA:664,0
DA:665,0
DA:667,0
DA:668,0
DA:669,0
DA:671,0
DA:672,0
DA:674,0
DA:675,0
DA:676,0
DA:677,0
DA:678,0
DA:679,0
DA:680,0
DA:681,0
DA:682,0
DA:684,0
DA:685,0
DA:686,0
DA:687,0
DA:688,0
DA:690,0
DA:691,0
DA:694,0
DA:695,0
DA:696,0
DA:697,0
DA:699,0
DA:700,0
DA:701,0
DA:702,0
DA:703,0
DA:704,0
DA:705,0
DA:706,0
DA:707,0
DA:709,0
DA:710,0
DA:711,0
DA:712,0
DA:713,0
DA:715,0
DA:716,0
DA:719,0
DA:720,0
DA:721,0
DA:722,0
DA:723,0
DA:725,0
DA:726,0
DA:727,0
DA:728,0
DA:729,0
DA:730,0
DA:731,0
DA:732,0
DA:733,0
DA:739,0
DA:740,0
DA:741,0
DA:742,0
DA:743,0
DA:746,0
DA:747,0
DA:748,0
DA:749,0
DA:750,0
DA:751,0
DA:752,0
DA:753,0
DA:754,0
DA:756,0
DA:757,0
DA:758,0
DA:759,0
DA:761,0
DA:762,0
DA:763,0
DA:764,0
DA:765,0
DA:767,0
DA:768,0
DA:769,0
DA:770,0
DA:771,0
DA:773,0
DA:774,0
DA:775,0
DA:776,0
DA:778,0
DA:779,0
DA:780,0
DA:781,0
DA:782,0
DA:783,0
DA:784,0
DA:785,0
DA:786,0
DA:792,0
DA:793,0
DA:794,0
DA:795,0
DA:797,0
DA:798,0
DA:799,0
DA:802,0
DA:803,0
DA:804,0
DA:805,0
DA:806,0
DA:807,0
DA:809,0
DA:810,0
DA:811,0
DA:812,0
DA:813,0
DA:814,0
DA:816,0
DA:818,0
DA:819,0
DA:820,0
DA:821,0
DA:822,0
DA:823,0
DA:824,0
DA:825,0
DA:827,0
DA:828,0
DA:829,0
DA:830,0
DA:831,0
DA:832,0
DA:833,0
DA:834,0
DA:835,0
DA:841,0
DA:842,0
DA:843,0
DA:844,0
DA:845,0
DA:846,0
DA:847,0
DA:848,0
DA:849,0
DA:850,0
DA:852,0
DA:853,0
DA:854,0
DA:855,0
DA:856,0
DA:857,0
DA:859,0
DA:860,0
DA:861,0
DA:862,0
DA:863,0
DA:864,0
DA:865,0
DA:866,0
DA:868,0
DA:869,0
DA:870,0
DA:871,0
DA:872,0
DA:873,0
DA:875,0
DA:876,0
DA:877,0
DA:878,0
DA:879,0
DA:881,0
DA:882,0
DA:884,0
DA:885,0
DA:886,0
DA:887,0
DA:889,0
DA:890,0
DA:891,0
DA:892,0
DA:893,0
DA:895,0
DA:896,0
DA:897,0
DA:898,0
DA:899,0
DA:901,0
DA:902,0
DA:904,0
DA:905,0
DA:906,0
DA:907,0
DA:908,0
DA:909,0
DA:910,0
DA:911,0
DA:913,0
DA:914,0
DA:915,0
DA:916,0
DA:917,0
DA:918,0
DA:919,0
DA:920,0
DA:921,0
DA:923,0
DA:924,0
DA:925,0
DA:926,0
DA:927,0
DA:928,0
DA:929,0
DA:930,0
DA:931,0
DA:932,0
DA:933,0
DA:934,0
DA:936,0
DA:937,0
DA:938,0
DA:939,0
DA:940,0
DA:941,0
DA:942,0
DA:943,0
DA:944,0
DA:945,0
DA:946,0
DA:947,0
DA:948,0
DA:950,0
DA:951,0
DA:952,0
DA:953,0
DA:955,0
DA:956,0
DA:957,0
DA:958,0
DA:959,0
DA:960,0
DA:962,0
DA:963,0
DA:964,0
DA:965,0
DA:966,0
DA:967,0
DA:968,0
DA:969,0
DA:970,0
DA:972,0
DA:973,0
DA:974,0
DA:975,0
DA:976,0
DA:977,0
DA:978,0
DA:979,0
DA:981,0
DA:982,0
DA:983,0
DA:984,0
DA:985,0
DA:986,0
DA:987,0
DA:988,0
DA:989,0
DA:990,0
DA:991,0
DA:992,0
DA:993,0
DA:995,0
DA:996,0
DA:997,0
DA:998,0
DA:999,0
DA:1000,0
DA:1002,0
DA:1003,0
DA:1004,0
DA:1005,0
DA:1006,0
DA:1007,0
DA:1008,0
DA:1010,0
DA:1011,0
DA:1012,0
DA:1013,0
DA:1014,0
DA:1015,0
DA:1016,0
DA:1017,0
DA:1018,0
DA:1027,0
DA:1028,0
DA:1029,0
DA:1030,0
DA:1031,0
DA:1032,0
DA:1033,0
DA:1038,0
DA:1039,0
DA:1040,0
DA:1045,0
DA:1046,0
DA:1047,0
DA:1048,0
DA:1049,0
DA:1050,0
DA:1051,0
DA:1052,0
DA:1053,0
DA:1055,0
LF:755
LH:0
BRDA:1,0,0,0
BRF:1
BRH:0
end_of_record
TN:
SF:src\services\LazyServices.ts
FN:1,(empty-report)
FNF:1
FNH:0
FNDA:0,(empty-report)
DA:1,0
DA:17,0
DA:18,0
DA:19,0
DA:20,0
DA:22,0
DA:23,0
DA:24,0
DA:25,0
DA:27,0
DA:28,0
DA:29,0
DA:30,0
DA:33,0
DA:34,0
DA:35,0
DA:36,0
DA:38,0
DA:39,0
DA:40,0
DA:41,0
DA:47,0
DA:48,0
DA:49,0
DA:50,0
DA:52,0
DA:53,0
DA:54,0
DA:55,0
DA:57,0
DA:58,0
DA:59,0
DA:60,0
DA:66,0
DA:67,0
DA:68,0
DA:69,0
DA:71,0
DA:72,0
DA:73,0
DA:74,0
DA:80,0
DA:81,0
DA:82,0
DA:83,0
DA:85,0
DA:86,0
DA:87,0
DA:88,0
DA:90,0
DA:91,0
DA:92,0
DA:93,0
DA:95,0
DA:96,0
DA:97,0
DA:98,0
DA:104,0
DA:105,0
DA:106,0
DA:107,0
DA:109,0
DA:110,0
DA:111,0
DA:112,0
DA:117,0
DA:120,0
DA:121,0
DA:124,0
DA:125,0
DA:126,0
DA:127,0
DA:128,0
DA:129,0
DA:130,0
DA:133,0
DA:134,0
DA:135,0
DA:136,0
DA:139,0
DA:140,0
DA:141,0
DA:142,0
DA:143,0
DA:146,0
DA:147,0
DA:148,0
DA:149,0
DA:150,0
DA:151,0
DA:152,0
DA:153,0
DA:154,0
DA:155,0
DA:157,0
DA:160,0
DA:162,0
DA:163,0
DA:164,0
DA:165,0
DA:166,0
DA:167,0
DA:168,0
DA:170,0
DA:172,0
DA:173,0
DA:174,0
DA:175,0
DA:176,0
DA:177,0
DA:180,0
DA:181,0
DA:182,0
DA:184,0
DA:185,0
DA:186,0
DA:187,0
DA:188,0
DA:193,0
DA:194,0
DA:197,0
DA:198,0
DA:199,0
DA:200,0
DA:201,0
DA:202,0
DA:203,0
DA:204,0
DA:205,0
DA:206,0
DA:207,0
DA:208,0
DA:209,0
DA:210,0
DA:215,0
DA:216,0
DA:217,0
LF:137
LH:0
BRDA:1,0,0,0
BRF:1
BRH:0
end_of_record
TN:
SF:src\services\MCPIntegrationService.ts
FN:83,<instance_members_initializer>
FN:104,MCPIntegrationService
FN:121,registerBuiltInTools
FN:140,handler
FN:173,handler
FN:196,handler
FN:220,handler
FN:238,handler
FN:259,handler
FN:271,registerBuiltInPrompts
FN:280,generate
FN:305,generate
FN:325,registerTool
FN:333,registerResource
FN:341,registerPrompt
FN:349,listTools
FN:356,listResources
FN:363,listPrompts
FN:370,executeTool
FN:393,generatePrompt
FN:410,handleFileOperation
FN:453,handleCodeAnalysis
FN:485,handleCodebaseSearch
FN:539,handleTerminalCommand
FN:560,handleGitOperation
FN:590,getServerConfig
FN:597,exportToolsAsOpenAIFunctions
FN:618,exportToolsAsAnthropicTools
FN:633,dispose
FNF:29
FNH:21
FNDA:28,<instance_members_initializer>
FNDA:28,MCPIntegrationService
FNDA:28,registerBuiltInTools
FNDA:1,handler
FNDA:2,handler
FNDA:0,handler
FNDA:0,handler
FNDA:1,handler
FNDA:0,handler
FNDA:28,registerBuiltInPrompts
FNDA:0,generate
FNDA:0,generate
FNDA:172,registerTool
FNDA:2,registerResource
FNDA:59,registerPrompt
FNDA:15,listTools
FNDA:3,listResources
FNDA:2,listPrompts
FNDA:7,executeTool
FNDA:2,generatePrompt
FNDA:2,handleFileOperation
FNDA:0,handleCodeAnalysis
FNDA:0,handleCodebaseSearch
FNDA:1,handleTerminalCommand
FNDA:0,handleGitOperation
FNDA:1,getServerConfig
FNDA:2,exportToolsAsOpenAIFunctions
FNDA:2,exportToolsAsAnthropicTools
FNDA:31,dispose
DA:1,1
DA:82,1
DA:83,1
DA:84,28
DA:85,28
DA:86,28
DA:87,28
DA:88,28
DA:91,28
DA:92,28
DA:93,28
DA:94,28
DA:95,28
DA:98,28
DA:99,28
DA:100,28
DA:101,28
DA:102,28
DA:104,1
DA:105,28
DA:106,28
DA:107,28
DA:108,28
DA:109,28
DA:110,28
DA:111,28
DA:112,28
DA:113,28
DA:114,28
DA:115,28
DA:116,28
DA:121,1
DA:123,28
DA:124,28
DA:125,28
DA:126,28
DA:127,28
DA:128,28
DA:129,28
DA:130,28
DA:131,28
DA:132,28
DA:133,28
DA:134,28
DA:135,28
DA:136,28
DA:137,28
DA:138,28
DA:139,28
DA:140,28
DA:141,1
DA:142,1
DA:143,1
DA:144,1
DA:145,0
DA:146,0
DA:147,1
DA:148,28
DA:151,28
DA:152,28
DA:153,28
DA:154,28
DA:155,28
DA:156,28
DA:157,28
DA:158,28
DA:159,28
DA:160,28
DA:161,28
DA:162,28
DA:163,28
DA:164,28
DA:165,28
DA:166,28
DA:167,28
DA:168,28
DA:169,28
DA:170,28
DA:171,28
DA:172,28
DA:173,28
DA:174,2
DA:175,2
DA:176,28
DA:179,28
DA:180,28
DA:181,28
DA:182,28
DA:183,28
DA:184,28
DA:185,28
DA:186,28
DA:187,28
DA:188,28
DA:189,28
DA:190,28
DA:191,28
DA:192,28
DA:193,28
DA:194,28
DA:195,28
DA:196,28
DA:197,0
DA:198,0
DA:199,28
DA:202,28
DA:203,28
DA:204,28
DA:205,28
DA:206,28
DA:207,28
DA:208,28
DA:209,28
DA:210,28
DA:211,28
DA:212,28
DA:213,28
DA:214,28
DA:215,28
DA:216,28
DA:217,28
DA:218,28
DA:219,28
DA:220,28
DA:221,0
DA:222,0
DA:223,28
DA:226,28
DA:227,28
DA:228,28
DA:229,28
DA:230,28
DA:231,28
DA:232,28
DA:233,28
DA:234,28
DA:235,28
DA:236,28
DA:237,28
DA:238,28
DA:239,1
DA:240,1
DA:241,28
DA:244,28
DA:245,28
DA:246,28
DA:247,28
DA:248,28
DA:249,28
DA:250,28
DA:251,28
DA:252,28
DA:253,28
DA:254,28
DA:255,28
DA:256,28
DA:257,28
DA:258,28
DA:259,28
DA:260,0
DA:261,0
DA:262,28
DA:265,28
DA:266,28
DA:271,1
DA:272,28
DA:273,28
DA:274,28
DA:275,28
DA:276,28
DA:277,28
DA:278,28
DA:279,28
DA:280,28
DA:281,0
DA:283,0
DA:284,0
DA:294,0
DA:295,28
DA:297,28
DA:298,28
DA:299,28
DA:300,28
DA:301,28
DA:302,28
DA:303,28
DA:304,28
DA:305,28
DA:306,0
DA:308,0
DA:309,0
DA:318,0
DA:319,28
DA:320,28
DA:325,1
DA:326,172
DA:327,172
DA:328,172
DA:333,1
DA:334,2
DA:335,2
DA:336,2
DA:341,1
DA:342,59
DA:343,59
DA:344,59
DA:349,1
DA:350,15
DA:351,15
DA:356,1
DA:357,3
DA:358,3
DA:363,1
DA:364,2
DA:365,2
DA:370,1
DA:371,7
DA:372,7
DA:373,1
DA:374,1
DA:376,6
DA:377,6
DA:378,5
DA:379,5
DA:380,7
DA:381,1
DA:382,1
DA:383,1
DA:384,1
DA:385,1
DA:386,1
DA:387,1
DA:388,7
DA:393,1
DA:394,2
DA:395,2
DA:396,1
DA:397,1
DA:399,1
DA:400,1
DA:401,2
DA:402,0
DA:403,0
DA:404,0
DA:405,2
DA:410,1
DA:411,2
DA:413,2
DA:414,2
DA:415,2
DA:416,0
DA:417,0
DA:419,2
DA:421,2
DA:422,2
DA:423,1
DA:424,0
DA:426,2
DA:427,2
DA:428,0
DA:429,0
DA:431,2
DA:432,0
DA:433,0
DA:435,2
DA:436,0
DA:437,0
DA:438,0
DA:439,0
DA:440,0
DA:442,2
DA:443,1
DA:444,2
DA:445,2
DA:446,1
DA:447,1
DA:448,2
DA:453,1
DA:454,0
DA:456,0
DA:458,0
DA:459,0
DA:460,0
DA:461,0
DA:463,0
DA:464,0
DA:465,0
DA:466,0
DA:467,0
DA:468,0
DA:469,0
DA:470,0
DA:472,0
DA:473,0
DA:474,0
DA:475,0
DA:476,0
DA:477,0
DA:478,0
DA:479,0
DA:480,0
DA:485,1
DA:486,0
DA:488,0
DA:489,0
DA:490,0
DA:491,0
DA:492,0
DA:493,0
DA:495,0
DA:497,0
DA:498,0
DA:499,0
DA:501,0
DA:502,0
DA:503,0
DA:504,0
DA:505,0
DA:506,0
DA:507,0
DA:508,0
DA:509,0
DA:510,0
DA:511,0
DA:512,0
DA:513,0
DA:514,0
DA:515,0
DA:516,0
DA:517,0
DA:518,0
DA:519,0
DA:520,0
DA:521,0
DA:523,0
DA:524,0
DA:526,0
DA:527,0
DA:528,0
DA:529,0
DA:530,0
DA:531,0
DA:532,0
DA:533,0
DA:534,0
DA:539,1
DA:540,1
DA:542,1
DA:543,1
DA:544,1
DA:545,1
DA:546,1
DA:548,1
DA:549,1
DA:551,1
DA:552,1
DA:553,0
DA:554,0
DA:555,1
DA:560,1
DA:561,0
DA:563,0
DA:564,0
DA:565,0
DA:566,0
DA:567,0
DA:569,0
DA:570,0
DA:572,0
DA:573,0
DA:574,0
DA:577,0
DA:578,0
DA:579,0
DA:581,0
DA:582,0
DA:583,0
DA:584,0
DA:585,0
DA:590,1
DA:591,1
DA:592,1
DA:597,1
DA:604,2
DA:605,2
DA:606,12
DA:607,12
DA:608,12
DA:609,12
DA:610,12
DA:611,12
DA:612,2
DA:613,2
DA:618,1
DA:622,2
DA:623,2
DA:624,12
DA:625,12
DA:626,12
DA:627,2
DA:628,2
DA:633,1
DA:634,31
DA:635,31
DA:636,31
DA:637,31
DA:638,31
DA:639,31
DA:640,31
DA:641,31
DA:642,31
DA:643,1
DA:645,1
LF:413
LH:295
BRDA:83,0,0,28
BRDA:104,1,0,28
BRDA:121,2,0,28
BRDA:140,3,0,1
BRDA:144,4,0,0
BRDA:173,5,0,2
BRDA:238,6,0,1
BRDA:271,7,0,28
BRDA:325,8,0,172
BRDA:333,9,0,2
BRDA:341,10,0,59
BRDA:349,11,0,15
BRDA:356,12,0,3
BRDA:363,13,0,2
BRDA:370,14,0,7
BRDA:372,15,0,1
BRDA:374,16,0,6
BRDA:377,17,0,5
BRDA:380,18,0,1
BRDA:383,19,0,0
BRDA:393,20,0,2
BRDA:395,21,0,1
BRDA:401,22,0,0
BRDA:410,23,0,2
BRDA:415,24,0,0
BRDA:422,25,0,1
BRDA:423,26,0,0
BRDA:426,27,0,0
BRDA:427,28,0,0
BRDA:431,29,0,0
BRDA:435,30,0,0
BRDA:442,31,0,1
BRDA:444,32,0,0
BRDA:445,33,0,1
BRDA:539,34,0,1
BRDA:552,35,0,0
BRDA:590,36,0,1
BRDA:597,37,0,2
BRDA:605,38,0,12
BRDA:618,39,0,2
BRDA:623,40,0,12
BRDA:633,41,0,31
BRF:42
BRH:31
end_of_record
TN:
SF:src\services\MultiFileEditingService.ts
FN:1,(empty-report)
FNF:1
FNH:0
FNDA:0,(empty-report)
DA:1,0
DA:10,0
DA:11,0
DA:13,0
DA:14,0
DA:15,0
DA:17,0
DA:18,0
DA:19,0
DA:89,0
DA:90,0
DA:91,0
DA:92,0
DA:95,0
DA:96,0
DA:97,0
DA:98,0
DA:100,0
DA:101,0
DA:102,0
DA:103,0
DA:105,0
DA:106,0
DA:107,0
DA:112,0
DA:113,0
DA:114,0
DA:115,0
DA:116,0
DA:117,0
DA:118,0
DA:119,0
DA:120,0
DA:122,0
DA:123,0
DA:124,0
DA:125,0
DA:130,0
DA:131,0
DA:132,0
DA:133,0
DA:134,0
DA:136,0
DA:137,0
DA:138,0
DA:139,0
DA:140,0
DA:142,0
DA:143,0
DA:144,0
DA:146,0
DA:147,0
DA:148,0
DA:149,0
DA:151,0
DA:152,0
DA:153,0
DA:154,0
DA:156,0
DA:157,0
DA:159,0
DA:160,0
DA:161,0
DA:162,0
DA:163,0
DA:164,0
DA:165,0
DA:167,0
DA:168,0
DA:169,0
DA:170,0
DA:175,0
DA:176,0
DA:177,0
DA:178,0
DA:179,0
DA:181,0
DA:182,0
DA:183,0
DA:184,0
DA:185,0
DA:186,0
DA:187,0
DA:190,0
DA:191,0
DA:193,0
DA:194,0
DA:195,0
DA:196,0
DA:199,0
DA:200,0
DA:201,0
DA:203,0
DA:205,0
DA:206,0
DA:207,0
DA:208,0
DA:210,0
DA:211,0
DA:212,0
DA:213,0
DA:214,0
DA:215,0
DA:217,0
DA:218,0
DA:220,0
DA:221,0
DA:222,0
DA:223,0
DA:224,0
DA:225,0
DA:226,0
DA:227,0
DA:228,0
DA:229,0
DA:230,0
DA:233,0
DA:236,0
DA:237,0
DA:239,0
DA:240,0
DA:241,0
DA:242,0
DA:243,0
DA:244,0
DA:245,0
DA:246,0
DA:247,0
DA:248,0
DA:249,0
DA:250,0
DA:251,0
DA:253,0
DA:254,0
DA:255,0
DA:256,0
DA:257,0
DA:262,0
DA:263,0
DA:264,0
DA:265,0
DA:266,0
DA:268,0
DA:269,0
DA:270,0
DA:272,0
DA:273,0
DA:274,0
DA:275,0
DA:277,0
DA:278,0
DA:279,0
DA:280,0
DA:281,0
DA:282,0
DA:283,0
DA:285,0
DA:286,0
DA:287,0
DA:288,0
DA:290,0
DA:291,0
DA:292,0
DA:294,0
DA:296,0
DA:297,0
DA:298,0
DA:300,0
DA:301,0
DA:302,0
DA:303,0
DA:304,0
DA:305,0
DA:306,0
DA:307,0
DA:308,0
DA:309,0
DA:310,0
DA:312,0
DA:313,0
DA:314,0
DA:315,0
DA:316,0
DA:321,0
DA:322,0
DA:323,0
DA:326,0
DA:327,0
DA:328,0
DA:329,0
DA:330,0
DA:331,0
DA:333,0
DA:334,0
DA:335,0
DA:336,0
DA:337,0
DA:339,0
DA:340,0
DA:341,0
DA:342,0
DA:344,0
DA:345,0
DA:346,0
DA:347,0
DA:349,0
DA:350,0
DA:351,0
DA:352,0
DA:354,0
DA:355,0
DA:357,0
DA:358,0
DA:360,0
DA:362,0
DA:363,0
DA:364,0
DA:365,0
DA:366,0
DA:367,0
DA:368,0
DA:370,0
DA:371,0
DA:376,0
DA:377,0
DA:378,0
DA:379,0
DA:381,0
DA:382,0
DA:384,0
DA:386,0
DA:387,0
DA:388,0
DA:389,0
DA:390,0
DA:393,0
DA:394,0
DA:395,0
DA:398,0
DA:399,0
DA:400,0
DA:401,0
DA:403,0
DA:404,0
DA:405,0
DA:406,0
DA:408,0
DA:409,0
DA:410,0
DA:411,0
DA:412,0
DA:413,0
DA:414,0
DA:415,0
DA:416,0
DA:418,0
DA:419,0
DA:420,0
DA:421,0
DA:422,0
DA:423,0
DA:424,0
DA:425,0
DA:426,0
DA:428,0
DA:429,0
DA:434,0
DA:435,0
DA:436,0
DA:437,0
DA:438,0
DA:441,0
DA:442,0
DA:445,0
DA:446,0
DA:447,0
DA:448,0
DA:449,0
DA:451,0
DA:452,0
DA:453,0
DA:454,0
DA:455,0
DA:457,0
DA:458,0
DA:459,0
DA:460,0
DA:462,0
DA:463,0
DA:464,0
DA:465,0
DA:466,0
DA:467,0
DA:468,0
DA:469,0
DA:471,0
DA:472,0
DA:473,0
DA:474,0
DA:475,0
DA:480,0
DA:481,0
DA:482,0
DA:487,0
DA:488,0
DA:489,0
DA:494,0
DA:495,0
DA:496,0
DA:497,0
DA:502,0
DA:503,0
DA:504,0
DA:509,0
DA:510,0
DA:511,0
DA:512,0
DA:521,0
DA:522,0
DA:523,0
DA:524,0
DA:525,0
DA:526,0
DA:527,0
DA:528,0
DA:529,0
DA:531,0
DA:532,0
DA:533,0
DA:534,0
DA:535,0
DA:536,0
DA:537,0
DA:540,0
DA:542,0
DA:543,0
DA:544,0
DA:547,0
DA:548,0
DA:549,0
DA:551,0
DA:552,0
DA:553,0
DA:555,0
DA:556,0
DA:557,0
DA:558,0
DA:559,0
DA:561,0
DA:562,0
DA:567,0
DA:568,0
DA:569,0
DA:570,0
DA:571,0
DA:572,0
DA:573,0
DA:574,0
DA:575,0
DA:577,0
LF:360
LH:0
BRDA:1,0,0,0
BRF:1
BRH:0
end_of_record
TN:
SF:src\services\MultiWindowManager.ts
FN:1,(empty-report)
FNF:1
FNH:0
FNDA:0,(empty-report)
DA:1,0
DA:15,0
DA:16,0
DA:21,0
DA:22,0
DA:23,0
DA:24,0
DA:25,0
DA:26,0
DA:28,0
DA:29,0
DA:34,0
DA:35,0
DA:36,0
DA:37,0
DA:42,0
DA:43,0
DA:44,0
DA:49,0
DA:50,0
DA:51,0
DA:52,0
DA:53,0
DA:54,0
DA:59,0
DA:60,0
DA:61,0
DA:66,0
DA:67,0
DA:69,0
DA:70,0
DA:71,0
DA:72,0
DA:77,0
DA:78,0
DA:80,0
DA:81,0
DA:82,0
DA:83,0
DA:84,0
DA:85,0
DA:86,0
LF:42
LH:0
BRDA:1,0,0,0
BRF:1
BRH:0
end_of_record
TN:
SF:src\services\OnboardingService.ts
FN:1,(empty-report)
FNF:1
FNH:0
FNDA:0,(empty-report)
DA:1,0
DA:73,0
DA:74,0
DA:75,0
DA:76,0
DA:77,0
DA:78,0
DA:79,0
DA:82,0
DA:83,0
DA:84,0
DA:86,0
DA:87,0
DA:88,0
DA:90,0
DA:91,0
DA:92,0
DA:93,0
DA:94,0
DA:95,0
DA:96,0
DA:97,0
DA:102,0
DA:103,0
DA:104,0
DA:105,0
DA:106,0
DA:107,0
DA:108,0
DA:109,0
DA:110,0
DA:111,0
DA:116,0
DA:117,0
DA:118,0
DA:123,0
DA:124,0
DA:125,0
DA:126,0
DA:127,0
DA:128,0
DA:129,0
DA:130,0
DA:131,0
DA:132,0
DA:133,0
DA:134,0
DA:135,0
DA:136,0
DA:137,0
DA:138,0
DA:139,0
DA:140,0
DA:141,0
DA:142,0
DA:143,0
DA:144,0
DA:145,0
DA:146,0
DA:147,0
DA:148,0
DA:149,0
DA:150,0
DA:151,0
DA:152,0
DA:153,0
DA:154,0
DA:155,0
DA:156,0
DA:157,0
DA:158,0
DA:159,0
DA:160,0
DA:161,0
DA:162,0
DA:163,0
DA:164,0
DA:165,0
DA:166,0
DA:167,0
DA:168,0
DA:169,0
DA:170,0
DA:171,0
DA:172,0
DA:173,0
DA:174,0
DA:175,0
DA:176,0
DA:178,0
DA:179,0
DA:180,0
DA:181,0
DA:182,0
DA:187,0
DA:188,0
DA:189,0
DA:190,0
DA:191,0
DA:192,0
DA:193,0
DA:194,0
DA:195,0
DA:196,0
DA:197,0
DA:198,0
DA:199,0
DA:200,0
DA:201,0
DA:202,0
DA:203,0
DA:204,0
DA:205,0
DA:206,0
DA:207,0
DA:208,0
DA:209,0
DA:210,0
DA:211,0
DA:212,0
DA:213,0
DA:214,0
DA:215,0
DA:216,0
DA:217,0
DA:218,0
DA:219,0
DA:220,0
DA:221,0
DA:222,0
DA:223,0
DA:224,0
DA:225,0
DA:226,0
DA:227,0
DA:228,0
DA:229,0
DA:230,0
DA:231,0
DA:232,0
DA:233,0
DA:234,0
DA:235,0
DA:236,0
DA:237,0
DA:238,0
DA:239,0
DA:240,0
DA:241,0
DA:242,0
DA:243,0
DA:244,0
DA:245,0
DA:246,0
DA:247,0
DA:248,0
DA:249,0
DA:250,0
DA:251,0
DA:252,0
DA:253,0
DA:254,0
DA:255,0
DA:256,0
DA:257,0
DA:258,0
DA:259,0
DA:260,0
DA:261,0
DA:262,0
DA:263,0
DA:264,0
DA:265,0
DA:266,0
DA:267,0
DA:268,0
DA:269,0
DA:270,0
DA:271,0
DA:272,0
DA:273,0
DA:274,0
DA:275,0
DA:276,0
DA:277,0
DA:278,0
DA:279,0
DA:280,0
DA:281,0
DA:282,0
DA:283,0
DA:284,0
DA:285,0
DA:286,0
DA:288,0
DA:289,0
DA:290,0
DA:291,0
DA:296,0
DA:297,0
DA:299,0
DA:300,0
DA:301,0
DA:302,0
DA:303,0
DA:304,0
DA:305,0
DA:306,0
DA:307,0
DA:308,0
DA:309,0
DA:310,0
DA:311,0
DA:312,0
DA:313,0
DA:314,0
DA:315,0
DA:316,0
DA:317,0
DA:318,0
DA:319,0
DA:320,0
DA:321,0
DA:322,0
DA:324,0
DA:325,0
DA:326,0
DA:327,0
DA:328,0
DA:329,0
DA:330,0
DA:331,0
DA:332,0
DA:333,0
DA:334,0
DA:335,0
DA:336,0
DA:337,0
DA:338,0
DA:339,0
DA:340,0
DA:341,0
DA:342,0
DA:343,0
DA:344,0
DA:345,0
DA:346,0
DA:347,0
DA:349,0
DA:350,0
DA:351,0
DA:352,0
DA:353,0
DA:354,0
DA:355,0
DA:356,0
DA:357,0
DA:358,0
DA:359,0
DA:360,0
DA:361,0
DA:362,0
DA:363,0
DA:364,0
DA:365,0
DA:366,0
DA:367,0
DA:368,0
DA:369,0
DA:370,0
DA:371,0
DA:372,0
DA:373,0
DA:374,0
DA:375,0
DA:376,0
DA:377,0
DA:378,0
DA:379,0
DA:380,0
DA:382,0
DA:383,0
DA:384,0
DA:385,0
DA:386,0
DA:387,0
DA:388,0
DA:389,0
DA:390,0
DA:391,0
DA:392,0
DA:393,0
DA:394,0
DA:395,0
DA:396,0
DA:397,0
DA:399,0
DA:400,0
DA:401,0
DA:402,0
DA:403,0
DA:404,0
DA:405,0
DA:406,0
DA:407,0
DA:409,0
DA:410,0
DA:411,0
DA:412,0
DA:417,0
DA:418,0
DA:419,0
DA:424,0
DA:425,0
DA:426,0
DA:427,0
DA:429,0
DA:430,0
DA:431,0
DA:432,0
DA:433,0
DA:438,0
DA:439,0
DA:440,0
DA:442,0
DA:443,0
DA:444,0
DA:445,0
DA:446,0
DA:448,0
DA:449,0
DA:454,0
DA:455,0
DA:456,0
DA:457,0
DA:458,0
DA:460,0
DA:461,0
DA:463,0
DA:464,0
DA:465,0
DA:466,0
DA:471,0
DA:472,0
DA:473,0
DA:474,0
DA:475,0
DA:477,0
DA:478,0
DA:479,0
DA:481,0
DA:484,0
DA:485,0
DA:486,0
DA:488,0
DA:489,0
DA:490,0
DA:491,0
DA:492,0
DA:493,0
DA:494,0
DA:499,0
DA:500,0
DA:501,0
DA:503,0
DA:504,0
DA:505,0
DA:506,0
DA:507,0
DA:512,0
DA:513,0
DA:514,0
DA:515,0
DA:516,0
DA:517,0
DA:518,0
DA:520,0
DA:521,0
DA:522,0
DA:523,0
DA:524,0
DA:525,0
DA:526,0
DA:527,0
DA:528,0
DA:533,0
DA:534,0
DA:536,0
DA:537,0
DA:538,0
DA:539,0
DA:540,0
DA:541,0
DA:543,0
DA:544,0
DA:546,0
DA:547,0
DA:548,0
DA:549,0
DA:550,0
DA:551,0
DA:552,0
DA:553,0
DA:555,0
DA:556,0
DA:557,0
DA:558,0
DA:559,0
DA:561,0
DA:562,0
DA:563,0
DA:565,0
DA:566,0
DA:567,0
DA:568,0
DA:569,0
DA:574,0
DA:575,0
DA:577,0
DA:578,0
DA:579,0
DA:580,0
DA:581,0
DA:583,0
DA:584,0
DA:585,0
DA:586,0
DA:587,0
DA:588,0
DA:589,0
DA:594,0
DA:595,0
DA:596,0
DA:601,0
DA:602,0
DA:603,0
DA:604,0
DA:609,0
DA:610,0
DA:611,0
DA:612,0
DA:613,0
DA:615,0
DA:616,0
DA:617,0
DA:622,0
DA:623,0
DA:624,0
DA:625,0
DA:626,0
DA:628,0
DA:629,0
DA:630,0
DA:631,0
DA:632,0
DA:633,0
DA:634,0
DA:636,0
DA:637,0
DA:638,0
DA:639,0
DA:640,0
DA:641,0
DA:642,0
DA:647,0
DA:648,0
DA:649,0
DA:654,0
DA:655,0
DA:656,0
DA:657,0
DA:662,0
DA:663,0
DA:664,0
DA:665,0
DA:666,0
DA:667,0
DA:668,0
DA:669,0
DA:670,0
DA:671,0
DA:676,0
DA:677,0
DA:678,0
DA:683,0
DA:684,0
DA:685,0
DA:686,0
DA:687,0
DA:688,0
DA:689,0
DA:690,0
DA:692,0
DA:693,0
DA:694,0
DA:696,0
DA:697,0
DA:702,0
DA:703,0
DA:704,0
DA:705,0
DA:706,0
DA:707,0
DA:709,0
LF:504
LH:0
BRDA:1,0,0,0
BRF:1
BRH:0
end_of_record
TN:
SF:src\services\TeamCollaborationService.ts
FN:1,(empty-report)
FNF:1
FNH:0
FNDA:0,(empty-report)
DA:1,0
DA:23,0
DA:27,0
DA:29,0
DA:30,0
DA:31,0
DA:32,0
DA:33,0
DA:34,0
DA:35,0
DA:36,0
DA:37,0
DA:38,0
DA:39,0
DA:40,0
DA:41,0
DA:42,0
DA:43,0
DA:48,0
DA:49,0
DA:50,0
DA:51,0
DA:52,0
DA:53,0
DA:55,0
DA:56,0
DA:57,0
DA:58,0
DA:59,0
DA:60,0
DA:62,0
DA:63,0
DA:64,0
DA:65,0
DA:67,0
DA:68,0
DA:69,0
DA:70,0
DA:71,0
DA:72,0
DA:77,0
DA:78,0
DA:79,0
DA:84,0
DA:85,0
DA:86,0
DA:87,0
DA:88,0
DA:90,0
DA:91,0
DA:92,0
DA:93,0
DA:94,0
LF:53
LH:0
BRDA:1,0,0,0
BRF:1
BRH:0
end_of_record
TN:
SF:src\services\TelemetryService.ts
FN:1,(empty-report)
FNF:1
FNH:0
FNDA:0,(empty-report)
DA:1,0
DA:88,0
DA:89,0
DA:90,0
DA:91,0
DA:92,0
DA:93,0
DA:94,0
DA:95,0
DA:96,0
DA:97,0
DA:100,0
DA:101,0
DA:103,0
DA:104,0
DA:107,0
DA:109,0
DA:110,0
DA:111,0
DA:112,0
DA:113,0
DA:116,0
DA:117,0
DA:118,0
DA:119,0
DA:124,0
DA:125,0
DA:126,0
DA:131,0
DA:132,0
DA:133,0
DA:134,0
DA:135,0
DA:136,0
DA:137,0
DA:142,0
DA:143,0
DA:144,0
DA:145,0
DA:146,0
DA:147,0
DA:148,0
DA:149,0
DA:151,0
DA:152,0
DA:153,0
DA:154,0
DA:155,0
DA:156,0
DA:157,0
DA:159,0
DA:160,0
DA:163,0
DA:164,0
DA:165,0
DA:166,0
DA:168,0
DA:169,0
DA:170,0
DA:171,0
DA:174,0
DA:175,0
DA:176,0
DA:177,0
DA:182,0
DA:183,0
DA:184,0
DA:185,0
DA:186,0
DA:187,0
DA:192,0
DA:193,0
DA:194,0
DA:195,0
DA:196,0
DA:197,0
DA:198,0
DA:199,0
DA:200,0
DA:201,0
DA:202,0
DA:203,0
DA:204,0
DA:209,0
DA:210,0
DA:211,0
DA:212,0
DA:213,0
DA:214,0
DA:215,0
DA:216,0
DA:217,0
DA:218,0
DA:219,0
DA:220,0
DA:221,0
DA:222,0
DA:223,0
DA:224,0
DA:225,0
DA:230,0
DA:231,0
DA:233,0
DA:234,0
DA:235,0
DA:236,0
DA:237,0
DA:238,0
DA:239,0
DA:240,0
DA:241,0
DA:242,0
DA:243,0
DA:244,0
DA:245,0
DA:246,0
DA:247,0
DA:248,0
DA:250,0
DA:251,0
DA:252,0
DA:253,0
DA:254,0
DA:255,0
DA:256,0
DA:261,0
DA:262,0
DA:263,0
DA:268,0
DA:269,0
DA:270,0
DA:271,0
DA:272,0
DA:274,0
DA:275,0
DA:277,0
DA:278,0
DA:279,0
DA:280,0
DA:281,0
DA:282,0
DA:284,0
DA:285,0
DA:286,0
DA:287,0
DA:288,0
DA:290,0
DA:291,0
DA:296,0
DA:297,0
DA:298,0
DA:299,0
DA:300,0
DA:301,0
DA:306,0
DA:307,0
DA:308,0
DA:309,0
DA:310,0
DA:312,0
DA:313,0
DA:314,0
DA:316,0
DA:317,0
DA:318,0
DA:319,0
DA:321,0
DA:322,0
DA:323,0
DA:324,0
DA:326,0
DA:327,0
DA:328,0
DA:329,0
DA:330,0
DA:332,0
DA:333,0
DA:334,0
DA:335,0
DA:336,0
DA:337,0
DA:338,0
DA:339,0
DA:340,0
DA:341,0
DA:342,0
DA:343,0
DA:344,0
DA:345,0
DA:346,0
DA:351,0
DA:352,0
DA:353,0
DA:354,0
DA:359,0
DA:360,0
DA:361,0
DA:366,0
DA:367,0
DA:368,0
DA:373,0
DA:374,0
DA:375,0
DA:380,0
DA:381,0
DA:382,0
DA:383,0
DA:384,0
DA:385,0
DA:386,0
DA:387,0
DA:392,0
DA:393,0
DA:394,0
DA:395,0
DA:396,0
DA:397,0
DA:399,0
DA:400,0
DA:401,0
DA:402,0
DA:403,0
DA:404,0
DA:405,0
DA:410,0
DA:411,0
DA:412,0
DA:413,0
DA:414,0
DA:415,0
DA:416,0
DA:417,0
DA:418,0
DA:419,0
DA:420,0
DA:421,0
DA:422,0
DA:423,0
DA:425,0
DA:426,0
DA:427,0
DA:428,0
DA:429,0
DA:430,0
DA:431,0
DA:432,0
DA:433,0
DA:434,0
DA:439,0
DA:440,0
DA:441,0
DA:442,0
DA:443,0
DA:444,0
DA:445,0
DA:446,0
DA:447,0
DA:448,0
DA:449,0
DA:450,0
DA:451,0
DA:452,0
DA:454,0
DA:455,0
DA:456,0
DA:457,0
DA:458,0
DA:459,0
DA:460,0
DA:461,0
DA:462,0
DA:463,0
DA:464,0
DA:469,0
DA:470,0
DA:471,0
DA:472,0
DA:473,0
DA:474,0
DA:475,0
DA:476,0
DA:477,0
DA:478,0
DA:479,0
DA:480,0
DA:481,0
DA:482,0
DA:484,0
DA:485,0
DA:486,0
DA:487,0
DA:488,0
DA:489,0
DA:490,0
DA:491,0
DA:492,0
DA:493,0
DA:498,0
DA:499,0
DA:500,0
DA:501,0
DA:502,0
DA:503,0
DA:504,0
DA:505,0
DA:506,0
DA:507,0
DA:508,0
DA:509,0
DA:511,0
DA:512,0
DA:513,0
DA:514,0
DA:515,0
DA:516,0
DA:517,0
DA:518,0
DA:519,0
DA:520,0
DA:525,0
DA:526,0
DA:528,0
DA:529,0
DA:530,0
DA:531,0
DA:532,0
DA:533,0
DA:535,0
DA:536,0
DA:537,0
DA:539,0
DA:540,0
DA:541,0
DA:542,0
DA:543,0
DA:544,0
DA:545,0
DA:546,0
DA:547,0
DA:548,0
DA:553,0
DA:560,0
DA:562,0
DA:563,0
DA:566,0
DA:567,0
DA:568,0
DA:569,0
DA:570,0
DA:573,0
DA:574,0
DA:575,0
DA:576,0
DA:577,0
DA:580,0
DA:581,0
DA:582,0
DA:583,0
DA:584,0
DA:587,0
DA:588,0
DA:590,0
DA:591,0
DA:592,0
DA:593,0
DA:594,0
DA:595,0
DA:596,0
DA:597,0
DA:599,0
DA:600,0
DA:601,0
DA:604,0
DA:605,0
DA:606,0
DA:607,0
DA:608,0
DA:609,0
DA:610,0
DA:612,0
DA:613,0
DA:614,0
DA:615,0
DA:616,0
DA:617,0
DA:618,0
DA:619,0
DA:620,0
DA:621,0
DA:622,0
DA:623,0
DA:624,0
DA:625,0
DA:626,0
DA:627,0
DA:628,0
DA:629,0
DA:630,0
DA:631,0
DA:632,0
DA:633,0
DA:634,0
DA:635,0
DA:636,0
DA:637,0
DA:638,0
DA:639,0
DA:640,0
DA:641,0
DA:642,0
DA:643,0
DA:644,0
DA:645,0
DA:646,0
DA:651,0
DA:652,0
DA:653,0
DA:654,0
DA:658,0
DA:659,0
DA:661,0
DA:663,0
DA:664,0
DA:665,0
DA:666,0
DA:667,0
DA:668,0
DA:669,0
DA:671,0
DA:672,0
DA:673,0
DA:674,0
DA:679,0
DA:680,0
DA:681,0
DA:682,0
DA:687,0
DA:688,0
DA:689,0
DA:690,0
DA:692,0
DA:694,0
DA:695,0
DA:696,0
DA:697,0
DA:698,0
DA:699,0
DA:701,0
DA:703,0
DA:704,0
DA:705,0
DA:706,0
DA:707,0
DA:709,0
DA:710,0
DA:715,0
DA:716,0
DA:717,0
DA:718,0
DA:721,0
DA:722,0
DA:723,0
DA:724,0
DA:725,0
DA:726,0
DA:731,0
DA:732,0
DA:733,0
DA:738,0
DA:739,0
DA:740,0
DA:745,0
DA:750,0
DA:751,0
DA:752,0
DA:753,0
DA:754,0
DA:755,0
DA:756,0
DA:757,0
DA:762,0
DA:763,0
DA:764,0
DA:765,0
DA:766,0
DA:767,0
DA:768,0
DA:769,0
DA:774,0
DA:775,0
DA:776,0
DA:777,0
DA:779,0
DA:780,0
DA:781,0
DA:782,0
DA:783,0
DA:785,0
LF:498
LH:0
BRDA:1,0,0,0
BRF:1
BRH:0
end_of_record
TN:
SF:src\services\VoiceFlowChatParticipant.ts
FN:1,(empty-report)
FNF:1
FNH:0
FNDA:0,(empty-report)
DA:1,0
DA:30,0
DA:31,0
DA:32,0
DA:34,0
DA:35,0
DA:36,0
DA:37,0
DA:38,0
DA:40,0
DA:41,0
DA:42,0
DA:43,0
DA:44,0
DA:45,0
DA:46,0
DA:47,0
DA:48,0
DA:49,0
DA:50,0
DA:55,0
DA:57,0
DA:58,0
DA:59,0
DA:60,0
DA:63,0
DA:66,0
DA:67,0
DA:68,0
DA:71,0
DA:72,0
DA:73,0
DA:74,0
DA:75,0
DA:77,0
DA:78,0
DA:83,0
DA:84,0
DA:85,0
DA:86,0
DA:87,0
DA:88,0
DA:89,0
DA:90,0
DA:91,0
DA:92,0
DA:94,0
DA:96,0
DA:97,0
DA:98,0
DA:99,0
DA:100,0
DA:101,0
DA:102,0
DA:103,0
DA:104,0
DA:105,0
DA:106,0
DA:108,0
DA:109,0
DA:110,0
DA:111,0
DA:112,0
DA:113,0
DA:114,0
DA:115,0
DA:116,0
DA:117,0
DA:118,0
DA:119,0
DA:120,0
DA:121,0
DA:122,0
DA:123,0
DA:128,0
DA:129,0
DA:130,0
DA:131,0
DA:132,0
DA:133,0
DA:134,0
DA:135,0
DA:137,0
DA:140,0
DA:141,0
DA:142,0
DA:144,0
DA:145,0
DA:147,0
DA:149,0
DA:150,0
DA:152,0
DA:153,0
DA:154,0
DA:155,0
DA:156,0
DA:157,0
DA:158,0
DA:159,0
DA:160,0
DA:161,0
DA:162,0
DA:164,0
DA:165,0
DA:166,0
DA:171,0
DA:172,0
DA:173,0
DA:174,0
DA:175,0
DA:176,0
DA:177,0
DA:178,0
DA:181,0
DA:182,0
DA:183,0
DA:185,0
DA:186,0
DA:187,0
DA:188,0
DA:189,0
DA:191,0
DA:193,0
DA:194,0
DA:195,0
DA:196,0
DA:197,0
DA:199,0
DA:200,0
DA:201,0
DA:206,0
DA:207,0
DA:208,0
DA:209,0
DA:210,0
DA:211,0
DA:212,0
DA:213,0
DA:215,0
DA:216,0
DA:217,0
DA:219,0
DA:220,0
DA:221,0
DA:222,0
DA:223,0
DA:225,0
DA:227,0
DA:228,0
DA:231,0
DA:232,0
DA:233,0
DA:234,0
DA:235,0
DA:236,0
DA:237,0
DA:238,0
DA:240,0
DA:241,0
DA:242,0
DA:247,0
DA:248,0
DA:249,0
DA:250,0
DA:251,0
DA:252,0
DA:253,0
DA:254,0
DA:256,0
DA:257,0
DA:258,0
DA:260,0
DA:261,0
DA:262,0
DA:263,0
DA:264,0
DA:266,0
DA:268,0
DA:269,0
DA:271,0
DA:272,0
DA:273,0
DA:274,0
DA:275,0
DA:276,0
DA:277,0
DA:278,0
DA:280,0
DA:281,0
DA:282,0
DA:287,0
DA:288,0
DA:289,0
DA:290,0
DA:291,0
DA:292,0
DA:293,0
DA:295,0
DA:297,0
DA:299,0
DA:300,0
DA:301,0
DA:303,0
DA:304,0
DA:305,0
DA:306,0
DA:307,0
DA:308,0
DA:309,0
DA:310,0
DA:311,0
DA:313,0
DA:314,0
DA:315,0
DA:320,0
DA:321,0
DA:322,0
DA:323,0
DA:324,0
DA:325,0
DA:326,0
DA:327,0
DA:330,0
DA:331,0
DA:332,0
DA:335,0
DA:336,0
DA:337,0
DA:338,0
DA:339,0
DA:340,0
DA:342,0
DA:343,0
DA:344,0
DA:345,0
DA:346,0
DA:347,0
DA:348,0
DA:349,0
DA:350,0
DA:351,0
DA:353,0
DA:355,0
DA:356,0
DA:359,0
DA:360,0
DA:361,0
DA:362,0
DA:363,0
DA:364,0
DA:365,0
DA:366,0
DA:367,0
DA:368,0
DA:369,0
DA:370,0
DA:371,0
DA:372,0
DA:373,0
DA:374,0
DA:375,0
DA:377,0
DA:378,0
DA:379,0
DA:384,0
DA:385,0
DA:386,0
DA:387,0
DA:388,0
DA:389,0
DA:391,0
DA:392,0
DA:393,0
DA:394,0
DA:395,0
DA:396,0
DA:397,0
DA:398,0
DA:399,0
DA:400,0
DA:401,0
DA:402,0
DA:403,0
DA:404,0
DA:405,0
DA:406,0
DA:407,0
DA:408,0
DA:409,0
DA:410,0
DA:411,0
DA:412,0
DA:413,0
DA:414,0
DA:415,0
DA:416,0
DA:417,0
DA:418,0
DA:419,0
DA:420,0
DA:421,0
DA:422,0
DA:423,0
DA:425,0
DA:426,0
DA:427,0
DA:428,0
DA:429,0
DA:430,0
DA:431,0
DA:432,0
DA:433,0
DA:435,0
DA:436,0
DA:441,0
DA:442,0
DA:443,0
DA:444,0
DA:445,0
DA:447,0
LF:320
LH:0
BRDA:1,0,0,0
BRF:1
BRH:0
end_of_record
TN:
SF:src\services\VoiceRecognitionService.INTEGRATION_EXAMPLE.ts
FN:1,(empty-report)
FNF:1
FNH:0
FNDA:0,(empty-report)
DA:1,0
DA:13,0
DA:14,0
DA:15,0
DA:16,0
DA:17,0
DA:18,0
DA:19,0
DA:20,0
DA:22,0
DA:23,0
DA:24,0
DA:25,0
DA:26,0
DA:29,0
DA:32,0
DA:33,0
DA:38,0
DA:39,0
DA:40,0
DA:41,0
DA:42,0
DA:43,0
DA:44,0
DA:45,0
DA:46,0
DA:48,0
DA:49,0
DA:54,0
DA:55,0
DA:56,0
DA:57,0
DA:59,0
DA:61,0
DA:62,0
DA:63,0
DA:64,0
DA:65,0
DA:67,0
DA:68,0
DA:69,0
DA:70,0
DA:71,0
DA:72,0
DA:73,0
DA:81,0
DA:82,0
DA:84,0
DA:85,0
DA:86,0
DA:87,0
DA:88,0
DA:89,0
DA:90,0
DA:92,0
DA:93,0
DA:94,0
DA:95,0
DA:96,0
DA:97,0
DA:98,0
DA:99,0
DA:100,0
DA:102,0
DA:103,0
DA:104,0
DA:106,0
DA:109,0
DA:110,0
DA:111,0
DA:112,0
DA:113,0
DA:116,0
DA:117,0
DA:118,0
DA:119,0
DA:121,0
DA:122,0
DA:123,0
DA:128,0
DA:129,0
DA:130,0
DA:135,0
DA:136,0
DA:137,0
DA:138,0
DA:140,0
DA:141,0
DA:142,0
DA:144,0
DA:145,0
DA:149,0
DA:154,0
DA:155,0
DA:156,0
DA:157,0
DA:159,0
DA:160,0
DA:164,0
DA:169,0
DA:170,0
DA:173,0
DA:177,0
DA:178,0
LF:104
LH:0
BRDA:1,0,0,0
BRF:1
BRH:0
end_of_record
TN:
SF:src\services\VoiceRecognitionService.ts
FN:1,(empty-report)
FNF:1
FNH:0
FNDA:0,(empty-report)
DA:1,0
DA:24,0
DA:25,0
DA:26,0
DA:27,0
DA:29,0
DA:30,0
DA:31,0
DA:32,0
DA:37,0
DA:38,0
DA:39,0
DA:40,0
DA:41,0
DA:43,0
DA:44,0
DA:46,0
DA:47,0
DA:52,0
DA:53,0
DA:54,0
DA:55,0
DA:57,0
DA:58,0
DA:60,0
DA:61,0
DA:66,0
DA:67,0
DA:68,0
DA:69,0
DA:70,0
DA:71,0
DA:72,0
DA:77,0
DA:78,0
DA:79,0
DA:84,0
DA:85,0
DA:88,0
DA:90,0
DA:91,0
DA:92,0
DA:93,0
DA:94,0
DA:95,0
DA:96,0
DA:101,0
DA:102,0
DA:103,0
DA:104,0
DA:105,0
LF:51
LH:0
BRDA:1,0,0,0
BRF:1
BRH:0
end_of_record
TN:
SF:src\services\VoiceTrainingService.ts
FN:1,(empty-report)
FNF:1
FNH:0
FNDA:0,(empty-report)
DA:1,0
DA:15,0
DA:16,0
DA:21,0
DA:22,0
DA:23,0
DA:24,0
DA:25,0
DA:26,0
DA:27,0
DA:29,0
DA:30,0
DA:31,0
DA:33,0
DA:34,0
DA:39,0
DA:40,0
DA:41,0
DA:42,0
DA:44,0
DA:45,0
DA:46,0
DA:51,0
DA:52,0
DA:53,0
DA:54,0
DA:56,0
DA:58,0
DA:59,0
DA:60,0
DA:62,0
DA:63,0
DA:68,0
DA:69,0
DA:70,0
DA:71,0
DA:72,0
DA:73,0
DA:78,0
DA:79,0
DA:80,0
DA:81,0
LF:42
LH:0
BRDA:1,0,0,0
BRF:1
BRH:0
end_of_record
TN:
SF:src\services\WhisperModelManager.ts
FN:27,<static_initializer>
FN:28,<instance_members_initializer>
FN:36,WhisperModelManager
FN:41,getInstance
FN:51,initializeDB
FN:59,request.onerror
FN:64,request.onsuccess
FN:70,request.onupgradeneeded
FN:86,isCached
FN:96,request.onsuccess
FN:100,request.onerror
FN:114,getCachedModel
FN:124,request.onsuccess
FN:134,request.onerror
FN:148,cacheModel
FN:166,request.onsuccess
FN:171,request.onerror
FN:184,loadModel
FN:218,_loadModelInternal
FN:268,progress_callback
FN:299,preloadModel
FN:312,clearCache
FN:322,request.onsuccess
FN:327,request.onerror
FN:340,getCacheInfo
FN:350,request.onsuccess
FN:355,request.onerror
FN:369,unloadModel
FN:380,dispose
FNF:29
FNH:22
FNDA:1,<static_initializer>
FNDA:13,<instance_members_initializer>
FNDA:13,WhisperModelManager
FNDA:18,getInstance
FNDA:16,initializeDB
FNDA:0,request.onerror
FNDA:7,request.onsuccess
FNDA:0,request.onupgradeneeded
FNDA:6,isCached
FNDA:6,request.onsuccess
FNDA:0,request.onerror
FNDA:1,getCachedModel
FNDA:1,request.onsuccess
FNDA:0,request.onerror
FNDA:6,cacheModel
FNDA:6,request.onsuccess
FNDA:0,request.onerror
FNDA:6,loadModel
FNDA:6,_loadModelInternal
FNDA:2,progress_callback
FNDA:2,preloadModel
FNDA:1,clearCache
FNDA:1,request.onsuccess
FNDA:0,request.onerror
FNDA:2,getCacheInfo
FNDA:2,request.onsuccess
FNDA:0,request.onerror
FNDA:16,unloadModel
FNDA:15,dispose
DA:8,1
DA:9,1
DA:10,1
DA:11,1
DA:12,1
DA:13,1
DA:26,1
DA:27,1
DA:28,1
DA:29,13
DA:30,13
DA:31,13
DA:32,13
DA:33,13
DA:34,13
DA:36,1
DA:41,1
DA:42,18
DA:43,13
DA:44,13
DA:45,18
DA:46,18
DA:51,1
DA:52,16
DA:53,9
DA:54,9
DA:56,7
DA:57,7
DA:59,7
DA:60,0
DA:61,0
DA:62,0
DA:64,7
DA:65,7
DA:66,7
DA:67,7
DA:68,7
DA:70,7
DA:71,0
DA:74,0
DA:75,0
DA:76,0
DA:77,0
DA:78,0
DA:79,0
DA:80,7
DA:81,16
DA:86,1
DA:87,6
DA:88,6
DA:89,6
DA:91,6
DA:92,6
DA:93,6
DA:94,6
DA:96,6
DA:97,6
DA:98,6
DA:100,6
DA:101,0
DA:102,0
DA:103,0
DA:104,6
DA:105,6
DA:106,0
DA:107,0
DA:108,0
DA:109,6
DA:114,1
DA:115,1
DA:116,1
DA:117,1
DA:119,1
DA:120,1
DA:121,1
DA:122,1
DA:124,1
DA:125,1
DA:126,1
DA:127,1
DA:128,1
DA:129,1
DA:130,0
DA:131,0
DA:132,1
DA:134,1
DA:135,0
DA:136,0
DA:137,0
DA:138,1
DA:139,1
DA:140,0
DA:141,0
DA:142,0
DA:143,1
DA:148,1
DA:149,6
DA:150,6
DA:151,6
DA:153,6
DA:154,6
DA:155,6
DA:157,6
DA:158,6
DA:159,6
DA:160,6
DA:161,6
DA:162,6
DA:164,6
DA:166,6
DA:167,6
DA:168,6
DA:169,6
DA:171,6
DA:172,0
DA:173,0
DA:174,0
DA:175,6
DA:176,6
DA:177,0
DA:178,0
DA:179,6
DA:184,1
DA:185,6
DA:186,6
DA:187,6
DA:189,6
DA:190,0
DA:191,0
DA:192,0
DA:195,6
DA:196,0
DA:197,0
DA:198,0
DA:201,6
DA:202,6
DA:204,6
DA:206,6
DA:207,6
DA:208,6
DA:209,6
DA:210,6
DA:211,6
DA:212,6
DA:213,6
DA:218,1
DA:219,6
DA:220,6
DA:221,6
DA:222,6
DA:223,6
DA:226,6
DA:227,6
DA:229,6
DA:230,1
DA:231,1
DA:233,1
DA:234,0
DA:235,0
DA:236,0
DA:237,1
DA:240,6
DA:242,6
DA:244,6
DA:247,6
DA:248,6
DA:249,6
DA:252,6
DA:255,6
DA:256,6
DA:257,6
DA:258,6
DA:259,6
DA:260,6
DA:262,6
DA:265,6
DA:266,6
DA:267,6
DA:268,6
DA:269,2
DA:271,2
DA:272,2
DA:273,2
DA:274,2
DA:275,2
DA:276,2
DA:277,2
DA:278,2
DA:279,2
DA:280,2
DA:281,6
DA:284,6
DA:285,6
DA:287,6
DA:288,6
DA:290,6
DA:291,0
DA:292,0
DA:293,0
DA:294,6
DA:299,1
DA:300,2
DA:301,2
DA:302,2
DA:303,2
DA:304,2
DA:305,0
DA:306,0
DA:307,2
DA:312,1
DA:313,1
DA:314,1
DA:315,1
DA:317,1
DA:318,1
DA:319,1
DA:320,1
DA:322,1
DA:323,1
DA:324,1
DA:325,1
DA:327,1
DA:328,0
DA:329,0
DA:330,0
DA:331,1
DA:332,1
DA:333,0
DA:334,0
DA:335,1
DA:340,1
DA:341,2
DA:342,2
DA:343,2
DA:345,2
DA:346,2
DA:347,2
DA:348,2
DA:350,2
DA:351,2
DA:352,2
DA:353,2
DA:355,2
DA:356,0
DA:357,0
DA:358,0
DA:359,2
DA:360,2
DA:361,0
DA:362,0
DA:363,0
DA:364,2
DA:369,1
DA:370,16
DA:371,2
DA:372,2
DA:373,2
DA:374,2
DA:375,16
DA:380,1
DA:381,15
DA:382,15
DA:383,6
DA:384,6
DA:385,6
DA:386,15
DA:387,1
LF:267
LH:213
BRDA:27,0,0,1
BRDA:28,1,0,13
BRDA:36,2,0,13
BRDA:41,3,0,18
BRDA:42,4,0,13
BRDA:51,5,0,16
BRDA:52,6,0,9
BRDA:54,7,0,7
BRDA:56,8,0,7
BRDA:64,9,0,7
BRDA:86,10,0,6
BRDA:89,11,0,0
BRDA:105,12,0,0
BRDA:91,13,0,6
BRDA:96,14,0,6
BRDA:114,15,0,1
BRDA:117,16,0,0
BRDA:139,17,0,0
BRDA:119,18,0,1
BRDA:124,19,0,1
BRDA:129,20,0,0
BRDA:148,21,0,6
BRDA:151,22,0,0
BRDA:176,23,0,0
BRDA:153,24,0,6
BRDA:166,25,0,6
BRDA:184,26,0,6
BRDA:189,27,0,0
BRDA:189,28,0,0
BRDA:195,29,0,0
BRDA:195,30,0,0
BRDA:195,31,0,0
BRDA:218,32,0,6
BRDA:223,33,0,0
BRDA:226,34,0,2
BRDA:229,35,0,1
BRDA:230,36,0,0
BRDA:233,37,0,0
BRDA:240,38,0,2
BRDA:262,39,0,0
BRDA:284,40,0,2
BRDA:287,41,0,2
BRDA:290,42,0,0
BRDA:268,43,0,2
BRDA:299,44,0,2
BRDA:304,45,0,0
BRDA:312,46,0,1
BRDA:315,47,0,0
BRDA:332,48,0,0
BRDA:317,49,0,1
BRDA:322,50,0,1
BRDA:340,51,0,2
BRDA:343,52,0,0
BRDA:360,53,0,0
BRDA:345,54,0,2
BRDA:350,55,0,2
BRDA:369,56,0,16
BRDA:370,57,0,2
BRDA:380,58,0,15
BRDA:382,59,0,6
BRF:60
BRH:38
end_of_record
TN:
SF:src\services\index.ts
FN:1,(empty-report)
FNF:1
FNH:0
FNDA:0,(empty-report)
DA:1,0
LF:1
LH:0
BRDA:1,0,0,0
BRF:1
BRH:0
end_of_record
TN:
SF:src\test\__mocks__\vscode.ts
FN:1,(empty-report)
FNF:1
FNH:0
FNDA:0,(empty-report)
DA:1,0
DA:12,0
DA:13,0
DA:15,0
DA:16,0
DA:17,0
DA:18,0
DA:20,0
DA:21,0
DA:22,0
DA:24,0
DA:25,0
DA:26,0
DA:27,0
DA:30,0
DA:31,0
DA:32,0
DA:33,0
DA:35,0
DA:37,0
DA:38,0
DA:39,0
DA:40,0
DA:43,0
DA:44,0
DA:45,0
DA:46,0
DA:48,0
DA:49,0
DA:50,0
DA:52,0
DA:53,0
DA:54,0
DA:56,0
DA:57,0
DA:58,0
DA:59,0
DA:60,0
DA:61,0
DA:62,0
DA:64,0
DA:65,0
DA:66,0
DA:68,0
DA:69,0
DA:70,0
DA:72,0
DA:73,0
DA:74,0
DA:75,0
DA:76,0
DA:77,0
DA:78,0
DA:79,0
DA:80,0
DA:81,0
DA:84,0
DA:85,0
DA:86,0
DA:87,0
DA:88,0
DA:89,0
DA:92,0
DA:93,0
DA:94,0
DA:95,0
DA:96,0
DA:97,0
DA:100,0
DA:101,0
DA:102,0
DA:103,0
DA:104,0
DA:105,0
DA:106,0
DA:107,0
DA:110,0
DA:111,0
DA:112,0
DA:113,0
DA:115,0
DA:116,0
DA:117,0
DA:119,0
DA:120,0
DA:121,0
DA:123,0
DA:124,0
DA:125,0
DA:126,0
DA:127,0
DA:130,0
DA:131,0
DA:133,0
DA:134,0
DA:135,0
DA:136,0
DA:137,0
DA:138,0
DA:139,0
DA:141,0
DA:142,0
DA:143,0
DA:145,0
DA:146,0
DA:147,0
DA:148,0
DA:151,0
DA:152,0
DA:153,0
DA:154,0
DA:155,0
DA:156,0
DA:160,0
DA:161,0
DA:162,0
DA:166,0
DA:167,0
DA:168,0
DA:169,0
DA:170,0
DA:174,0
DA:175,0
DA:176,0
DA:177,0
DA:181,0
DA:182,0
DA:183,0
DA:184,0
DA:185,0
DA:186,0
DA:187,0
DA:188,0
DA:189,0
DA:190,0
DA:191,0
DA:192,0
DA:193,0
DA:194,0
DA:195,0
DA:196,0
DA:197,0
DA:198,0
DA:199,0
DA:200,0
DA:201,0
DA:202,0
DA:203,0
DA:204,0
DA:205,0
DA:206,0
DA:207,0
DA:208,0
DA:209,0
DA:210,0
DA:211,0
DA:212,0
DA:213,0
DA:214,0
DA:215,0
DA:216,0
DA:217,0
DA:218,0
DA:219,0
DA:220,0
DA:221,0
DA:222,0
DA:223,0
DA:224,0
DA:225,0
DA:228,0
DA:229,0
DA:230,0
DA:231,0
DA:232,0
DA:233,0
DA:234,0
DA:235,0
DA:236,0
DA:237,0
DA:238,0
DA:239,0
DA:240,0
DA:241,0
DA:242,0
DA:243,0
DA:244,0
DA:245,0
DA:246,0
DA:247,0
DA:248,0
DA:249,0
DA:250,0
DA:251,0
DA:252,0
DA:253,0
DA:256,0
DA:257,0
DA:258,0
DA:259,0
DA:260,0
DA:263,0
DA:264,0
DA:265,0
DA:266,0
DA:267,0
DA:268,0
DA:269,0
DA:270,0
DA:271,0
DA:272,0
DA:273,0
DA:276,0
DA:277,0
DA:278,0
DA:279,0
DA:280,0
DA:283,0
DA:284,0
DA:285,0
DA:286,0
DA:287,0
DA:288,0
DA:289,0
DA:290,0
DA:291,0
DA:292,0
DA:293,0
DA:294,0
DA:295,0
DA:322,0
DA:323,0
DA:324,0
DA:325,0
DA:326,0
DA:328,0
DA:329,0
DA:330,0
DA:332,0
DA:333,0
DA:336,0
DA:337,0
DA:338,0
DA:339,0
DA:343,0
DA:344,0
DA:345,0
DA:348,0
DA:349,0
DA:350,0
DA:351,0
DA:352,0
DA:353,0
DA:354,0
DA:355,0
DA:356,0
DA:357,0
DA:358,0
DA:359,0
DA:360,0
DA:361,0
DA:362,0
DA:363,0
DA:364,0
DA:365,0
DA:366,0
DA:367,0
DA:368,0
DA:369,0
DA:370,0
LF:270
LH:0
BRDA:1,0,0,0
BRF:1
BRH:0
end_of_record
TN:
SF:src\utils\ServiceLoader.ts
FN:1,(empty-report)
FNF:1
FNH:1
FNDA:1,(empty-report)
DA:13,0
DA:14,0
DA:15,0
DA:23,0
DA:24,0
DA:25,0
DA:26,0
DA:28,0
DA:29,0
DA:30,0
DA:33,0
DA:34,0
DA:35,0
DA:38,0
DA:39,0
DA:41,0
DA:42,0
DA:43,0
DA:44,0
DA:45,0
DA:46,0
DA:47,0
DA:48,0
DA:49,0
DA:50,0
DA:55,0
DA:56,0
DA:57,0
DA:62,0
DA:63,0
DA:64,0
DA:65,0
DA:70,0
DA:71,0
DA:72,0
DA:73,0
DA:74,0
DA:82,0
DA:83,0
DA:84,0
DA:85,0
DA:86,0
DA:87,0
DA:88,0
DA:89,0
DA:92,0
DA:94,0
DA:95,0
DA:96,0
DA:97,0
DA:98,0
DA:100,0
DA:101,0
DA:102,0
DA:103,0
DA:108,0
DA:109,0
DA:110,0
DA:111,0
DA:128,0
DA:129,0
DA:130,0
DA:135,0
DA:136,0
DA:137,0
DA:142,0
DA:143,0
DA:144,0
DA:145,0
DA:149,0
DA:150,0
DA:151,0
DA:152,0
DA:153,0
DA:154,0
DA:155,0
DA:158,0
DA:161,0
DA:162,0
DA:163,0
DA:164,0
DA:165,0
DA:167,0
DA:169,0
DA:170,0
DA:171,0
DA:174,0
DA:175,0
DA:176,0
DA:177,0
DA:178,0
DA:179,0
DA:181,0
DA:182,0
DA:183,0
DA:186,0
DA:187,0
DA:188,0
DA:190,0
DA:191,0
DA:192,0
DA:195,0
DA:196,0
DA:197,0
DA:198,0
DA:199,0
DA:200,0
DA:201,0
DA:203,0
DA:204,0
DA:205,0
DA:211,0
DA:212,0
DA:213,0
DA:215,0
DA:218,0
DA:219,0
DA:220,0
DA:221,0
DA:222,0
DA:223,0
DA:224,0
DA:225,0
DA:230,0
DA:235,0
DA:236,0
DA:237,0
DA:239,0
DA:240,0
DA:241,0
DA:242,0
DA:243,0
DA:245,0
DA:246,0
DA:247,0
DA:249,0
DA:250,0
DA:251,0
DA:252,0
DA:253,0
DA:254,0
DA:255,0
DA:260,0
DA:261,0
DA:262,0
DA:263,0
DA:264,0
DA:265,0
DA:267,0
DA:268,0
DA:269,0
DA:274,0
DA:280,0
DA:281,0
DA:282,0
DA:284,0
DA:285,0
DA:286,0
DA:288,0
DA:289,0
DA:290,0
DA:291,0
DA:292,0
LF:163
LH:0
BRDA:1,0,0,1
BRF:1
BRH:1
end_of_record
TN:
SF:src\utils\errorHandler.ts
FN:1,(empty-report)
FNF:1
FNH:1
FNDA:1,(empty-report)
DA:21,0
DA:23,0
DA:24,0
DA:25,0
DA:26,0
DA:27,0
DA:28,0
DA:29,0
DA:30,0
DA:32,0
DA:33,0
DA:34,0
DA:35,0
DA:36,0
DA:37,0
DA:38,0
DA:39,0
DA:41,0
DA:42,0
DA:43,0
DA:44,0
DA:45,0
DA:46,0
DA:47,0
DA:48,0
DA:51,0
DA:52,0
DA:53,0
DA:54,0
DA:55,0
DA:56,0
DA:57,0
DA:58,0
DA:60,0
DA:61,0
DA:62,0
DA:63,0
DA:64,0
DA:65,0
DA:66,0
DA:67,0
DA:69,0
DA:70,0
DA:71,0
DA:72,0
DA:73,0
DA:74,0
DA:75,0
DA:76,0
DA:79,0
DA:80,0
DA:81,0
DA:82,0
DA:83,0
DA:84,0
DA:85,0
DA:86,0
DA:88,0
DA:89,0
DA:90,0
DA:91,0
DA:92,0
DA:93,0
DA:94,0
DA:95,0
DA:97,0
DA:98,0
DA:99,0
DA:100,0
DA:101,0
DA:102,0
DA:103,0
DA:104,0
DA:107,0
DA:108,0
DA:109,0
DA:110,0
DA:111,0
DA:112,0
DA:113,0
DA:114,0
DA:116,0
DA:117,0
DA:118,0
DA:119,0
DA:120,0
DA:121,0
DA:122,0
DA:123,0
DA:125,0
DA:126,0
DA:127,0
DA:128,0
DA:129,0
DA:130,0
DA:131,0
DA:132,0
DA:134,0
DA:135,0
DA:136,0
DA:137,0
DA:138,0
DA:139,0
DA:140,0
DA:141,0
DA:144,0
DA:145,0
DA:146,0
DA:147,0
DA:148,0
DA:149,0
DA:150,0
DA:151,0
DA:153,0
DA:154,0
DA:155,0
DA:156,0
DA:157,0
DA:158,0
DA:159,0
DA:160,0
DA:162,0
DA:163,0
DA:164,0
DA:165,0
DA:166,0
DA:167,0
DA:168,0
DA:169,0
DA:172,0
DA:173,0
DA:174,0
DA:175,0
DA:176,0
DA:177,0
DA:178,0
DA:179,0
DA:181,0
DA:182,0
DA:183,0
DA:184,0
DA:185,0
DA:186,0
DA:187,0
DA:188,0
DA:191,0
DA:192,0
DA:193,0
DA:194,0
DA:195,0
DA:196,0
DA:197,0
DA:198,0
DA:200,0
DA:201,0
DA:202,0
DA:203,0
DA:204,0
DA:205,0
DA:206,0
DA:207,0
DA:209,0
DA:210,0
DA:211,0
DA:212,0
DA:213,0
DA:214,0
DA:215,0
DA:216,0
DA:218,0
DA:219,0
DA:220,0
DA:221,0
DA:222,0
DA:223,0
DA:224,0
DA:225,0
DA:228,0
DA:229,0
DA:230,0
DA:231,0
DA:232,0
DA:233,0
DA:234,0
DA:235,0
DA:237,0
DA:238,0
DA:239,0
DA:240,0
DA:241,0
DA:242,0
DA:243,0
DA:244,0
DA:247,0
DA:248,0
DA:249,0
DA:250,0
DA:251,0
DA:252,0
DA:253,0
DA:254,0
DA:256,0
DA:257,0
DA:258,0
DA:259,0
DA:260,0
DA:261,0
DA:262,0
DA:263,0
DA:266,0
DA:267,0
DA:268,0
DA:269,0
DA:270,0
DA:271,0
DA:272,0
DA:273,0
DA:275,0
DA:276,0
DA:277,0
DA:278,0
DA:279,0
DA:280,0
DA:281,0
DA:282,0
DA:283,0
DA:288,0
DA:290,0
DA:291,0
DA:292,0
DA:295,0
DA:296,0
DA:297,0
DA:298,0
DA:299,0
DA:302,0
DA:304,0
DA:305,0
DA:306,0
DA:307,0
DA:308,0
DA:309,0
DA:310,0
DA:311,0
DA:312,0
DA:313,0
DA:314,0
DA:315,0
DA:316,0
DA:317,0
DA:318,0
DA:319,0
DA:320,0
DA:321,0
DA:324,0
DA:325,0
DA:326,0
DA:327,0
DA:328,0
DA:331,0
DA:332,0
DA:337,0
DA:338,0
DA:339,0
DA:340,0
DA:341,0
DA:342,0
DA:343,0
DA:345,0
DA:350,0
DA:351,0
DA:353,0
DA:354,0
DA:355,0
DA:357,0
DA:358,0
DA:363,0
DA:364,0
DA:365,0
DA:367,0
DA:368,0
DA:369,0
DA:370,0
DA:371,0
DA:372,0
DA:373,0
DA:374,0
DA:375,0
DA:376,0
DA:377,0
DA:378,0
DA:383,0
DA:384,0
DA:385,0
DA:386,0
DA:388,0
DA:389,0
DA:390,0
DA:392,0
DA:393,0
DA:394,0
DA:395,0
DA:396,0
DA:397,0
DA:400,0
DA:401,0
DA:406,0
DA:407,0
DA:408,0
DA:409,0
DA:410,0
DA:411,0
DA:412,0
DA:413,0
DA:414,0
DA:415,0
DA:416,0
DA:417,0
DA:418,0
DA:419,0
DA:420,0
LF:321
LH:0
BRDA:1,0,0,1
BRF:1
BRH:1
end_of_record
